<?xml version="1.0" encoding="utf-8" ?>
<!DOCTYPE html PUBLIC "-//W3C//DTD XHTML 1.0 Strict//EN"
        "http://www.w3.org/TR/xhtml1/DTD/xhtml1-strict.dtd">
<html xmlns="http://www.w3.org/1999/xhtml" xml:lang="" lang="">
<head>
  <title>Test Results Report - Normal Test</title>
  <meta http-equiv="Content-Type" content="text/html;charset=utf-8" />
  <meta name="description" content="TestNG unit test results." />
  <link href="reportng.css" rel="stylesheet" type="text/css" />
    <script type="text/javascript" src="reportng.js"></script>
</head>
<body>
<h1>Normal Test</h1>
<p>
  Test duration: 437.284s
</p>



  <table class="resultsTable">
    <tr><th colspan="3" class="header failed">Failed Tests</th></tr>
          <tr>
        <td colspan="3" class="group">com.ps.Test.Surveys</td>
      </tr>
            
<tr>
  <td class="method">
                  VerifyDashboardAAQ
      </td>
  <td class="duration">
    0.134s
  </td>
  <td class="result">
        
    
            <div class="testOutput">
                        Starting test is VerifyDashboardAAQ
                                Click to see Screenshot
                                <a target="_blank" href=Wed_May_05_11_02_39_IST_2021.jpg>Screenshot</a>
                                <br>
                                <br>
                                <a target="_blank" href=Wed_May_05_11_02_39_IST_2021.jpg><img src=Wed_May_05_11_02_39_IST_2021.jpg height=200 width=200></img></a>
                                Test failed VerifyDashboardAAQ
                  </div>
    

        <a href="javascript:toggleElement('exception-0', 'block')" title="Click to expand/collapse"><b>java.lang.AssertionError: expected [0 | 30] but found [0 | 60]</b></a><br />
    <div class="stackTrace" id="exception-0">
              org.testng.Assert.fail(Assert.java:93)<br />
              org.testng.Assert.failNotEquals(Assert.java:512)<br />
              org.testng.Assert.assertEqualsImpl(Assert.java:134)<br />
              org.testng.Assert.assertEquals(Assert.java:115)<br />
              org.testng.Assert.assertEquals(Assert.java:189)<br />
              org.testng.Assert.assertEquals(Assert.java:199)<br />
              com.ps.Test.Surveys.VerifyDashboardAAQ(Surveys.java:262)<br />
              java.base/jdk.internal.reflect.NativeMethodAccessorImpl.invoke0(Native Method)<br />
              java.base/jdk.internal.reflect.NativeMethodAccessorImpl.invoke(NativeMethodAccessorImpl.java:78)<br />
              java.base/jdk.internal.reflect.DelegatingMethodAccessorImpl.invoke(DelegatingMethodAccessorImpl.java:43)<br />
              java.base/java.lang.reflect.Method.invoke(Method.java:567)<br />
              org.testng.internal.MethodInvocationHelper.invokeMethod(MethodInvocationHelper.java:108)<br />
              org.testng.internal.Invoker.invokeMethod(Invoker.java:661)<br />
              org.testng.internal.Invoker.retryFailed(Invoker.java:1014)<br />
              org.testng.internal.Invoker.invokeTestMethods(Invoker.java:1215)<br />
              org.testng.internal.TestMethodWorker.invokeTestMethods(TestMethodWorker.java:126)<br />
              org.testng.internal.TestMethodWorker.run(TestMethodWorker.java:109)<br />
              org.testng.TestRunner.privateRun(TestRunner.java:744)<br />
              org.testng.TestRunner.run(TestRunner.java:602)<br />
              org.testng.SuiteRunner.runTest(SuiteRunner.java:380)<br />
              org.testng.SuiteRunner.runSequentially(SuiteRunner.java:375)<br />
              org.testng.SuiteRunner.privateRun(SuiteRunner.java:340)<br />
              org.testng.SuiteRunner.run(SuiteRunner.java:289)<br />
              org.testng.SuiteRunnerWorker.runSuite(SuiteRunnerWorker.java:52)<br />
              org.testng.SuiteRunnerWorker.run(SuiteRunnerWorker.java:86)<br />
              org.testng.TestNG.runSuitesSequentially(TestNG.java:1301)<br />
              org.testng.TestNG.runSuitesLocally(TestNG.java:1226)<br />
              org.testng.TestNG.runSuites(TestNG.java:1144)<br />
              org.testng.TestNG.run(TestNG.java:1115)<br />
              org.apache.maven.surefire.testng.TestNGExecutor.run(TestNGExecutor.java:295)<br />
              org.apache.maven.surefire.testng.TestNGXmlTestSuite.execute(TestNGXmlTestSuite.java:84)<br />
              org.apache.maven.surefire.testng.TestNGProvider.invoke(TestNGProvider.java:90)<br />
              org.apache.maven.surefire.booter.ForkedBooter.invokeProviderInSameClassLoader(ForkedBooter.java:203)<br />
              org.apache.maven.surefire.booter.ForkedBooter.runSuitesInProcess(ForkedBooter.java:155)<br />
              org.apache.maven.surefire.booter.ForkedBooter.main(ForkedBooter.java:103)<br />
                </div>
      </td>
</tr>
<tr>
  <td class="method">
                  afterComplete
      </td>
  <td class="duration">
    14.958s
  </td>
  <td class="result">
        
    
            <div class="testOutput">
                        Starting test is afterComplete
                                Entered Into Login Page
                                Buyer Login Successfully
                                Buyer Login Successful
                                Buyer login Successful
                                Buyer Login Successful
                                Search Working Fine
                                Search Successful
                                Click to see Screenshot
                                <a target="_blank" href=Wed_May_05_11_08_28_IST_2021.jpg>Screenshot</a>
                                <br>
                                <br>
                                <a target="_blank" href=Wed_May_05_11_08_28_IST_2021.jpg><img src=Wed_May_05_11_08_28_IST_2021.jpg height=200 width=200></img></a>
                                Test failed afterComplete
                  </div>
    

        <a href="javascript:toggleElement('exception-1', 'block')" title="Click to expand/collapse"><b>java.lang.AssertionError: expected [0 | 30] but found [0 | 60]</b></a><br />
    <div class="stackTrace" id="exception-1">
              org.testng.Assert.fail(Assert.java:93)<br />
              org.testng.Assert.failNotEquals(Assert.java:512)<br />
              org.testng.Assert.assertEqualsImpl(Assert.java:134)<br />
              org.testng.Assert.assertEquals(Assert.java:115)<br />
              org.testng.Assert.assertEquals(Assert.java:189)<br />
              org.testng.Assert.assertEquals(Assert.java:199)<br />
              com.ps.Test.Surveys.afterComplete(Surveys.java:404)<br />
              java.base/jdk.internal.reflect.NativeMethodAccessorImpl.invoke0(Native Method)<br />
              java.base/jdk.internal.reflect.NativeMethodAccessorImpl.invoke(NativeMethodAccessorImpl.java:78)<br />
              java.base/jdk.internal.reflect.DelegatingMethodAccessorImpl.invoke(DelegatingMethodAccessorImpl.java:43)<br />
              java.base/java.lang.reflect.Method.invoke(Method.java:567)<br />
              org.testng.internal.MethodInvocationHelper.invokeMethod(MethodInvocationHelper.java:108)<br />
              org.testng.internal.Invoker.invokeMethod(Invoker.java:661)<br />
              org.testng.internal.Invoker.retryFailed(Invoker.java:1014)<br />
              org.testng.internal.Invoker.invokeTestMethods(Invoker.java:1215)<br />
              org.testng.internal.TestMethodWorker.invokeTestMethods(TestMethodWorker.java:126)<br />
              org.testng.internal.TestMethodWorker.run(TestMethodWorker.java:109)<br />
              org.testng.TestRunner.privateRun(TestRunner.java:744)<br />
              org.testng.TestRunner.run(TestRunner.java:602)<br />
              org.testng.SuiteRunner.runTest(SuiteRunner.java:380)<br />
              org.testng.SuiteRunner.runSequentially(SuiteRunner.java:375)<br />
              org.testng.SuiteRunner.privateRun(SuiteRunner.java:340)<br />
              org.testng.SuiteRunner.run(SuiteRunner.java:289)<br />
              org.testng.SuiteRunnerWorker.runSuite(SuiteRunnerWorker.java:52)<br />
              org.testng.SuiteRunnerWorker.run(SuiteRunnerWorker.java:86)<br />
              org.testng.TestNG.runSuitesSequentially(TestNG.java:1301)<br />
              org.testng.TestNG.runSuitesLocally(TestNG.java:1226)<br />
              org.testng.TestNG.runSuites(TestNG.java:1144)<br />
              org.testng.TestNG.run(TestNG.java:1115)<br />
              org.apache.maven.surefire.testng.TestNGExecutor.run(TestNGExecutor.java:295)<br />
              org.apache.maven.surefire.testng.TestNGXmlTestSuite.execute(TestNGXmlTestSuite.java:84)<br />
              org.apache.maven.surefire.testng.TestNGProvider.invoke(TestNGProvider.java:90)<br />
              org.apache.maven.surefire.booter.ForkedBooter.invokeProviderInSameClassLoader(ForkedBooter.java:203)<br />
              org.apache.maven.surefire.booter.ForkedBooter.runSuitesInProcess(ForkedBooter.java:155)<br />
              org.apache.maven.surefire.booter.ForkedBooter.main(ForkedBooter.java:103)<br />
                </div>
      </td>
</tr>
<tr>
  <td class="method">
                  priceoverride
      </td>
  <td class="duration">
    10.051s
  </td>
  <td class="result">
        
    
            <div class="testOutput">
                        Starting test is priceoverride
                                Click to see Screenshot
                                <a target="_blank" href=Wed_May_05_11_09_09_IST_2021.jpg>Screenshot</a>
                                <br>
                                <br>
                                <a target="_blank" href=Wed_May_05_11_09_09_IST_2021.jpg><img src=Wed_May_05_11_09_09_IST_2021.jpg height=200 width=200></img></a>
                                Test failed priceoverride
                  </div>
    

        <a href="javascript:toggleElement('exception-2', 'block')" title="Click to expand/collapse"><b>org.openqa.selenium.NoSuchElementException: no such element: Unable to locate element: {&quot;method&quot;:&quot;xpath&quot;,&quot;selector&quot;:&quot;(//footer//div//ul//li)[3]&quot;}<br/>
&nbsp; (Session info: chrome=90.0.4430.93)<br/>
For documentation on this error, please visit: https://www.seleniumhq.org/exceptions/no_such_element.html<br/>
Build info: version: &apos;3.141.59&apos;, revision: &apos;e82be7d358&apos;, time: &apos;2018-11-14T08:17:03&apos;<br/>
System info: host: &apos;VAMSIREDDY-PC&apos;, ip: &apos;192.168.225.71&apos;, os.name: &apos;Windows 7&apos;, os.arch: &apos;amd64&apos;, os.version: &apos;6.1&apos;, java.version: &apos;16.0.1&apos;<br/>
Driver info: org.openqa.selenium.chrome.ChromeDriver<br/>
Capabilities {acceptInsecureCerts: false, browserName: chrome, browserVersion: 90.0.4430.93, chrome: {chromedriverVersion: 90.0.4430.24 (4c6d850f087da..., userDataDir: C:\Users\VAMSIR~1\AppData\L...}, goog:chromeOptions: {debuggerAddress: localhost:54779}, javascriptEnabled: true, networkConnectionEnabled: false, pageLoadStrategy: normal, platform: WINDOWS, platformName: WINDOWS, proxy: Proxy(), setWindowRect: true, strictFileInteractability: false, timeouts: {implicit: 0, pageLoad: 300000, script: 30000}, unhandledPromptBehavior: dismiss and notify, webauthn:extension:largeBlob: true, webauthn:virtualAuthenticators: true}<br/>
Session ID: 09e963723a293d9bdca76d70b485a705<br/>
*** Element info: {Using=xpath, value=(//footer//div//ul//li)[3]}</b></a><br />
    <div class="stackTrace" id="exception-2">
              jdk.internal.reflect.GeneratedConstructorAccessor13.newInstance(Unknown Source)<br />
              java.base/jdk.internal.reflect.DelegatingConstructorAccessorImpl.newInstance(DelegatingConstructorAccessorImpl.java:45)<br />
              java.base/java.lang.reflect.Constructor.newInstanceWithCaller(Constructor.java:499)<br />
              java.base/java.lang.reflect.Constructor.newInstance(Constructor.java:480)<br />
              org.openqa.selenium.remote.http.W3CHttpResponseCodec.createException(W3CHttpResponseCodec.java:187)<br />
              org.openqa.selenium.remote.http.W3CHttpResponseCodec.decode(W3CHttpResponseCodec.java:122)<br />
              org.openqa.selenium.remote.http.W3CHttpResponseCodec.decode(W3CHttpResponseCodec.java:49)<br />
              org.openqa.selenium.remote.HttpCommandExecutor.execute(HttpCommandExecutor.java:158)<br />
              org.openqa.selenium.remote.service.DriverCommandExecutor.execute(DriverCommandExecutor.java:83)<br />
              org.openqa.selenium.remote.RemoteWebDriver.execute(RemoteWebDriver.java:552)<br />
              org.openqa.selenium.remote.RemoteWebDriver.findElement(RemoteWebDriver.java:323)<br />
              org.openqa.selenium.remote.RemoteWebDriver.findElementByXPath(RemoteWebDriver.java:428)<br />
              org.openqa.selenium.By$ByXPath.findElement(By.java:353)<br />
              org.openqa.selenium.remote.RemoteWebDriver.findElement(RemoteWebDriver.java:315)<br />
              com.ps.Test.Surveys.priceoverride(Surveys.java:427)<br />
              java.base/jdk.internal.reflect.NativeMethodAccessorImpl.invoke0(Native Method)<br />
              java.base/jdk.internal.reflect.NativeMethodAccessorImpl.invoke(NativeMethodAccessorImpl.java:78)<br />
              java.base/jdk.internal.reflect.DelegatingMethodAccessorImpl.invoke(DelegatingMethodAccessorImpl.java:43)<br />
              java.base/java.lang.reflect.Method.invoke(Method.java:567)<br />
              org.testng.internal.MethodInvocationHelper.invokeMethod(MethodInvocationHelper.java:108)<br />
              org.testng.internal.Invoker.invokeMethod(Invoker.java:661)<br />
              org.testng.internal.Invoker.retryFailed(Invoker.java:1014)<br />
              org.testng.internal.Invoker.invokeTestMethods(Invoker.java:1215)<br />
              org.testng.internal.TestMethodWorker.invokeTestMethods(TestMethodWorker.java:126)<br />
              org.testng.internal.TestMethodWorker.run(TestMethodWorker.java:109)<br />
              org.testng.TestRunner.privateRun(TestRunner.java:744)<br />
              org.testng.TestRunner.run(TestRunner.java:602)<br />
              org.testng.SuiteRunner.runTest(SuiteRunner.java:380)<br />
              org.testng.SuiteRunner.runSequentially(SuiteRunner.java:375)<br />
              org.testng.SuiteRunner.privateRun(SuiteRunner.java:340)<br />
              org.testng.SuiteRunner.run(SuiteRunner.java:289)<br />
              org.testng.SuiteRunnerWorker.runSuite(SuiteRunnerWorker.java:52)<br />
              org.testng.SuiteRunnerWorker.run(SuiteRunnerWorker.java:86)<br />
              org.testng.TestNG.runSuitesSequentially(TestNG.java:1301)<br />
              org.testng.TestNG.runSuitesLocally(TestNG.java:1226)<br />
              org.testng.TestNG.runSuites(TestNG.java:1144)<br />
              org.testng.TestNG.run(TestNG.java:1115)<br />
              org.apache.maven.surefire.testng.TestNGExecutor.run(TestNGExecutor.java:295)<br />
              org.apache.maven.surefire.testng.TestNGXmlTestSuite.execute(TestNGXmlTestSuite.java:84)<br />
              org.apache.maven.surefire.testng.TestNGProvider.invoke(TestNGProvider.java:90)<br />
              org.apache.maven.surefire.booter.ForkedBooter.invokeProviderInSameClassLoader(ForkedBooter.java:203)<br />
              org.apache.maven.surefire.booter.ForkedBooter.runSuitesInProcess(ForkedBooter.java:155)<br />
              org.apache.maven.surefire.booter.ForkedBooter.main(ForkedBooter.java:103)<br />
                </div>
      </td>
</tr>
      </table>

  <table class="resultsTable" width="100%">
    <tr><th colspan="3" class="header skipped">Skipped Tests</th></tr>
          <tr>
        <td colspan="3" class="group">com.ps.Test.Surveys</td>
      </tr>
            
<tr>
  <td class="method">
                  Respondentflow
      </td>
  <td class="duration">
    0.000s
  </td>
  <td class="result">
                             <i>Depends on method(s): </i>
        <span class="dependency">com.ps.Test.Surveys.Suppliers</span>
                
    
            <div class="testOutput">
                        Test Skipped Respondentflow
                  </div>
    

      </td>
</tr>
<tr>
  <td class="method">
                  Suppliers
      </td>
  <td class="duration">
    3.108s
  </td>
  <td class="result">
                               
    
            <div class="testOutput">
                        Starting test is Suppliers
                                Test Skipped Suppliers
                  </div>
    

      </td>
</tr>
<tr>
  <td class="method">
                  Suppliers
      </td>
  <td class="duration">
    3.136s
  </td>
  <td class="result">
                               
    
            <div class="testOutput">
                        Starting test is Suppliers
                                Test Skipped Suppliers
                  </div>
    

      </td>
</tr>
<tr>
  <td class="method">
                  Suppliers
      </td>
  <td class="duration">
    3.088s
  </td>
  <td class="result">
                               
    
            <div class="testOutput">
                        Starting test is Suppliers
                                Test Skipped Suppliers
                  </div>
    

      </td>
</tr>
<tr>
  <td class="method">
                  VerifyDashboardAAQ
      </td>
  <td class="duration">
    0.934s
  </td>
  <td class="result">
                               
    
            <div class="testOutput">
                        Starting test is VerifyDashboardAAQ
                                Test Skipped VerifyDashboardAAQ
                  </div>
    

      </td>
</tr>
<tr>
  <td class="method">
                  VerifyDashboardAAQ
      </td>
  <td class="duration">
    0.145s
  </td>
  <td class="result">
                               
    
            <div class="testOutput">
                        Starting test is VerifyDashboardAAQ
                                Test Skipped VerifyDashboardAAQ
                  </div>
    

      </td>
</tr>
<tr>
  <td class="method">
                  VerifyDashboardAAQ
      </td>
  <td class="duration">
    0.128s
  </td>
  <td class="result">
                               
    
            <div class="testOutput">
                        Starting test is VerifyDashboardAAQ
                                Test Skipped VerifyDashboardAAQ
                  </div>
    

      </td>
</tr>
<tr>
  <td class="method">
                  afterComplete
      </td>
  <td class="duration">
    87.700s
  </td>
  <td class="result">
                               
    
            <div class="testOutput">
                        Starting test is afterComplete
                                Entered Into Login Page
                                Entered Into Login Page
                                Entered Into Login Page
                                Entered Into Login Page
                                Buyer Login Successfully
                                Buyer Login Successful
                                Buyer login Successful
                                Buyer Login Successful
                                Search Working Fine
                                Search Successful
                                Test Skipped afterComplete
                  </div>
    

      </td>
</tr>
<tr>
  <td class="method">
                  afterComplete
      </td>
  <td class="duration">
    213.549s
  </td>
  <td class="result">
                               
    
            <div class="testOutput">
                        Starting test is afterComplete
                                Entered Into Login Page
                                Entered Into Login Page
                                Entered Into Login Page
                                Entered Into Login Page
                                Entered Into Login Page
                                Entered Into Login Page
                                Entered Into Login Page
                                Entered Into Login Page
                                Entered Into Login Page
                                Buyer Login Successfully
                                Buyer Login Successful
                                Buyer login Successful
                                Buyer Login Successful
                                Search Working Fine
                                Search Successful
                                Test Skipped afterComplete
                  </div>
    

      </td>
</tr>
<tr>
  <td class="method">
                  afterComplete
      </td>
  <td class="duration">
    18.180s
  </td>
  <td class="result">
                               
    
            <div class="testOutput">
                        Starting test is afterComplete
                                Entered Into Login Page
                                Buyer Login Successfully
                                Buyer Login Successful
                                Buyer login Successful
                                Buyer Login Successful
                                Search Working Fine
                                Search Successful
                                Test Skipped afterComplete
                  </div>
    

      </td>
</tr>
<tr>
  <td class="method">
                  priceoverride
      </td>
  <td class="duration">
    10.049s
  </td>
  <td class="result">
                               
    
            <div class="testOutput">
                        Starting test is priceoverride
                                Test Skipped priceoverride
                  </div>
    

      </td>
</tr>
<tr>
  <td class="method">
                  priceoverride
      </td>
  <td class="duration">
    10.067s
  </td>
  <td class="result">
                               
    
            <div class="testOutput">
                        Starting test is priceoverride
                                Test Skipped priceoverride
                  </div>
    

      </td>
</tr>
<tr>
  <td class="method">
                  priceoverride
      </td>
  <td class="duration">
    10.084s
  </td>
  <td class="result">
                               
    
            <div class="testOutput">
                        Starting test is priceoverride
                                Test Skipped priceoverride
                  </div>
    

      </td>
</tr>
      </table>

  <table class="resultsTable">
    <tr><th colspan="3" class="header passed">Passed Tests</th></tr>
          <tr>
        <td colspan="3" class="group">com.ps.Test.Surveys</td>
      </tr>
            
<tr>
  <td class="method">
                  Defaultsurvey
      </td>
  <td class="duration">
    30.219s
  </td>
  <td class="result">
        
    
            <div class="testOutput">
                        Starting test is Defaultsurvey
                                Entered Into Login Page
                                Buyer Login Successfully
                                Buyer Login Successful
                                Create Survey Page opened
                                Meta Data Entered Successfully
                                Survey Created Successfully
                                Test Passed Defaultsurvey
                  </div>
    

      </td>
</tr>
<tr>
  <td class="method">
                  Search
      </td>
  <td class="duration">
    3.076s
  </td>
  <td class="result">
        
    
            <div class="testOutput">
                        Starting test is Search
                                Buyer Login Successful
                                Search Working Fine
                                Test Passed Search
                  </div>
    

      </td>
</tr>
<tr>
  <td class="method">
                  Suppliers
      </td>
  <td class="duration">
    4.364s
  </td>
  <td class="result">
        
    
            <div class="testOutput">
                        Starting test is Suppliers
                                Supplier Found
                                Test Passed Suppliers
                  </div>
    

      </td>
</tr>
<tr>
  <td class="method">
                  VerifyDashboard
      </td>
  <td class="duration">
    3.123s
  </td>
  <td class="result">
        
    
            <div class="testOutput">
                        Starting test is VerifyDashboard
                                Test Passed VerifyDashboard
                  </div>
    

      </td>
</tr>
<tr>
  <td class="method">
                  addingQuotas
      </td>
  <td class="duration">
    11.191s
  </td>
  <td class="result">
        
    
            <div class="testOutput">
                        Starting test is addingQuotas
                                Test Passed addingQuotas
                  </div>
    

      </td>
</tr>
      </table>
  
</body>
</html>
