<!DOCTYPE html PUBLIC "-//W3C//DTD XHTML 1.1//EN" "http://www.w3.org/TR/xhtml11/DTD/xhtml11.dtd">
<html xmlns="http://www.w3.org/1999/xhtml"><head><title>TestNG Report</title><style type="text/css">table {margin-bottom:10px;border-collapse:collapse;empty-cells:show}th,td {border:1px solid #009;padding:.25em .5em}th {vertical-align:bottom}td {vertical-align:top}table a {font-weight:bold}.stripe td {background-color: #E6EBF9}.num {text-align:right}.passedodd td {background-color: #3F3}.passedeven td {background-color: #0A0}.skippedodd td {background-color: #DDD}.skippedeven td {background-color: #CCC}.failedodd td,.attn {background-color: #F33}.failedeven td,.stripe .attn {background-color: #D00}.stacktrace {white-space:pre;font-family:monospace}.totop {font-size:85%;text-align:center;border-bottom:2px solid #000}</style></head><body><table><tr><th>Test</th><th># Passed</th><th># Skipped</th><th># Failed</th><th>Time (ms)</th><th>Included Groups</th><th>Excluded Groups</th></tr><tr><th colspan="7">PureSpectrum</th></tr><tr><td><a href="#t0">Normal Test</a></td><td class="num">5</td><td class="num attn">13</td><td class="num attn">3</td><td class="num">439,025</td><td></td><td></td></tr><tr class="stripe"><td><a href="#t1">QBP Survey</a></td><td class="num">3</td><td class="num attn">3</td><td class="num attn">1</td><td class="num">62,098</td><td></td><td></td></tr><tr><td><a href="#t2">TC Survey</a></td><td class="num">5</td><td class="num">0</td><td class="num">0</td><td class="num">144,878</td><td></td><td></td></tr><tr class="stripe"><td><a href="#t3">Feasibility</a></td><td class="num">0</td><td class="num attn">3</td><td class="num attn">1</td><td class="num">137,086</td><td></td><td></td></tr><tr><th>Total</th><th class="num">13</th><th class="num attn">19</th><th class="num attn">5</th><th class="num">783,087</th><th colspan="2"></th></tr></table><table id='summary'><thead><tr><th>Class</th><th>Method</th><th>Start</th><th>Time (ms)</th></tr></thead><tbody><tr><th colspan="4">PureSpectrum</th></tr></tbody><tbody id="t0"><tr><th colspan="4">Normal Test &#8212; failed</th></tr><tr class="failedeven"><td rowspan="3">com.ps.Test.Surveys</td><td><a href="#m0">VerifyDashboardAAQ</a></td><td rowspan="1">1620192759520</td><td rowspan="1">134</td></tr><tr class="failedeven"><td><a href="#m1">afterComplete</a></td><td rowspan="1">1620193093249</td><td rowspan="1">14958</td></tr><tr class="failedeven"><td><a href="#m2">priceoverride</a></td><td rowspan="1">1620193139000</td><td rowspan="1">10051</td></tr><tr><th colspan="4">Normal Test &#8212; skipped</th></tr><tr class="skippedeven"><td rowspan="13">com.ps.Test.Surveys</td><td><a href="#m3">Respondentflow</a></td><td rowspan="1">1620192773711</td><td rowspan="1">0</td></tr><tr class="skippedeven"><td><a href="#m4">Suppliers</a></td><td rowspan="3">1620192766195</td><td rowspan="3">3088</td></tr><tr class="skippedeven"><td><a href="#m5">Suppliers</a></td></tr><tr class="skippedeven"><td><a href="#m6">Suppliers</a></td></tr><tr class="skippedeven"><td><a href="#m7">VerifyDashboardAAQ</a></td><td rowspan="3">1620192759158</td><td rowspan="3">128</td></tr><tr class="skippedeven"><td><a href="#m8">VerifyDashboardAAQ</a></td></tr><tr class="skippedeven"><td><a href="#m9">VerifyDashboardAAQ</a></td></tr><tr class="skippedeven"><td><a href="#m10">afterComplete</a></td><td rowspan="3">1620192987312</td><td rowspan="3">18180</td></tr><tr class="skippedeven"><td><a href="#m11">afterComplete</a></td></tr><tr class="skippedeven"><td><a href="#m12">afterComplete</a></td></tr><tr class="skippedeven"><td><a href="#m13">priceoverride</a></td><td rowspan="3">1620193108699</td><td rowspan="3">10084</td></tr><tr class="skippedeven"><td><a href="#m14">priceoverride</a></td></tr><tr class="skippedeven"><td><a href="#m15">priceoverride</a></td></tr><tr><th colspan="4">Normal Test &#8212; passed</th></tr><tr class="passedeven"><td rowspan="5">com.ps.Test.Surveys</td><td><a href="#m16">Defaultsurvey</a></td><td rowspan="1">1620192710184</td><td rowspan="1">30219</td></tr><tr class="passedeven"><td><a href="#m17">Search</a></td><td rowspan="1">1620192740640</td><td rowspan="1">3076</td></tr><tr class="passedeven"><td><a href="#m18">Suppliers</a></td><td rowspan="1">1620192769322</td><td rowspan="1">4364</td></tr><tr class="passedeven"><td><a href="#m19">VerifyDashboard</a></td><td rowspan="1">1620192743763</td><td rowspan="1">3123</td></tr><tr class="passedeven"><td><a href="#m20">addingQuotas</a></td><td rowspan="1">1620192746917</td><td rowspan="1">11191</td></tr></tbody><tbody id="t1"><tr><th colspan="4">QBP Survey &#8212; failed</th></tr><tr class="failedeven"><td rowspan="1">com.ps.Test.QBPTest</td><td><a href="#m21">VerifyDashboard</a></td><td rowspan="1">1620193189318</td><td rowspan="1">157</td></tr><tr><th colspan="4">QBP Survey &#8212; skipped</th></tr><tr class="skippedeven"><td rowspan="3">com.ps.Test.QBPTest</td><td><a href="#m22">VerifyDashboard</a></td><td rowspan="3">1620193189106</td><td rowspan="3">93</td></tr><tr class="skippedeven"><td><a href="#m23">VerifyDashboard</a></td></tr><tr class="skippedeven"><td><a href="#m24">VerifyDashboard</a></td></tr><tr><th colspan="4">QBP Survey &#8212; passed</th></tr><tr class="passedeven"><td rowspan="3">com.ps.Test.QBPTest</td><td><a href="#m25">QBPSurvey</a></td><td rowspan="1">1620193149263</td><td rowspan="1">35444</td></tr><tr class="passedeven"><td><a href="#m26">Search</a></td><td rowspan="1">1620193184724</td><td rowspan="1">3121</td></tr><tr class="passedeven"><td><a href="#m27">VerifyCPIoverride</a></td><td rowspan="1">1620193189628</td><td rowspan="1">21715</td></tr></tbody><tbody id="t2"><tr><th colspan="4">TC Survey &#8212; passed</th></tr><tr class="passedeven"><td rowspan="5">com.ps.Test.TrafficChannels</td><td><a href="#m28">TCCreation</a></td><td rowspan="1">1620193211367</td><td rowspan="1">31761</td></tr><tr class="passedeven"><td><a href="#m29">TCSearch</a></td><td rowspan="1">1620193296139</td><td rowspan="1">9676</td></tr><tr class="passedeven"><td><a href="#m30">TCStatus</a></td><td rowspan="1">1620193305832</td><td rowspan="1">50395</td></tr><tr class="passedeven"><td><a href="#m31">tcchild</a></td><td rowspan="1">1620193243147</td><td rowspan="1">39716</td></tr><tr class="passedeven"><td><a href="#m32">verifyTC</a></td><td rowspan="1">1620193282883</td><td rowspan="1">13237</td></tr></tbody><tbody id="t3"><tr><th colspan="4">Feasibility &#8212; failed</th></tr><tr class="failedeven"><td rowspan="1">com.ps.testcases.Feasibility</td><td><a href="#m33">feasibility</a></td><td rowspan="1">1620193462768</td><td rowspan="1">30141</td></tr><tr><th colspan="4">Feasibility &#8212; skipped</th></tr><tr class="skippedeven"><td rowspan="3">com.ps.testcases.Feasibility</td><td><a href="#m34">feasibility</a></td><td rowspan="3">1620193356250</td><td rowspan="3">42611</td></tr><tr class="skippedeven"><td><a href="#m35">feasibility</a></td></tr><tr class="skippedeven"><td><a href="#m36">feasibility</a></td></tr></tbody></table><h2>Normal Test</h2><h3 id="m0">com.ps.Test.Surveys#VerifyDashboardAAQ</h3><table class="result"><tr><th>Messages</th></tr><tr><td><div class="messages">Starting test is VerifyDashboardAAQ<br/>Click to see Screenshot<br/><a target="_blank" href=Wed_May_05_11_02_39_IST_2021.jpg>Screenshot</a><br/><br><br/><br><br/><a target="_blank" href=Wed_May_05_11_02_39_IST_2021.jpg><img src=Wed_May_05_11_02_39_IST_2021.jpg height=200 width=200></img></a><br/>Test failed VerifyDashboardAAQ</div></td></tr><tr><th>Exception</th></tr><tr><td><div class="stacktrace">java.lang.AssertionError: expected [0 | 30] but found [0 | 60]
	at com.ps.Test.Surveys.VerifyDashboardAAQ(Surveys.java:262)
... Removed 34 stack frames</div></td></tr></table><p class="totop"><a href="#summary">back to summary</a></p><h3 id="m1">com.ps.Test.Surveys#afterComplete</h3><table class="result"><tr><th>Messages</th></tr><tr><td><div class="messages">Starting test is afterComplete<br/>Entered Into Login Page<br/>Buyer Login Successfully<br/>Buyer Login Successful<br/>Buyer login Successful<br/>Buyer Login Successful<br/>Search Working Fine<br/>Search Successful<br/>Click to see Screenshot<br/><a target="_blank" href=Wed_May_05_11_08_28_IST_2021.jpg>Screenshot</a><br/><br><br/><br><br/><a target="_blank" href=Wed_May_05_11_08_28_IST_2021.jpg><img src=Wed_May_05_11_08_28_IST_2021.jpg height=200 width=200></img></a><br/>Test failed afterComplete</div></td></tr><tr><th>Exception</th></tr><tr><td><div class="stacktrace">java.lang.AssertionError: expected [0 | 30] but found [0 | 60]
	at com.ps.Test.Surveys.afterComplete(Surveys.java:404)
... Removed 34 stack frames</div></td></tr></table><p class="totop"><a href="#summary">back to summary</a></p><h3 id="m2">com.ps.Test.Surveys#priceoverride</h3><table class="result"><tr><th>Messages</th></tr><tr><td><div class="messages">Starting test is priceoverride<br/>Click to see Screenshot<br/><a target="_blank" href=Wed_May_05_11_09_09_IST_2021.jpg>Screenshot</a><br/><br><br/><br><br/><a target="_blank" href=Wed_May_05_11_09_09_IST_2021.jpg><img src=Wed_May_05_11_09_09_IST_2021.jpg height=200 width=200></img></a><br/>Test failed priceoverride</div></td></tr><tr><th>Exception</th></tr><tr><td><div class="stacktrace">org.openqa.selenium.NoSuchElementException: no such element: Unable to locate element: {&quot;method&quot;:&quot;xpath&quot;,&quot;selector&quot;:&quot;(//footer//div//ul//li)[3]&quot;}
  (Session info: chrome=90.0.4430.93)
For documentation on this error, please visit: https://www.seleniumhq.org/exceptions/no_such_element.html
Build info: version: &apos;3.141.59&apos;, revision: &apos;e82be7d358&apos;, time: &apos;2018-11-14T08:17:03&apos;
System info: host: &apos;VAMSIREDDY-PC&apos;, ip: &apos;192.168.225.71&apos;, os.name: &apos;Windows 7&apos;, os.arch: &apos;amd64&apos;, os.version: &apos;6.1&apos;, java.version: &apos;16.0.1&apos;
Driver info: org.openqa.selenium.chrome.ChromeDriver
Capabilities {acceptInsecureCerts: false, browserName: chrome, browserVersion: 90.0.4430.93, chrome: {chromedriverVersion: 90.0.4430.24 (4c6d850f087da..., userDataDir: C:\Users\VAMSIR~1\AppData\L...}, goog:chromeOptions: {debuggerAddress: localhost:54779}, javascriptEnabled: true, networkConnectionEnabled: false, pageLoadStrategy: normal, platform: WINDOWS, platformName: WINDOWS, proxy: Proxy(), setWindowRect: true, strictFileInteractability: false, timeouts: {implicit: 0, pageLoad: 300000, script: 30000}, unhandledPromptBehavior: dismiss and notify, webauthn:extension:largeBlob: true, webauthn:virtualAuthenticators: true}
Session ID: 09e963723a293d9bdca76d70b485a705
*** Element info: {Using=xpath, value=(//footer//div//ul//li)[3]}
	at org.openqa.selenium.remote.http.W3CHttpResponseCodec.createException(W3CHttpResponseCodec.java:187)
	at org.openqa.selenium.remote.http.W3CHttpResponseCodec.decode(W3CHttpResponseCodec.java:122)
	at org.openqa.selenium.remote.http.W3CHttpResponseCodec.decode(W3CHttpResponseCodec.java:49)
	at org.openqa.selenium.remote.HttpCommandExecutor.execute(HttpCommandExecutor.java:158)
	at org.openqa.selenium.remote.service.DriverCommandExecutor.execute(DriverCommandExecutor.java:83)
	at org.openqa.selenium.remote.RemoteWebDriver.execute(RemoteWebDriver.java:552)
	at org.openqa.selenium.remote.RemoteWebDriver.findElement(RemoteWebDriver.java:323)
	at org.openqa.selenium.remote.RemoteWebDriver.findElementByXPath(RemoteWebDriver.java:428)
	at org.openqa.selenium.By$ByXPath.findElement(By.java:353)
	at org.openqa.selenium.remote.RemoteWebDriver.findElement(RemoteWebDriver.java:315)
	at com.ps.Test.Surveys.priceoverride(Surveys.java:427)
... Removed 32 stack frames</div></td></tr></table><p class="totop"><a href="#summary">back to summary</a></p><h3 id="m3">com.ps.Test.Surveys#Respondentflow</h3><table class="result"><tr><th>Messages</th></tr><tr><td><div class="messages">Test Skipped Respondentflow</div></td></tr><tr><th>Exception</th></tr><tr><td><div class="stacktrace">java.lang.Throwable: Method Surveys.Respondentflow()[pri:6, instance:com.ps.Test.Surveys@7357a011] depends on not successfully finished methods
... Removed 21 stack frames</div></td></tr></table><p class="totop"><a href="#summary">back to summary</a></p><h3 id="m4">com.ps.Test.Surveys#Suppliers</h3><table class="result"><tr><th>Messages</th></tr><tr><td><div class="messages">Starting test is Suppliers<br/>Test Skipped Suppliers</div></td></tr><tr><th>Exception</th></tr><tr><td><div class="stacktrace">org.openqa.selenium.ElementClickInterceptedException: element click intercepted: Element &lt;a href=&quot;&quot; aria-controls=&quot;suppliers&quot; role=&quot;tab&quot; data-toggle=&quot;tab&quot; ng-click=&quot;setTab(&apos;suppliers&apos;); setCardGoalDetails(); resetUIValues(); get...(surveyDetails.id);&quot;&gt;Suppliers&lt;/a&gt; is not clickable at point (408, 18). Other element would receive the click: &lt;div class=&quot;col-xs-12 col-sm-6 col-md-6 dash-logo-section&quot;&gt;...&lt;/div&gt;
  (Session info: chrome=90.0.4430.93)
Build info: version: &apos;3.141.59&apos;, revision: &apos;e82be7d358&apos;, time: &apos;2018-11-14T08:17:03&apos;
System info: host: &apos;VAMSIREDDY-PC&apos;, ip: &apos;192.168.225.71&apos;, os.name: &apos;Windows 7&apos;, os.arch: &apos;amd64&apos;, os.version: &apos;6.1&apos;, java.version: &apos;16.0.1&apos;
Driver info: org.openqa.selenium.chrome.ChromeDriver
Capabilities {acceptInsecureCerts: false, browserName: chrome, browserVersion: 90.0.4430.93, chrome: {chromedriverVersion: 90.0.4430.24 (4c6d850f087da..., userDataDir: C:\Users\VAMSIR~1\AppData\L...}, goog:chromeOptions: {debuggerAddress: localhost:54779}, javascriptEnabled: true, networkConnectionEnabled: false, pageLoadStrategy: normal, platform: WINDOWS, platformName: WINDOWS, proxy: Proxy(), setWindowRect: true, strictFileInteractability: false, timeouts: {implicit: 0, pageLoad: 300000, script: 30000}, unhandledPromptBehavior: dismiss and notify, webauthn:extension:largeBlob: true, webauthn:virtualAuthenticators: true}
Session ID: 09e963723a293d9bdca76d70b485a705
	at org.openqa.selenium.remote.http.W3CHttpResponseCodec.createException(W3CHttpResponseCodec.java:187)
	at org.openqa.selenium.remote.http.W3CHttpResponseCodec.decode(W3CHttpResponseCodec.java:122)
	at org.openqa.selenium.remote.http.W3CHttpResponseCodec.decode(W3CHttpResponseCodec.java:49)
	at org.openqa.selenium.remote.HttpCommandExecutor.execute(HttpCommandExecutor.java:158)
	at org.openqa.selenium.remote.service.DriverCommandExecutor.execute(DriverCommandExecutor.java:83)
	at org.openqa.selenium.remote.RemoteWebDriver.execute(RemoteWebDriver.java:552)
	at org.openqa.selenium.remote.RemoteWebElement.execute(RemoteWebElement.java:285)
	at org.openqa.selenium.remote.RemoteWebElement.click(RemoteWebElement.java:84)
	at com.ps.Test.Surveys.Suppliers(Surveys.java:281)
... Removed 33 stack frames</div></td></tr></table><p class="totop"><a href="#summary">back to summary</a></p><h3 id="m5">com.ps.Test.Surveys#Suppliers</h3><table class="result"><tr><th>Messages</th></tr><tr><td><div class="messages">Starting test is Suppliers<br/>Test Skipped Suppliers</div></td></tr><tr><th>Exception</th></tr><tr><td><div class="stacktrace">org.openqa.selenium.ElementClickInterceptedException: element click intercepted: Element &lt;a href=&quot;&quot; aria-controls=&quot;suppliers&quot; role=&quot;tab&quot; data-toggle=&quot;tab&quot; ng-click=&quot;setTab(&apos;suppliers&apos;); setCardGoalDetails(); resetUIValues(); get...(surveyDetails.id);&quot;&gt;Suppliers&lt;/a&gt; is not clickable at point (408, 18). Other element would receive the click: &lt;div class=&quot;col-xs-12 col-sm-6 col-md-6 dash-logo-section&quot;&gt;...&lt;/div&gt;
  (Session info: chrome=90.0.4430.93)
Build info: version: &apos;3.141.59&apos;, revision: &apos;e82be7d358&apos;, time: &apos;2018-11-14T08:17:03&apos;
System info: host: &apos;VAMSIREDDY-PC&apos;, ip: &apos;192.168.225.71&apos;, os.name: &apos;Windows 7&apos;, os.arch: &apos;amd64&apos;, os.version: &apos;6.1&apos;, java.version: &apos;16.0.1&apos;
Driver info: org.openqa.selenium.chrome.ChromeDriver
Capabilities {acceptInsecureCerts: false, browserName: chrome, browserVersion: 90.0.4430.93, chrome: {chromedriverVersion: 90.0.4430.24 (4c6d850f087da..., userDataDir: C:\Users\VAMSIR~1\AppData\L...}, goog:chromeOptions: {debuggerAddress: localhost:54779}, javascriptEnabled: true, networkConnectionEnabled: false, pageLoadStrategy: normal, platform: WINDOWS, platformName: WINDOWS, proxy: Proxy(), setWindowRect: true, strictFileInteractability: false, timeouts: {implicit: 0, pageLoad: 300000, script: 30000}, unhandledPromptBehavior: dismiss and notify, webauthn:extension:largeBlob: true, webauthn:virtualAuthenticators: true}
Session ID: 09e963723a293d9bdca76d70b485a705
	at org.openqa.selenium.remote.http.W3CHttpResponseCodec.createException(W3CHttpResponseCodec.java:187)
	at org.openqa.selenium.remote.http.W3CHttpResponseCodec.decode(W3CHttpResponseCodec.java:122)
	at org.openqa.selenium.remote.http.W3CHttpResponseCodec.decode(W3CHttpResponseCodec.java:49)
	at org.openqa.selenium.remote.HttpCommandExecutor.execute(HttpCommandExecutor.java:158)
	at org.openqa.selenium.remote.service.DriverCommandExecutor.execute(DriverCommandExecutor.java:83)
	at org.openqa.selenium.remote.RemoteWebDriver.execute(RemoteWebDriver.java:552)
	at org.openqa.selenium.remote.RemoteWebElement.execute(RemoteWebElement.java:285)
	at org.openqa.selenium.remote.RemoteWebElement.click(RemoteWebElement.java:84)
	at com.ps.Test.Surveys.Suppliers(Surveys.java:281)
... Removed 33 stack frames</div></td></tr></table><p class="totop"><a href="#summary">back to summary</a></p><h3 id="m6">com.ps.Test.Surveys#Suppliers</h3><table class="result"><tr><th>Messages</th></tr><tr><td><div class="messages">Starting test is Suppliers<br/>Test Skipped Suppliers</div></td></tr><tr><th>Exception</th></tr><tr><td><div class="stacktrace">org.openqa.selenium.ElementClickInterceptedException: element click intercepted: Element &lt;a href=&quot;&quot; aria-controls=&quot;suppliers&quot; role=&quot;tab&quot; data-toggle=&quot;tab&quot; ng-click=&quot;setTab(&apos;suppliers&apos;); setCardGoalDetails(); resetUIValues(); get...(surveyDetails.id);&quot;&gt;Suppliers&lt;/a&gt; is not clickable at point (408, 18). Other element would receive the click: &lt;div class=&quot;col-xs-12 col-sm-6 col-md-6 dash-logo-section&quot;&gt;...&lt;/div&gt;
  (Session info: chrome=90.0.4430.93)
Build info: version: &apos;3.141.59&apos;, revision: &apos;e82be7d358&apos;, time: &apos;2018-11-14T08:17:03&apos;
System info: host: &apos;VAMSIREDDY-PC&apos;, ip: &apos;192.168.225.71&apos;, os.name: &apos;Windows 7&apos;, os.arch: &apos;amd64&apos;, os.version: &apos;6.1&apos;, java.version: &apos;16.0.1&apos;
Driver info: org.openqa.selenium.chrome.ChromeDriver
Capabilities {acceptInsecureCerts: false, browserName: chrome, browserVersion: 90.0.4430.93, chrome: {chromedriverVersion: 90.0.4430.24 (4c6d850f087da..., userDataDir: C:\Users\VAMSIR~1\AppData\L...}, goog:chromeOptions: {debuggerAddress: localhost:54779}, javascriptEnabled: true, networkConnectionEnabled: false, pageLoadStrategy: normal, platform: WINDOWS, platformName: WINDOWS, proxy: Proxy(), setWindowRect: true, strictFileInteractability: false, timeouts: {implicit: 0, pageLoad: 300000, script: 30000}, unhandledPromptBehavior: dismiss and notify, webauthn:extension:largeBlob: true, webauthn:virtualAuthenticators: true}
Session ID: 09e963723a293d9bdca76d70b485a705
	at org.openqa.selenium.remote.http.W3CHttpResponseCodec.createException(W3CHttpResponseCodec.java:187)
	at org.openqa.selenium.remote.http.W3CHttpResponseCodec.decode(W3CHttpResponseCodec.java:122)
	at org.openqa.selenium.remote.http.W3CHttpResponseCodec.decode(W3CHttpResponseCodec.java:49)
	at org.openqa.selenium.remote.HttpCommandExecutor.execute(HttpCommandExecutor.java:158)
	at org.openqa.selenium.remote.service.DriverCommandExecutor.execute(DriverCommandExecutor.java:83)
	at org.openqa.selenium.remote.RemoteWebDriver.execute(RemoteWebDriver.java:552)
	at org.openqa.selenium.remote.RemoteWebElement.execute(RemoteWebElement.java:285)
	at org.openqa.selenium.remote.RemoteWebElement.click(RemoteWebElement.java:84)
	at com.ps.Test.Surveys.Suppliers(Surveys.java:281)
... Removed 33 stack frames</div></td></tr></table><p class="totop"><a href="#summary">back to summary</a></p><h3 id="m7">com.ps.Test.Surveys#VerifyDashboardAAQ</h3><table class="result"><tr><th>Messages</th></tr><tr><td><div class="messages">Starting test is VerifyDashboardAAQ<br/>Test Skipped VerifyDashboardAAQ</div></td></tr><tr><th>Exception</th></tr><tr><td><div class="stacktrace">java.lang.AssertionError: expected [0 | 30] but found [0 | 60]
	at com.ps.Test.Surveys.VerifyDashboardAAQ(Surveys.java:262)
... Removed 34 stack frames</div></td></tr></table><p class="totop"><a href="#summary">back to summary</a></p><h3 id="m8">com.ps.Test.Surveys#VerifyDashboardAAQ</h3><table class="result"><tr><th>Messages</th></tr><tr><td><div class="messages">Starting test is VerifyDashboardAAQ<br/>Test Skipped VerifyDashboardAAQ</div></td></tr><tr><th>Exception</th></tr><tr><td><div class="stacktrace">java.lang.AssertionError: expected [0 | 30] but found [0 | 60]
	at com.ps.Test.Surveys.VerifyDashboardAAQ(Surveys.java:262)
... Removed 34 stack frames</div></td></tr></table><p class="totop"><a href="#summary">back to summary</a></p><h3 id="m9">com.ps.Test.Surveys#VerifyDashboardAAQ</h3><table class="result"><tr><th>Messages</th></tr><tr><td><div class="messages">Starting test is VerifyDashboardAAQ<br/>Test Skipped VerifyDashboardAAQ</div></td></tr><tr><th>Exception</th></tr><tr><td><div class="stacktrace">java.lang.AssertionError: expected [0 | 30] but found [0 | 60]
	at com.ps.Test.Surveys.VerifyDashboardAAQ(Surveys.java:262)
... Removed 34 stack frames</div></td></tr></table><p class="totop"><a href="#summary">back to summary</a></p><h3 id="m10">com.ps.Test.Surveys#afterComplete</h3><table class="result"><tr><th>Messages</th></tr><tr><td><div class="messages">Starting test is afterComplete<br/>Entered Into Login Page<br/>Buyer Login Successfully<br/>Buyer Login Successful<br/>Buyer login Successful<br/>Buyer Login Successful<br/>Search Working Fine<br/>Search Successful<br/>Test Skipped afterComplete</div></td></tr><tr><th>Exception</th></tr><tr><td><div class="stacktrace">java.lang.AssertionError: expected [0 | 30] but found [0 | 60]
	at com.ps.Test.Surveys.afterComplete(Surveys.java:404)
... Removed 34 stack frames</div></td></tr></table><p class="totop"><a href="#summary">back to summary</a></p><h3 id="m11">com.ps.Test.Surveys#afterComplete</h3><table class="result"><tr><th>Messages</th></tr><tr><td><div class="messages">Starting test is afterComplete<br/>Entered Into Login Page<br/>Entered Into Login Page<br/>Entered Into Login Page<br/>Entered Into Login Page<br/>Entered Into Login Page<br/>Entered Into Login Page<br/>Entered Into Login Page<br/>Entered Into Login Page<br/>Entered Into Login Page<br/>Buyer Login Successfully<br/>Buyer Login Successful<br/>Buyer login Successful<br/>Buyer Login Successful<br/>Search Working Fine<br/>Search Successful<br/>Test Skipped afterComplete</div></td></tr><tr><th>Exception</th></tr><tr><td><div class="stacktrace">java.lang.AssertionError: expected [0 | 30] but found [0 | 60]
	at com.ps.Test.Surveys.afterComplete(Surveys.java:404)
... Removed 34 stack frames</div></td></tr></table><p class="totop"><a href="#summary">back to summary</a></p><h3 id="m12">com.ps.Test.Surveys#afterComplete</h3><table class="result"><tr><th>Messages</th></tr><tr><td><div class="messages">Starting test is afterComplete<br/>Entered Into Login Page<br/>Entered Into Login Page<br/>Entered Into Login Page<br/>Entered Into Login Page<br/>Buyer Login Successfully<br/>Buyer Login Successful<br/>Buyer login Successful<br/>Buyer Login Successful<br/>Search Working Fine<br/>Search Successful<br/>Test Skipped afterComplete</div></td></tr><tr><th>Exception</th></tr><tr><td><div class="stacktrace">java.lang.AssertionError: expected [0 | 30] but found [0 | 60]
	at com.ps.Test.Surveys.afterComplete(Surveys.java:404)
... Removed 34 stack frames</div></td></tr></table><p class="totop"><a href="#summary">back to summary</a></p><h3 id="m13">com.ps.Test.Surveys#priceoverride</h3><table class="result"><tr><th>Messages</th></tr><tr><td><div class="messages">Starting test is priceoverride<br/>Test Skipped priceoverride</div></td></tr><tr><th>Exception</th></tr><tr><td><div class="stacktrace">org.openqa.selenium.NoSuchElementException: no such element: Unable to locate element: {&quot;method&quot;:&quot;xpath&quot;,&quot;selector&quot;:&quot;/html/body/div[1]/div/section/div[1]/div/form/div/div[5]/div/table&quot;}
  (Session info: chrome=90.0.4430.93)
For documentation on this error, please visit: https://www.seleniumhq.org/exceptions/no_such_element.html
Build info: version: &apos;3.141.59&apos;, revision: &apos;e82be7d358&apos;, time: &apos;2018-11-14T08:17:03&apos;
System info: host: &apos;VAMSIREDDY-PC&apos;, ip: &apos;192.168.225.71&apos;, os.name: &apos;Windows 7&apos;, os.arch: &apos;amd64&apos;, os.version: &apos;6.1&apos;, java.version: &apos;16.0.1&apos;
Driver info: org.openqa.selenium.chrome.ChromeDriver
Capabilities {acceptInsecureCerts: false, browserName: chrome, browserVersion: 90.0.4430.93, chrome: {chromedriverVersion: 90.0.4430.24 (4c6d850f087da..., userDataDir: C:\Users\VAMSIR~1\AppData\L...}, goog:chromeOptions: {debuggerAddress: localhost:54779}, javascriptEnabled: true, networkConnectionEnabled: false, pageLoadStrategy: normal, platform: WINDOWS, platformName: WINDOWS, proxy: Proxy(), setWindowRect: true, strictFileInteractability: false, timeouts: {implicit: 0, pageLoad: 300000, script: 30000}, unhandledPromptBehavior: dismiss and notify, webauthn:extension:largeBlob: true, webauthn:virtualAuthenticators: true}
Session ID: 09e963723a293d9bdca76d70b485a705
*** Element info: {Using=xpath, value=/html/body/div[1]/div/section/div[1]/div/form/div/div[5]/div/table}
	at org.openqa.selenium.remote.http.W3CHttpResponseCodec.createException(W3CHttpResponseCodec.java:187)
	at org.openqa.selenium.remote.http.W3CHttpResponseCodec.decode(W3CHttpResponseCodec.java:122)
	at org.openqa.selenium.remote.http.W3CHttpResponseCodec.decode(W3CHttpResponseCodec.java:49)
	at org.openqa.selenium.remote.HttpCommandExecutor.execute(HttpCommandExecutor.java:158)
	at org.openqa.selenium.remote.service.DriverCommandExecutor.execute(DriverCommandExecutor.java:83)
	at org.openqa.selenium.remote.RemoteWebDriver.execute(RemoteWebDriver.java:552)
	at org.openqa.selenium.remote.RemoteWebDriver.findElement(RemoteWebDriver.java:323)
	at org.openqa.selenium.remote.RemoteWebDriver.findElementByXPath(RemoteWebDriver.java:428)
	at org.openqa.selenium.By$ByXPath.findElement(By.java:353)
	at org.openqa.selenium.remote.RemoteWebDriver.findElement(RemoteWebDriver.java:315)
	at com.ps.Test.Surveys.priceoverride(Surveys.java:429)
... Removed 32 stack frames</div></td></tr></table><p class="totop"><a href="#summary">back to summary</a></p><h3 id="m14">com.ps.Test.Surveys#priceoverride</h3><table class="result"><tr><th>Messages</th></tr><tr><td><div class="messages">Starting test is priceoverride<br/>Test Skipped priceoverride</div></td></tr><tr><th>Exception</th></tr><tr><td><div class="stacktrace">org.openqa.selenium.NoSuchElementException: no such element: Unable to locate element: {&quot;method&quot;:&quot;xpath&quot;,&quot;selector&quot;:&quot;(//footer//div//ul//li)[3]&quot;}
  (Session info: chrome=90.0.4430.93)
For documentation on this error, please visit: https://www.seleniumhq.org/exceptions/no_such_element.html
Build info: version: &apos;3.141.59&apos;, revision: &apos;e82be7d358&apos;, time: &apos;2018-11-14T08:17:03&apos;
System info: host: &apos;VAMSIREDDY-PC&apos;, ip: &apos;192.168.225.71&apos;, os.name: &apos;Windows 7&apos;, os.arch: &apos;amd64&apos;, os.version: &apos;6.1&apos;, java.version: &apos;16.0.1&apos;
Driver info: org.openqa.selenium.chrome.ChromeDriver
Capabilities {acceptInsecureCerts: false, browserName: chrome, browserVersion: 90.0.4430.93, chrome: {chromedriverVersion: 90.0.4430.24 (4c6d850f087da..., userDataDir: C:\Users\VAMSIR~1\AppData\L...}, goog:chromeOptions: {debuggerAddress: localhost:54779}, javascriptEnabled: true, networkConnectionEnabled: false, pageLoadStrategy: normal, platform: WINDOWS, platformName: WINDOWS, proxy: Proxy(), setWindowRect: true, strictFileInteractability: false, timeouts: {implicit: 0, pageLoad: 300000, script: 30000}, unhandledPromptBehavior: dismiss and notify, webauthn:extension:largeBlob: true, webauthn:virtualAuthenticators: true}
Session ID: 09e963723a293d9bdca76d70b485a705
*** Element info: {Using=xpath, value=(//footer//div//ul//li)[3]}
	at org.openqa.selenium.remote.http.W3CHttpResponseCodec.createException(W3CHttpResponseCodec.java:187)
	at org.openqa.selenium.remote.http.W3CHttpResponseCodec.decode(W3CHttpResponseCodec.java:122)
	at org.openqa.selenium.remote.http.W3CHttpResponseCodec.decode(W3CHttpResponseCodec.java:49)
	at org.openqa.selenium.remote.HttpCommandExecutor.execute(HttpCommandExecutor.java:158)
	at org.openqa.selenium.remote.service.DriverCommandExecutor.execute(DriverCommandExecutor.java:83)
	at org.openqa.selenium.remote.RemoteWebDriver.execute(RemoteWebDriver.java:552)
	at org.openqa.selenium.remote.RemoteWebDriver.findElement(RemoteWebDriver.java:323)
	at org.openqa.selenium.remote.RemoteWebDriver.findElementByXPath(RemoteWebDriver.java:428)
	at org.openqa.selenium.By$ByXPath.findElement(By.java:353)
	at org.openqa.selenium.remote.RemoteWebDriver.findElement(RemoteWebDriver.java:315)
	at com.ps.Test.Surveys.priceoverride(Surveys.java:427)
... Removed 32 stack frames</div></td></tr></table><p class="totop"><a href="#summary">back to summary</a></p><h3 id="m15">com.ps.Test.Surveys#priceoverride</h3><table class="result"><tr><th>Messages</th></tr><tr><td><div class="messages">Starting test is priceoverride<br/>Test Skipped priceoverride</div></td></tr><tr><th>Exception</th></tr><tr><td><div class="stacktrace">org.openqa.selenium.NoSuchElementException: no such element: Unable to locate element: {&quot;method&quot;:&quot;xpath&quot;,&quot;selector&quot;:&quot;(//footer//div//ul//li)[3]&quot;}
  (Session info: chrome=90.0.4430.93)
For documentation on this error, please visit: https://www.seleniumhq.org/exceptions/no_such_element.html
Build info: version: &apos;3.141.59&apos;, revision: &apos;e82be7d358&apos;, time: &apos;2018-11-14T08:17:03&apos;
System info: host: &apos;VAMSIREDDY-PC&apos;, ip: &apos;192.168.225.71&apos;, os.name: &apos;Windows 7&apos;, os.arch: &apos;amd64&apos;, os.version: &apos;6.1&apos;, java.version: &apos;16.0.1&apos;
Driver info: org.openqa.selenium.chrome.ChromeDriver
Capabilities {acceptInsecureCerts: false, browserName: chrome, browserVersion: 90.0.4430.93, chrome: {chromedriverVersion: 90.0.4430.24 (4c6d850f087da..., userDataDir: C:\Users\VAMSIR~1\AppData\L...}, goog:chromeOptions: {debuggerAddress: localhost:54779}, javascriptEnabled: true, networkConnectionEnabled: false, pageLoadStrategy: normal, platform: WINDOWS, platformName: WINDOWS, proxy: Proxy(), setWindowRect: true, strictFileInteractability: false, timeouts: {implicit: 0, pageLoad: 300000, script: 30000}, unhandledPromptBehavior: dismiss and notify, webauthn:extension:largeBlob: true, webauthn:virtualAuthenticators: true}
Session ID: 09e963723a293d9bdca76d70b485a705
*** Element info: {Using=xpath, value=(//footer//div//ul//li)[3]}
	at org.openqa.selenium.remote.http.W3CHttpResponseCodec.createException(W3CHttpResponseCodec.java:187)
	at org.openqa.selenium.remote.http.W3CHttpResponseCodec.decode(W3CHttpResponseCodec.java:122)
	at org.openqa.selenium.remote.http.W3CHttpResponseCodec.decode(W3CHttpResponseCodec.java:49)
	at org.openqa.selenium.remote.HttpCommandExecutor.execute(HttpCommandExecutor.java:158)
	at org.openqa.selenium.remote.service.DriverCommandExecutor.execute(DriverCommandExecutor.java:83)
	at org.openqa.selenium.remote.RemoteWebDriver.execute(RemoteWebDriver.java:552)
	at org.openqa.selenium.remote.RemoteWebDriver.findElement(RemoteWebDriver.java:323)
	at org.openqa.selenium.remote.RemoteWebDriver.findElementByXPath(RemoteWebDriver.java:428)
	at org.openqa.selenium.By$ByXPath.findElement(By.java:353)
	at org.openqa.selenium.remote.RemoteWebDriver.findElement(RemoteWebDriver.java:315)
	at com.ps.Test.Surveys.priceoverride(Surveys.java:427)
... Removed 32 stack frames</div></td></tr></table><p class="totop"><a href="#summary">back to summary</a></p><h3 id="m16">com.ps.Test.Surveys#Defaultsurvey</h3><table class="result"><tr><th>Messages</th></tr><tr><td><div class="messages">Starting test is Defaultsurvey<br/>Entered Into Login Page<br/>Buyer Login Successfully<br/>Buyer Login Successful<br/>Create Survey Page opened<br/>Meta Data Entered Successfully<br/>Survey Created Successfully<br/>Test Passed Defaultsurvey</div></td></tr></table><p class="totop"><a href="#summary">back to summary</a></p><h3 id="m17">com.ps.Test.Surveys#Search</h3><table class="result"><tr><th>Messages</th></tr><tr><td><div class="messages">Starting test is Search<br/>Buyer Login Successful<br/>Search Working Fine<br/>Test Passed Search</div></td></tr></table><p class="totop"><a href="#summary">back to summary</a></p><h3 id="m18">com.ps.Test.Surveys#Suppliers</h3><table class="result"><tr><th>Messages</th></tr><tr><td><div class="messages">Starting test is Suppliers<br/>Supplier Found<br/>Test Passed Suppliers</div></td></tr></table><p class="totop"><a href="#summary">back to summary</a></p><h3 id="m19">com.ps.Test.Surveys#VerifyDashboard</h3><table class="result"><tr><th>Messages</th></tr><tr><td><div class="messages">Starting test is VerifyDashboard<br/>Test Passed VerifyDashboard</div></td></tr></table><p class="totop"><a href="#summary">back to summary</a></p><h3 id="m20">com.ps.Test.Surveys#addingQuotas</h3><table class="result"><tr><th>Messages</th></tr><tr><td><div class="messages">Starting test is addingQuotas<br/>Test Passed addingQuotas</div></td></tr></table><p class="totop"><a href="#summary">back to summary</a></p><h2>QBP Survey</h2><h3 id="m21">com.ps.Test.QBPTest#VerifyDashboard</h3><table class="result"><tr><th>Messages</th></tr><tr><td><div class="messages">Starting test is VerifyDashboard<br/>Survey Dashboard Verification Started<br/>Click to see Screenshot<br/><a target="_blank" href=Wed_May_05_11_09_49_IST_2021.jpg>Screenshot</a><br/><br><br/><br><br/><a target="_blank" href=Wed_May_05_11_09_49_IST_2021.jpg><img src=Wed_May_05_11_09_49_IST_2021.jpg height=200 width=200></img></a><br/>Test failed VerifyDashboard</div></td></tr><tr><th>Exception</th></tr><tr><td><div class="stacktrace">java.lang.AssertionError: expected [0 | 30] but found [0 | 60]
	at com.ps.Test.QBPTest.VerifyDashboard(QBPTest.java:244)
... Removed 34 stack frames</div></td></tr></table><p class="totop"><a href="#summary">back to summary</a></p><h3 id="m22">com.ps.Test.QBPTest#VerifyDashboard</h3><table class="result"><tr><th>Messages</th></tr><tr><td><div class="messages">Starting test is VerifyDashboard<br/>Survey Dashboard Verification Started<br/>Test Skipped VerifyDashboard</div></td></tr><tr><th>Exception</th></tr><tr><td><div class="stacktrace">java.lang.AssertionError: expected [0 | 30] but found [0 | 60]
	at com.ps.Test.QBPTest.VerifyDashboard(QBPTest.java:244)
... Removed 34 stack frames</div></td></tr></table><p class="totop"><a href="#summary">back to summary</a></p><h3 id="m23">com.ps.Test.QBPTest#VerifyDashboard</h3><table class="result"><tr><th>Messages</th></tr><tr><td><div class="messages">Starting test is VerifyDashboard<br/>Survey Dashboard Verification Started<br/>Test Skipped VerifyDashboard</div></td></tr><tr><th>Exception</th></tr><tr><td><div class="stacktrace">java.lang.AssertionError: expected [0 | 30] but found [0 | 60]
	at com.ps.Test.QBPTest.VerifyDashboard(QBPTest.java:244)
... Removed 34 stack frames</div></td></tr></table><p class="totop"><a href="#summary">back to summary</a></p><h3 id="m24">com.ps.Test.QBPTest#VerifyDashboard</h3><table class="result"><tr><th>Messages</th></tr><tr><td><div class="messages">Starting test is VerifyDashboard<br/>Survey Dashboard Verification Started<br/>Test Skipped VerifyDashboard</div></td></tr><tr><th>Exception</th></tr><tr><td><div class="stacktrace">java.lang.AssertionError: expected [0 | 30] but found [0 | 60]
	at com.ps.Test.QBPTest.VerifyDashboard(QBPTest.java:244)
... Removed 34 stack frames</div></td></tr></table><p class="totop"><a href="#summary">back to summary</a></p><h3 id="m25">com.ps.Test.QBPTest#QBPSurvey</h3><table class="result"><tr><th>Messages</th></tr><tr><td><div class="messages">Starting test is QBPSurvey<br/>Create Survey Page opened<br/>Meta Data Entered Successfully<br/>Gender Census Added Successfully<br/>Supplier Selected<br/>Entered to Finalize and launch Page<br/>Survey Created Successfully<br/>Test Passed QBPSurvey</div></td></tr></table><p class="totop"><a href="#summary">back to summary</a></p><h3 id="m26">com.ps.Test.QBPTest#Search</h3><table class="result"><tr><th>Messages</th></tr><tr><td><div class="messages">Starting test is Search<br/>Buyer Login Successful<br/>Search Working Fine<br/>Test Passed Search</div></td></tr></table><p class="totop"><a href="#summary">back to summary</a></p><h3 id="m27">com.ps.Test.QBPTest#VerifyCPIoverride</h3><table class="result"><tr><th>Messages</th></tr><tr><td><div class="messages">Starting test is VerifyCPIoverride<br/>Started VerifyCPIoverride <br/>Entered QBP 1 CPI Value Successfully <br/>Entered QBP 2 CPI Value Successfully <br/>Selected Supplier Tab <br/>Supplier CPI Verified Successfully <br/>Test Passed VerifyCPIoverride</div></td></tr></table><p class="totop"><a href="#summary">back to summary</a></p><h2>TC Survey</h2><h3 id="m28">com.ps.Test.TrafficChannels#TCCreation</h3><table class="result"><tr><th>Messages</th></tr><tr><td><div class="messages">Starting test is TCCreation<br/>Create Survey Page opened<br/>Meta Data Entered Successfully<br/>TC Survey Created Successfully<br/>Buyer Login Successful<br/>Search Working Fine<br/>Test Passed TCCreation</div></td></tr></table><p class="totop"><a href="#summary">back to summary</a></p><h3 id="m29">com.ps.Test.TrafficChannels#TCSearch</h3><table class="result"><tr><th>Messages</th></tr><tr><td><div class="messages">Starting test is TCSearch<br/>Buyer Login Successful<br/>Search Working Fine<br/>Test Passed TCSearch</div></td></tr></table><p class="totop"><a href="#summary">back to summary</a></p><h3 id="m30">com.ps.Test.TrafficChannels#TCStatus</h3><table class="result"><tr><th>Messages</th></tr><tr><td><div class="messages">Starting test is TCStatus<br/>Entered Into Login Page<br/>Buyer Login Successfully<br/>Buyer Login Successful<br/>Buyer Login Successful<br/>Search Working Fine<br/>Test Passed TCStatus</div></td></tr></table><p class="totop"><a href="#summary">back to summary</a></p><h3 id="m31">com.ps.Test.TrafficChannels#tcchild</h3><table class="result"><tr><th>Messages</th></tr><tr><td><div class="messages">Starting test is tcchild<br/>Test Passed tcchild</div></td></tr></table><p class="totop"><a href="#summary">back to summary</a></p><h3 id="m32">com.ps.Test.TrafficChannels#verifyTC</h3><table class="result"><tr><th>Messages</th></tr><tr><td><div class="messages">Starting test is verifyTC<br/>Test Passed verifyTC</div></td></tr></table><p class="totop"><a href="#summary">back to summary</a></p><h2>Feasibility</h2><h3 id="m33">com.ps.testcases.Feasibility#feasibility</h3><table class="result"><tr><th>Messages</th></tr><tr><td><div class="messages">Starting test is feasibility<br/>Click to see Screenshot<br/><a target="_blank" href=Wed_May_05_11_14_53_IST_2021.jpg>Screenshot</a><br/><br><br/><br><br/><a target="_blank" href=Wed_May_05_11_14_53_IST_2021.jpg><img src=Wed_May_05_11_14_53_IST_2021.jpg height=200 width=200></img></a><br/>Test failed feasibility</div></td></tr><tr><th>Exception</th></tr><tr><td><div class="stacktrace">org.openqa.selenium.NoSuchElementException: no such element: Unable to locate element: {&quot;method&quot;:&quot;xpath&quot;,&quot;selector&quot;:&quot;//dynamicheader//div//button[@id=&apos;user-options&apos;]&quot;}
  (Session info: chrome=90.0.4430.93)
For documentation on this error, please visit: https://www.seleniumhq.org/exceptions/no_such_element.html
Build info: version: &apos;3.141.59&apos;, revision: &apos;e82be7d358&apos;, time: &apos;2018-11-14T08:17:03&apos;
System info: host: &apos;VAMSIREDDY-PC&apos;, ip: &apos;192.168.225.71&apos;, os.name: &apos;Windows 7&apos;, os.arch: &apos;amd64&apos;, os.version: &apos;6.1&apos;, java.version: &apos;16.0.1&apos;
Driver info: org.openqa.selenium.chrome.ChromeDriver
Capabilities {acceptInsecureCerts: false, browserName: chrome, browserVersion: 90.0.4430.93, chrome: {chromedriverVersion: 90.0.4430.24 (4c6d850f087da..., userDataDir: C:\Users\VAMSIR~1\AppData\L...}, goog:chromeOptions: {debuggerAddress: localhost:54779}, javascriptEnabled: true, networkConnectionEnabled: false, pageLoadStrategy: normal, platform: WINDOWS, platformName: WINDOWS, proxy: Proxy(), setWindowRect: true, strictFileInteractability: false, timeouts: {implicit: 0, pageLoad: 300000, script: 30000}, unhandledPromptBehavior: dismiss and notify, webauthn:extension:largeBlob: true, webauthn:virtualAuthenticators: true}
Session ID: 09e963723a293d9bdca76d70b485a705
*** Element info: {Using=xpath, value=//dynamicheader//div//button[@id=&apos;user-options&apos;]}
	at org.openqa.selenium.remote.http.W3CHttpResponseCodec.createException(W3CHttpResponseCodec.java:187)
	at org.openqa.selenium.remote.http.W3CHttpResponseCodec.decode(W3CHttpResponseCodec.java:122)
	at org.openqa.selenium.remote.http.W3CHttpResponseCodec.decode(W3CHttpResponseCodec.java:49)
	at org.openqa.selenium.remote.HttpCommandExecutor.execute(HttpCommandExecutor.java:158)
	at org.openqa.selenium.remote.service.DriverCommandExecutor.execute(DriverCommandExecutor.java:83)
	at org.openqa.selenium.remote.RemoteWebDriver.execute(RemoteWebDriver.java:552)
	at org.openqa.selenium.remote.RemoteWebDriver.findElement(RemoteWebDriver.java:323)
	at org.openqa.selenium.remote.RemoteWebDriver.findElementByXPath(RemoteWebDriver.java:428)
	at org.openqa.selenium.By$ByXPath.findElement(By.java:353)
	at org.openqa.selenium.remote.RemoteWebDriver.findElement(RemoteWebDriver.java:315)
	at com.ps.Test.Login.Buyerlogin1(Login.java:182)
	at com.ps.testcases.Feasibility.feasibility(Feasibility.java:45)
... Removed 32 stack frames</div></td></tr></table><p class="totop"><a href="#summary">back to summary</a></p><h3 id="m34">com.ps.testcases.Feasibility#feasibility</h3><table class="result"><tr><th>Messages</th></tr><tr><td><div class="messages">Starting test is feasibility<br/>Test Skipped feasibility</div></td></tr><tr><th>Exception</th></tr><tr><td><div class="stacktrace">org.openqa.selenium.TimeoutException: Expected condition failed: waiting for visibility of element located by By.name: surveyTitle (tried for 30 second(s) with 500 milliseconds interval)
	at org.openqa.selenium.support.ui.WebDriverWait.timeoutException(WebDriverWait.java:95)
	at org.openqa.selenium.support.ui.FluentWait.until(FluentWait.java:272)
	at com.ps.testcases.Feasibility.feasibility(Feasibility.java:49)
Caused by: org.openqa.selenium.NoSuchElementException: no such element: Unable to locate element: {&quot;method&quot;:&quot;css selector&quot;,&quot;selector&quot;:&quot;*[name=&apos;surveyTitle&apos;]&quot;}
  (Session info: chrome=90.0.4430.93)
For documentation on this error, please visit: https://www.seleniumhq.org/exceptions/no_such_element.html
Build info: version: &apos;3.141.59&apos;, revision: &apos;e82be7d358&apos;, time: &apos;2018-11-14T08:17:03&apos;
System info: host: &apos;VAMSIREDDY-PC&apos;, ip: &apos;192.168.225.71&apos;, os.name: &apos;Windows 7&apos;, os.arch: &apos;amd64&apos;, os.version: &apos;6.1&apos;, java.version: &apos;16.0.1&apos;
Driver info: org.openqa.selenium.chrome.ChromeDriver
Capabilities {acceptInsecureCerts: false, browserName: chrome, browserVersion: 90.0.4430.93, chrome: {chromedriverVersion: 90.0.4430.24 (4c6d850f087da..., userDataDir: C:\Users\VAMSIR~1\AppData\L...}, goog:chromeOptions: {debuggerAddress: localhost:54779}, javascriptEnabled: true, networkConnectionEnabled: false, pageLoadStrategy: normal, platform: WINDOWS, platformName: WINDOWS, proxy: Proxy(), setWindowRect: true, strictFileInteractability: false, timeouts: {implicit: 0, pageLoad: 300000, script: 30000}, unhandledPromptBehavior: dismiss and notify, webauthn:extension:largeBlob: true, webauthn:virtualAuthenticators: true}
Session ID: 09e963723a293d9bdca76d70b485a705
*** Element info: {Using=name, value=surveyTitle}
	at org.openqa.selenium.remote.http.W3CHttpResponseCodec.createException(W3CHttpResponseCodec.java:187)
	at org.openqa.selenium.remote.http.W3CHttpResponseCodec.decode(W3CHttpResponseCodec.java:122)
	at org.openqa.selenium.remote.http.W3CHttpResponseCodec.decode(W3CHttpResponseCodec.java:49)
	at org.openqa.selenium.remote.HttpCommandExecutor.execute(HttpCommandExecutor.java:158)
	at org.openqa.selenium.remote.service.DriverCommandExecutor.execute(DriverCommandExecutor.java:83)
	at org.openqa.selenium.remote.RemoteWebDriver.execute(RemoteWebDriver.java:552)
	at org.openqa.selenium.remote.RemoteWebDriver.findElement(RemoteWebDriver.java:323)
	at org.openqa.selenium.remote.RemoteWebDriver.findElementByName(RemoteWebDriver.java:404)
	at org.openqa.selenium.By$ByName.findElement(By.java:284)
	at org.openqa.selenium.remote.RemoteWebDriver.findElement(RemoteWebDriver.java:315)
	at org.openqa.selenium.support.ui.ExpectedConditions$7.apply(ExpectedConditions.java:205)
	at org.openqa.selenium.support.ui.ExpectedConditions$7.apply(ExpectedConditions.java:201)
	at org.openqa.selenium.support.ui.FluentWait.until(FluentWait.java:249)
	... 29 more
... Removed 32 stack frames</div></td></tr></table><p class="totop"><a href="#summary">back to summary</a></p><h3 id="m35">com.ps.testcases.Feasibility#feasibility</h3><table class="result"><tr><th>Messages</th></tr><tr><td><div class="messages">Starting test is feasibility<br/>Create Survey Page opened<br/>Meta Data Entered Successfully<br/>Gender Census Added Successfully<br/>Test Skipped feasibility</div></td></tr><tr><th>Exception</th></tr><tr><td><div class="stacktrace">org.openqa.selenium.UnhandledAlertException: unexpected alert open: {Alert text : Modifying the qualifications will delete the current quotas}
  (Session info: chrome=90.0.4430.93): Modifying the qualifications will delete the current quotas
Build info: version: &apos;3.141.59&apos;, revision: &apos;e82be7d358&apos;, time: &apos;2018-11-14T08:17:03&apos;
System info: host: &apos;VAMSIREDDY-PC&apos;, ip: &apos;192.168.225.71&apos;, os.name: &apos;Windows 7&apos;, os.arch: &apos;amd64&apos;, os.version: &apos;6.1&apos;, java.version: &apos;16.0.1&apos;
Driver info: org.openqa.selenium.chrome.ChromeDriver
Capabilities {acceptInsecureCerts: false, browserName: chrome, browserVersion: 90.0.4430.93, chrome: {chromedriverVersion: 90.0.4430.24 (4c6d850f087da..., userDataDir: C:\Users\VAMSIR~1\AppData\L...}, goog:chromeOptions: {debuggerAddress: localhost:54779}, javascriptEnabled: true, networkConnectionEnabled: false, pageLoadStrategy: normal, platform: WINDOWS, platformName: WINDOWS, proxy: Proxy(), setWindowRect: true, strictFileInteractability: false, timeouts: {implicit: 0, pageLoad: 300000, script: 30000}, unhandledPromptBehavior: dismiss and notify, webauthn:extension:largeBlob: true, webauthn:virtualAuthenticators: true}
Session ID: 09e963723a293d9bdca76d70b485a705
*** Element info: {Using=id, value=#genderModal}
	at org.openqa.selenium.remote.http.W3CHttpResponseCodec.decode(W3CHttpResponseCodec.java:120)
	at org.openqa.selenium.remote.http.W3CHttpResponseCodec.decode(W3CHttpResponseCodec.java:49)
	at org.openqa.selenium.remote.HttpCommandExecutor.execute(HttpCommandExecutor.java:158)
	at org.openqa.selenium.remote.service.DriverCommandExecutor.execute(DriverCommandExecutor.java:83)
	at org.openqa.selenium.remote.RemoteWebDriver.execute(RemoteWebDriver.java:552)
	at org.openqa.selenium.remote.RemoteWebDriver.findElement(RemoteWebDriver.java:323)
	at org.openqa.selenium.remote.RemoteWebDriver.findElementById(RemoteWebDriver.java:372)
	at org.openqa.selenium.By$ById.findElement(By.java:188)
	at org.openqa.selenium.remote.RemoteWebDriver.findElement(RemoteWebDriver.java:315)
	at com.ps.testcases.Feasibility.feasibility(Feasibility.java:147)
... Removed 28 stack frames</div></td></tr></table><p class="totop"><a href="#summary">back to summary</a></p><h3 id="m36">com.ps.testcases.Feasibility#feasibility</h3><table class="result"><tr><th>Messages</th></tr><tr><td><div class="messages">Starting test is feasibility<br/>Test Skipped feasibility</div></td></tr><tr><th>Exception</th></tr><tr><td><div class="stacktrace">org.openqa.selenium.NoSuchElementException: no such element: Unable to locate element: {&quot;method&quot;:&quot;xpath&quot;,&quot;selector&quot;:&quot;//dynamicheader//div//button[@id=&apos;user-options&apos;]&quot;}
  (Session info: chrome=90.0.4430.93)
For documentation on this error, please visit: https://www.seleniumhq.org/exceptions/no_such_element.html
Build info: version: &apos;3.141.59&apos;, revision: &apos;e82be7d358&apos;, time: &apos;2018-11-14T08:17:03&apos;
System info: host: &apos;VAMSIREDDY-PC&apos;, ip: &apos;192.168.225.71&apos;, os.name: &apos;Windows 7&apos;, os.arch: &apos;amd64&apos;, os.version: &apos;6.1&apos;, java.version: &apos;16.0.1&apos;
Driver info: org.openqa.selenium.chrome.ChromeDriver
Capabilities {acceptInsecureCerts: false, browserName: chrome, browserVersion: 90.0.4430.93, chrome: {chromedriverVersion: 90.0.4430.24 (4c6d850f087da..., userDataDir: C:\Users\VAMSIR~1\AppData\L...}, goog:chromeOptions: {debuggerAddress: localhost:54779}, javascriptEnabled: true, networkConnectionEnabled: false, pageLoadStrategy: normal, platform: WINDOWS, platformName: WINDOWS, proxy: Proxy(), setWindowRect: true, strictFileInteractability: false, timeouts: {implicit: 0, pageLoad: 300000, script: 30000}, unhandledPromptBehavior: dismiss and notify, webauthn:extension:largeBlob: true, webauthn:virtualAuthenticators: true}
Session ID: 09e963723a293d9bdca76d70b485a705
*** Element info: {Using=xpath, value=//dynamicheader//div//button[@id=&apos;user-options&apos;]}
	at org.openqa.selenium.remote.http.W3CHttpResponseCodec.createException(W3CHttpResponseCodec.java:187)
	at org.openqa.selenium.remote.http.W3CHttpResponseCodec.decode(W3CHttpResponseCodec.java:122)
	at org.openqa.selenium.remote.http.W3CHttpResponseCodec.decode(W3CHttpResponseCodec.java:49)
	at org.openqa.selenium.remote.HttpCommandExecutor.execute(HttpCommandExecutor.java:158)
	at org.openqa.selenium.remote.service.DriverCommandExecutor.execute(DriverCommandExecutor.java:83)
	at org.openqa.selenium.remote.RemoteWebDriver.execute(RemoteWebDriver.java:552)
	at org.openqa.selenium.remote.RemoteWebDriver.findElement(RemoteWebDriver.java:323)
	at org.openqa.selenium.remote.RemoteWebDriver.findElementByXPath(RemoteWebDriver.java:428)
	at org.openqa.selenium.By$ByXPath.findElement(By.java:353)
	at org.openqa.selenium.remote.RemoteWebDriver.findElement(RemoteWebDriver.java:315)
	at com.ps.Test.Login.Buyerlogin1(Login.java:182)
	at com.ps.testcases.Feasibility.feasibility(Feasibility.java:45)
... Removed 32 stack frames</div></td></tr></table><p class="totop"><a href="#summary">back to summary</a></p></body></html>