<!DOCTYPE html>

<html>
  <head>
  <meta charset='utf-8'>
  <title>TestNG reports</title>

    <link type="text/css" href="testng-reports.css" rel="stylesheet" />
    <script type="text/javascript" src="jquery-1.7.1.min.js"></script>
    <script type="text/javascript" src="testng-reports.js"></script>
    <script type="text/javascript" src="https://www.google.com/jsapi"></script>
    <script type='text/javascript'>
      google.load('visualization', '1', {packages:['table']});
      google.setOnLoadCallback(drawTable);
      var suiteTableInitFunctions = new Array();
      var suiteTableData = new Array();
    </script>
    <!--
      <script type="text/javascript" src="jquery-ui/js/jquery-ui-1.8.16.custom.min.js"></script>
     -->
  </head>

  <body>
    <div class="top-banner-root">
      <span class="top-banner-title-font">Test results</span>
      <br/>
      <span class="top-banner-font-1">1 suite, 5 failed tests</span>
    </div> <!-- top-banner-root -->
    <div class="navigator-root">
      <div class="navigator-suite-header">
        <span>All suites</span>
        <a href="#" title="Collapse/expand all the suites" class="collapse-all-link">
          <img src="collapseall.gif" class="collapse-all-icon">
          </img> <!-- collapse-all-icon -->
        </a> <!-- collapse-all-link -->
      </div> <!-- navigator-suite-header -->
      <div class="suite">
        <div class="rounded-window">
          <div class="suite-header light-rounded-window-top">
            <a href="#" panel-name="suite-PureSpectrum" class="navigator-link">
              <span class="suite-name border-failed">PureSpectrum</span>
            </a> <!-- navigator-link -->
          </div> <!-- suite-header light-rounded-window-top -->
          <div class="navigator-suite-content">
            <div class="suite-section-title">
              <span>Info</span>
            </div> <!-- suite-section-title -->
            <div class="suite-section-content">
              <ul>
                <li>
                  <a href="#" panel-name="test-xml-PureSpectrum" class="navigator-link ">
                    <span>C:\Selenium WorkSpace\Data Driven Frame Work\DataDrivenFramework\src\test\resources\runner\testng.xml</span>
                  </a> <!-- navigator-link  -->
                </li>
                <li>
                  <a href="#" panel-name="testlist-PureSpectrum" class="navigator-link ">
                    <span class="test-stats">4 tests</span>
                  </a> <!-- navigator-link  -->
                </li>
                <li>
                  <a href="#" panel-name="group-PureSpectrum" class="navigator-link ">
                    <span>0 groups</span>
                  </a> <!-- navigator-link  -->
                </li>
                <li>
                  <a href="#" panel-name="times-PureSpectrum" class="navigator-link ">
                    <span>Times</span>
                  </a> <!-- navigator-link  -->
                </li>
                <li>
                  <a href="#" panel-name="reporter-PureSpectrum" class="navigator-link ">
                    <span>Reporter output</span>
                  </a> <!-- navigator-link  -->
                </li>
                <li>
                  <a href="#" panel-name="ignored-methods-PureSpectrum" class="navigator-link ">
                    <span>Ignored methods</span>
                  </a> <!-- navigator-link  -->
                </li>
                <li>
                  <a href="#" panel-name="chronological-PureSpectrum" class="navigator-link ">
                    <span>Chronological view</span>
                  </a> <!-- navigator-link  -->
                </li>
              </ul>
            </div> <!-- suite-section-content -->
            <div class="result-section">
              <div class="suite-section-title">
                <span>Results</span>
              </div> <!-- suite-section-title -->
              <div class="suite-section-content">
                <ul>
                  <li>
                    <span class="method-stats">37 methods, 5 failed,  19 skipped,  13 passed</span>
                  </li>
                  <li>
                    <span class="method-list-title failed">Failed methods</span>
                    <span class="show-or-hide-methods failed">
                      <a href="#" panel-name="suite-PureSpectrum" class="hide-methods failed suite-PureSpectrum"> (hide)</a> <!-- hide-methods failed suite-PureSpectrum -->
                      <a href="#" panel-name="suite-PureSpectrum" class="show-methods failed suite-PureSpectrum"> (show)</a> <!-- show-methods failed suite-PureSpectrum -->
                    </span>
                    <div class="method-list-content failed suite-PureSpectrum">
                      <span>
                        <img src="failed.png" width="3%"/>
                        <a href="#" panel-name="suite-PureSpectrum" title="com.ps.Test.QBPTest" class="method navigator-link" hash-for-method="VerifyDashboard">VerifyDashboard</a> <!-- method navigator-link -->
                      </span>
                      <br/>
                      <span>
                        <img src="failed.png" width="3%"/>
                        <a href="#" panel-name="suite-PureSpectrum" title="com.ps.Test.Surveys" class="method navigator-link" hash-for-method="VerifyDashboardAAQ">VerifyDashboardAAQ</a> <!-- method navigator-link -->
                      </span>
                      <br/>
                      <span>
                        <img src="failed.png" width="3%"/>
                        <a href="#" panel-name="suite-PureSpectrum" title="com.ps.Test.Surveys" class="method navigator-link" hash-for-method="afterComplete">afterComplete</a> <!-- method navigator-link -->
                      </span>
                      <br/>
                      <span>
                        <img src="failed.png" width="3%"/>
                        <a href="#" panel-name="suite-PureSpectrum" title="com.ps.testcases.Feasibility" class="method navigator-link" hash-for-method="feasibility">feasibility</a> <!-- method navigator-link -->
                      </span>
                      <br/>
                      <span>
                        <img src="failed.png" width="3%"/>
                        <a href="#" panel-name="suite-PureSpectrum" title="com.ps.Test.Surveys" class="method navigator-link" hash-for-method="priceoverride">priceoverride</a> <!-- method navigator-link -->
                      </span>
                      <br/>
                    </div> <!-- method-list-content failed suite-PureSpectrum -->
                  </li>
                  <li>
                    <span class="method-list-title skipped">Skipped methods</span>
                    <span class="show-or-hide-methods skipped">
                      <a href="#" panel-name="suite-PureSpectrum" class="hide-methods skipped suite-PureSpectrum"> (hide)</a> <!-- hide-methods skipped suite-PureSpectrum -->
                      <a href="#" panel-name="suite-PureSpectrum" class="show-methods skipped suite-PureSpectrum"> (show)</a> <!-- show-methods skipped suite-PureSpectrum -->
                    </span>
                    <div class="method-list-content skipped suite-PureSpectrum">
                      <span>
                        <img src="skipped.png" width="3%"/>
                        <a href="#" panel-name="suite-PureSpectrum" title="com.ps.Test.Surveys" class="method navigator-link" hash-for-method="Respondentflow">Respondentflow</a> <!-- method navigator-link -->
                      </span>
                      <br/>
                      <span>
                        <img src="skipped.png" width="3%"/>
                        <a href="#" panel-name="suite-PureSpectrum" title="com.ps.Test.Surveys" class="method navigator-link" hash-for-method="Suppliers">Suppliers</a> <!-- method navigator-link -->
                      </span>
                      <br/>
                      <span>
                        <img src="skipped.png" width="3%"/>
                        <a href="#" panel-name="suite-PureSpectrum" title="com.ps.Test.Surveys" class="method navigator-link" hash-for-method="Suppliers">Suppliers</a> <!-- method navigator-link -->
                      </span>
                      <br/>
                      <span>
                        <img src="skipped.png" width="3%"/>
                        <a href="#" panel-name="suite-PureSpectrum" title="com.ps.Test.Surveys" class="method navigator-link" hash-for-method="Suppliers">Suppliers</a> <!-- method navigator-link -->
                      </span>
                      <br/>
                      <span>
                        <img src="skipped.png" width="3%"/>
                        <a href="#" panel-name="suite-PureSpectrum" title="com.ps.Test.QBPTest" class="method navigator-link" hash-for-method="VerifyDashboard">VerifyDashboard</a> <!-- method navigator-link -->
                      </span>
                      <br/>
                      <span>
                        <img src="skipped.png" width="3%"/>
                        <a href="#" panel-name="suite-PureSpectrum" title="com.ps.Test.QBPTest" class="method navigator-link" hash-for-method="VerifyDashboard">VerifyDashboard</a> <!-- method navigator-link -->
                      </span>
                      <br/>
                      <span>
                        <img src="skipped.png" width="3%"/>
                        <a href="#" panel-name="suite-PureSpectrum" title="com.ps.Test.QBPTest" class="method navigator-link" hash-for-method="VerifyDashboard">VerifyDashboard</a> <!-- method navigator-link -->
                      </span>
                      <br/>
                      <span>
                        <img src="skipped.png" width="3%"/>
                        <a href="#" panel-name="suite-PureSpectrum" title="com.ps.Test.Surveys" class="method navigator-link" hash-for-method="VerifyDashboardAAQ">VerifyDashboardAAQ</a> <!-- method navigator-link -->
                      </span>
                      <br/>
                      <span>
                        <img src="skipped.png" width="3%"/>
                        <a href="#" panel-name="suite-PureSpectrum" title="com.ps.Test.Surveys" class="method navigator-link" hash-for-method="VerifyDashboardAAQ">VerifyDashboardAAQ</a> <!-- method navigator-link -->
                      </span>
                      <br/>
                      <span>
                        <img src="skipped.png" width="3%"/>
                        <a href="#" panel-name="suite-PureSpectrum" title="com.ps.Test.Surveys" class="method navigator-link" hash-for-method="VerifyDashboardAAQ">VerifyDashboardAAQ</a> <!-- method navigator-link -->
                      </span>
                      <br/>
                      <span>
                        <img src="skipped.png" width="3%"/>
                        <a href="#" panel-name="suite-PureSpectrum" title="com.ps.Test.Surveys" class="method navigator-link" hash-for-method="afterComplete">afterComplete</a> <!-- method navigator-link -->
                      </span>
                      <br/>
                      <span>
                        <img src="skipped.png" width="3%"/>
                        <a href="#" panel-name="suite-PureSpectrum" title="com.ps.Test.Surveys" class="method navigator-link" hash-for-method="afterComplete">afterComplete</a> <!-- method navigator-link -->
                      </span>
                      <br/>
                      <span>
                        <img src="skipped.png" width="3%"/>
                        <a href="#" panel-name="suite-PureSpectrum" title="com.ps.Test.Surveys" class="method navigator-link" hash-for-method="afterComplete">afterComplete</a> <!-- method navigator-link -->
                      </span>
                      <br/>
                      <span>
                        <img src="skipped.png" width="3%"/>
                        <a href="#" panel-name="suite-PureSpectrum" title="com.ps.testcases.Feasibility" class="method navigator-link" hash-for-method="feasibility">feasibility</a> <!-- method navigator-link -->
                      </span>
                      <br/>
                      <span>
                        <img src="skipped.png" width="3%"/>
                        <a href="#" panel-name="suite-PureSpectrum" title="com.ps.testcases.Feasibility" class="method navigator-link" hash-for-method="feasibility">feasibility</a> <!-- method navigator-link -->
                      </span>
                      <br/>
                      <span>
                        <img src="skipped.png" width="3%"/>
                        <a href="#" panel-name="suite-PureSpectrum" title="com.ps.testcases.Feasibility" class="method navigator-link" hash-for-method="feasibility">feasibility</a> <!-- method navigator-link -->
                      </span>
                      <br/>
                      <span>
                        <img src="skipped.png" width="3%"/>
                        <a href="#" panel-name="suite-PureSpectrum" title="com.ps.Test.Surveys" class="method navigator-link" hash-for-method="priceoverride">priceoverride</a> <!-- method navigator-link -->
                      </span>
                      <br/>
                      <span>
                        <img src="skipped.png" width="3%"/>
                        <a href="#" panel-name="suite-PureSpectrum" title="com.ps.Test.Surveys" class="method navigator-link" hash-for-method="priceoverride">priceoverride</a> <!-- method navigator-link -->
                      </span>
                      <br/>
                      <span>
                        <img src="skipped.png" width="3%"/>
                        <a href="#" panel-name="suite-PureSpectrum" title="com.ps.Test.Surveys" class="method navigator-link" hash-for-method="priceoverride">priceoverride</a> <!-- method navigator-link -->
                      </span>
                      <br/>
                    </div> <!-- method-list-content skipped suite-PureSpectrum -->
                  </li>
                  <li>
                    <span class="method-list-title passed">Passed methods</span>
                    <span class="show-or-hide-methods passed">
                      <a href="#" panel-name="suite-PureSpectrum" class="hide-methods passed suite-PureSpectrum"> (hide)</a> <!-- hide-methods passed suite-PureSpectrum -->
                      <a href="#" panel-name="suite-PureSpectrum" class="show-methods passed suite-PureSpectrum"> (show)</a> <!-- show-methods passed suite-PureSpectrum -->
                    </span>
                    <div class="method-list-content passed suite-PureSpectrum">
                      <span>
                        <img src="passed.png" width="3%"/>
                        <a href="#" panel-name="suite-PureSpectrum" title="com.ps.Test.Surveys" class="method navigator-link" hash-for-method="Defaultsurvey">Defaultsurvey</a> <!-- method navigator-link -->
                      </span>
                      <br/>
                      <span>
                        <img src="passed.png" width="3%"/>
                        <a href="#" panel-name="suite-PureSpectrum" title="com.ps.Test.QBPTest" class="method navigator-link" hash-for-method="QBPSurvey">QBPSurvey</a> <!-- method navigator-link -->
                      </span>
                      <br/>
                      <span>
                        <img src="passed.png" width="3%"/>
                        <a href="#" panel-name="suite-PureSpectrum" title="com.ps.Test.Surveys" class="method navigator-link" hash-for-method="Search">Search</a> <!-- method navigator-link -->
                      </span>
                      <br/>
                      <span>
                        <img src="passed.png" width="3%"/>
                        <a href="#" panel-name="suite-PureSpectrum" title="com.ps.Test.QBPTest" class="method navigator-link" hash-for-method="Search">Search</a> <!-- method navigator-link -->
                      </span>
                      <br/>
                      <span>
                        <img src="passed.png" width="3%"/>
                        <a href="#" panel-name="suite-PureSpectrum" title="com.ps.Test.Surveys" class="method navigator-link" hash-for-method="Suppliers">Suppliers</a> <!-- method navigator-link -->
                      </span>
                      <br/>
                      <span>
                        <img src="passed.png" width="3%"/>
                        <a href="#" panel-name="suite-PureSpectrum" title="com.ps.Test.TrafficChannels" class="method navigator-link" hash-for-method="TCCreation">TCCreation</a> <!-- method navigator-link -->
                      </span>
                      <br/>
                      <span>
                        <img src="passed.png" width="3%"/>
                        <a href="#" panel-name="suite-PureSpectrum" title="com.ps.Test.TrafficChannels" class="method navigator-link" hash-for-method="TCSearch">TCSearch</a> <!-- method navigator-link -->
                      </span>
                      <br/>
                      <span>
                        <img src="passed.png" width="3%"/>
                        <a href="#" panel-name="suite-PureSpectrum" title="com.ps.Test.TrafficChannels" class="method navigator-link" hash-for-method="TCStatus">TCStatus</a> <!-- method navigator-link -->
                      </span>
                      <br/>
                      <span>
                        <img src="passed.png" width="3%"/>
                        <a href="#" panel-name="suite-PureSpectrum" title="com.ps.Test.QBPTest" class="method navigator-link" hash-for-method="VerifyCPIoverride">VerifyCPIoverride</a> <!-- method navigator-link -->
                      </span>
                      <br/>
                      <span>
                        <img src="passed.png" width="3%"/>
                        <a href="#" panel-name="suite-PureSpectrum" title="com.ps.Test.Surveys" class="method navigator-link" hash-for-method="VerifyDashboard">VerifyDashboard</a> <!-- method navigator-link -->
                      </span>
                      <br/>
                      <span>
                        <img src="passed.png" width="3%"/>
                        <a href="#" panel-name="suite-PureSpectrum" title="com.ps.Test.Surveys" class="method navigator-link" hash-for-method="addingQuotas">addingQuotas</a> <!-- method navigator-link -->
                      </span>
                      <br/>
                      <span>
                        <img src="passed.png" width="3%"/>
                        <a href="#" panel-name="suite-PureSpectrum" title="com.ps.Test.TrafficChannels" class="method navigator-link" hash-for-method="tcchild">tcchild</a> <!-- method navigator-link -->
                      </span>
                      <br/>
                      <span>
                        <img src="passed.png" width="3%"/>
                        <a href="#" panel-name="suite-PureSpectrum" title="com.ps.Test.TrafficChannels" class="method navigator-link" hash-for-method="verifyTC">verifyTC</a> <!-- method navigator-link -->
                      </span>
                      <br/>
                    </div> <!-- method-list-content passed suite-PureSpectrum -->
                  </li>
                </ul>
              </div> <!-- suite-section-content -->
            </div> <!-- result-section -->
          </div> <!-- navigator-suite-content -->
        </div> <!-- rounded-window -->
      </div> <!-- suite -->
    </div> <!-- navigator-root -->
    <div class="wrapper">
      <div class="main-panel-root">
        <div panel-name="suite-PureSpectrum" class="panel PureSpectrum">
          <div class="suite-PureSpectrum-class-failed">
            <div class="main-panel-header rounded-window-top">
              <img src="failed.png"/>
              <span class="class-name">com.ps.Test.QBPTest</span>
            </div> <!-- main-panel-header rounded-window-top -->
            <div class="main-panel-content rounded-window-bottom">
              <div class="method">
                <div class="method-content">
                  <a name="VerifyDashboard">
                  </a> <!-- VerifyDashboard -->
                  <span class="method-name">VerifyDashboard</span>
                  <div class="stack-trace">java.lang.AssertionError: expected [0 | 30] but found [0 | 60]
	at com.ps.Test.QBPTest.VerifyDashboard(QBPTest.java:244)
... Removed 34 stack frames
</div> <!-- stack-trace -->
                </div> <!-- method-content -->
              </div> <!-- method -->
            </div> <!-- main-panel-content rounded-window-bottom -->
          </div> <!-- suite-PureSpectrum-class-failed -->
          <div class="suite-PureSpectrum-class-failed">
            <div class="main-panel-header rounded-window-top">
              <img src="failed.png"/>
              <span class="class-name">com.ps.testcases.Feasibility</span>
            </div> <!-- main-panel-header rounded-window-top -->
            <div class="main-panel-content rounded-window-bottom">
              <div class="method">
                <div class="method-content">
                  <a name="feasibility">
                  </a> <!-- feasibility -->
                  <span class="method-name">feasibility</span>
                  <div class="stack-trace">org.openqa.selenium.NoSuchElementException: no such element: Unable to locate element: {&quot;method&quot;:&quot;xpath&quot;,&quot;selector&quot;:&quot;//dynamicheader//div//button[@id=&apos;user-options&apos;]&quot;}
  (Session info: chrome=90.0.4430.93)
For documentation on this error, please visit: https://www.seleniumhq.org/exceptions/no_such_element.html
Build info: version: &apos;3.141.59&apos;, revision: &apos;e82be7d358&apos;, time: &apos;2018-11-14T08:17:03&apos;
System info: host: &apos;VAMSIREDDY-PC&apos;, ip: &apos;192.168.225.71&apos;, os.name: &apos;Windows 7&apos;, os.arch: &apos;amd64&apos;, os.version: &apos;6.1&apos;, java.version: &apos;16.0.1&apos;
Driver info: org.openqa.selenium.chrome.ChromeDriver
Capabilities {acceptInsecureCerts: false, browserName: chrome, browserVersion: 90.0.4430.93, chrome: {chromedriverVersion: 90.0.4430.24 (4c6d850f087da..., userDataDir: C:\Users\VAMSIR~1\AppData\L...}, goog:chromeOptions: {debuggerAddress: localhost:54779}, javascriptEnabled: true, networkConnectionEnabled: false, pageLoadStrategy: normal, platform: WINDOWS, platformName: WINDOWS, proxy: Proxy(), setWindowRect: true, strictFileInteractability: false, timeouts: {implicit: 0, pageLoad: 300000, script: 30000}, unhandledPromptBehavior: dismiss and notify, webauthn:extension:largeBlob: true, webauthn:virtualAuthenticators: true}
Session ID: 09e963723a293d9bdca76d70b485a705
*** Element info: {Using=xpath, value=//dynamicheader//div//button[@id=&apos;user-options&apos;]}
	at org.openqa.selenium.remote.http.W3CHttpResponseCodec.createException(W3CHttpResponseCodec.java:187)
	at org.openqa.selenium.remote.http.W3CHttpResponseCodec.decode(W3CHttpResponseCodec.java:122)
	at org.openqa.selenium.remote.http.W3CHttpResponseCodec.decode(W3CHttpResponseCodec.java:49)
	at org.openqa.selenium.remote.HttpCommandExecutor.execute(HttpCommandExecutor.java:158)
	at org.openqa.selenium.remote.service.DriverCommandExecutor.execute(DriverCommandExecutor.java:83)
	at org.openqa.selenium.remote.RemoteWebDriver.execute(RemoteWebDriver.java:552)
	at org.openqa.selenium.remote.RemoteWebDriver.findElement(RemoteWebDriver.java:323)
	at org.openqa.selenium.remote.RemoteWebDriver.findElementByXPath(RemoteWebDriver.java:428)
	at org.openqa.selenium.By$ByXPath.findElement(By.java:353)
	at org.openqa.selenium.remote.RemoteWebDriver.findElement(RemoteWebDriver.java:315)
	at com.ps.Test.Login.Buyerlogin1(Login.java:182)
	at com.ps.testcases.Feasibility.feasibility(Feasibility.java:45)
... Removed 32 stack frames
</div> <!-- stack-trace -->
                </div> <!-- method-content -->
              </div> <!-- method -->
            </div> <!-- main-panel-content rounded-window-bottom -->
          </div> <!-- suite-PureSpectrum-class-failed -->
          <div class="suite-PureSpectrum-class-failed">
            <div class="main-panel-header rounded-window-top">
              <img src="failed.png"/>
              <span class="class-name">com.ps.Test.Surveys</span>
            </div> <!-- main-panel-header rounded-window-top -->
            <div class="main-panel-content rounded-window-bottom">
              <div class="method">
                <div class="method-content">
                  <a name="VerifyDashboardAAQ">
                  </a> <!-- VerifyDashboardAAQ -->
                  <span class="method-name">VerifyDashboardAAQ</span>
                  <div class="stack-trace">java.lang.AssertionError: expected [0 | 30] but found [0 | 60]
	at com.ps.Test.Surveys.VerifyDashboardAAQ(Surveys.java:262)
... Removed 34 stack frames
</div> <!-- stack-trace -->
                </div> <!-- method-content -->
              </div> <!-- method -->
              <div class="method">
                <div class="method-content">
                  <a name="afterComplete">
                  </a> <!-- afterComplete -->
                  <span class="method-name">afterComplete</span>
                  <div class="stack-trace">java.lang.AssertionError: expected [0 | 30] but found [0 | 60]
	at com.ps.Test.Surveys.afterComplete(Surveys.java:404)
... Removed 34 stack frames
</div> <!-- stack-trace -->
                </div> <!-- method-content -->
              </div> <!-- method -->
              <div class="method">
                <div class="method-content">
                  <a name="priceoverride">
                  </a> <!-- priceoverride -->
                  <span class="method-name">priceoverride</span>
                  <div class="stack-trace">org.openqa.selenium.NoSuchElementException: no such element: Unable to locate element: {&quot;method&quot;:&quot;xpath&quot;,&quot;selector&quot;:&quot;(//footer//div//ul//li)[3]&quot;}
  (Session info: chrome=90.0.4430.93)
For documentation on this error, please visit: https://www.seleniumhq.org/exceptions/no_such_element.html
Build info: version: &apos;3.141.59&apos;, revision: &apos;e82be7d358&apos;, time: &apos;2018-11-14T08:17:03&apos;
System info: host: &apos;VAMSIREDDY-PC&apos;, ip: &apos;192.168.225.71&apos;, os.name: &apos;Windows 7&apos;, os.arch: &apos;amd64&apos;, os.version: &apos;6.1&apos;, java.version: &apos;16.0.1&apos;
Driver info: org.openqa.selenium.chrome.ChromeDriver
Capabilities {acceptInsecureCerts: false, browserName: chrome, browserVersion: 90.0.4430.93, chrome: {chromedriverVersion: 90.0.4430.24 (4c6d850f087da..., userDataDir: C:\Users\VAMSIR~1\AppData\L...}, goog:chromeOptions: {debuggerAddress: localhost:54779}, javascriptEnabled: true, networkConnectionEnabled: false, pageLoadStrategy: normal, platform: WINDOWS, platformName: WINDOWS, proxy: Proxy(), setWindowRect: true, strictFileInteractability: false, timeouts: {implicit: 0, pageLoad: 300000, script: 30000}, unhandledPromptBehavior: dismiss and notify, webauthn:extension:largeBlob: true, webauthn:virtualAuthenticators: true}
Session ID: 09e963723a293d9bdca76d70b485a705
*** Element info: {Using=xpath, value=(//footer//div//ul//li)[3]}
	at org.openqa.selenium.remote.http.W3CHttpResponseCodec.createException(W3CHttpResponseCodec.java:187)
	at org.openqa.selenium.remote.http.W3CHttpResponseCodec.decode(W3CHttpResponseCodec.java:122)
	at org.openqa.selenium.remote.http.W3CHttpResponseCodec.decode(W3CHttpResponseCodec.java:49)
	at org.openqa.selenium.remote.HttpCommandExecutor.execute(HttpCommandExecutor.java:158)
	at org.openqa.selenium.remote.service.DriverCommandExecutor.execute(DriverCommandExecutor.java:83)
	at org.openqa.selenium.remote.RemoteWebDriver.execute(RemoteWebDriver.java:552)
	at org.openqa.selenium.remote.RemoteWebDriver.findElement(RemoteWebDriver.java:323)
	at org.openqa.selenium.remote.RemoteWebDriver.findElementByXPath(RemoteWebDriver.java:428)
	at org.openqa.selenium.By$ByXPath.findElement(By.java:353)
	at org.openqa.selenium.remote.RemoteWebDriver.findElement(RemoteWebDriver.java:315)
	at com.ps.Test.Surveys.priceoverride(Surveys.java:427)
... Removed 32 stack frames
</div> <!-- stack-trace -->
                </div> <!-- method-content -->
              </div> <!-- method -->
            </div> <!-- main-panel-content rounded-window-bottom -->
          </div> <!-- suite-PureSpectrum-class-failed -->
          <div class="suite-PureSpectrum-class-skipped">
            <div class="main-panel-header rounded-window-top">
              <img src="skipped.png"/>
              <span class="class-name">com.ps.Test.QBPTest</span>
            </div> <!-- main-panel-header rounded-window-top -->
            <div class="main-panel-content rounded-window-bottom">
              <div class="method">
                <div class="method-content">
                  <a name="VerifyDashboard">
                  </a> <!-- VerifyDashboard -->
                  <span class="method-name">VerifyDashboard</span>
                  <div class="stack-trace">java.lang.AssertionError: expected [0 | 30] but found [0 | 60]
	at com.ps.Test.QBPTest.VerifyDashboard(QBPTest.java:244)
... Removed 34 stack frames
</div> <!-- stack-trace -->
                </div> <!-- method-content -->
              </div> <!-- method -->
              <div class="method">
                <div class="method-content">
                  <a name="VerifyDashboard">
                  </a> <!-- VerifyDashboard -->
                  <span class="method-name">VerifyDashboard</span>
                  <div class="stack-trace">java.lang.AssertionError: expected [0 | 30] but found [0 | 60]
	at com.ps.Test.QBPTest.VerifyDashboard(QBPTest.java:244)
... Removed 34 stack frames
</div> <!-- stack-trace -->
                </div> <!-- method-content -->
              </div> <!-- method -->
              <div class="method">
                <div class="method-content">
                  <a name="VerifyDashboard">
                  </a> <!-- VerifyDashboard -->
                  <span class="method-name">VerifyDashboard</span>
                  <div class="stack-trace">java.lang.AssertionError: expected [0 | 30] but found [0 | 60]
	at com.ps.Test.QBPTest.VerifyDashboard(QBPTest.java:244)
... Removed 34 stack frames
</div> <!-- stack-trace -->
                </div> <!-- method-content -->
              </div> <!-- method -->
            </div> <!-- main-panel-content rounded-window-bottom -->
          </div> <!-- suite-PureSpectrum-class-skipped -->
          <div class="suite-PureSpectrum-class-skipped">
            <div class="main-panel-header rounded-window-top">
              <img src="skipped.png"/>
              <span class="class-name">com.ps.testcases.Feasibility</span>
            </div> <!-- main-panel-header rounded-window-top -->
            <div class="main-panel-content rounded-window-bottom">
              <div class="method">
                <div class="method-content">
                  <a name="feasibility">
                  </a> <!-- feasibility -->
                  <span class="method-name">feasibility</span>
                  <div class="stack-trace">org.openqa.selenium.TimeoutException: Expected condition failed: waiting for visibility of element located by By.name: surveyTitle (tried for 30 second(s) with 500 milliseconds interval)
	at org.openqa.selenium.support.ui.WebDriverWait.timeoutException(WebDriverWait.java:95)
	at org.openqa.selenium.support.ui.FluentWait.until(FluentWait.java:272)
	at com.ps.testcases.Feasibility.feasibility(Feasibility.java:49)
Caused by: org.openqa.selenium.NoSuchElementException: no such element: Unable to locate element: {&quot;method&quot;:&quot;css selector&quot;,&quot;selector&quot;:&quot;*[name=&apos;surveyTitle&apos;]&quot;}
  (Session info: chrome=90.0.4430.93)
For documentation on this error, please visit: https://www.seleniumhq.org/exceptions/no_such_element.html
Build info: version: &apos;3.141.59&apos;, revision: &apos;e82be7d358&apos;, time: &apos;2018-11-14T08:17:03&apos;
System info: host: &apos;VAMSIREDDY-PC&apos;, ip: &apos;192.168.225.71&apos;, os.name: &apos;Windows 7&apos;, os.arch: &apos;amd64&apos;, os.version: &apos;6.1&apos;, java.version: &apos;16.0.1&apos;
Driver info: org.openqa.selenium.chrome.ChromeDriver
Capabilities {acceptInsecureCerts: false, browserName: chrome, browserVersion: 90.0.4430.93, chrome: {chromedriverVersion: 90.0.4430.24 (4c6d850f087da..., userDataDir: C:\Users\VAMSIR~1\AppData\L...}, goog:chromeOptions: {debuggerAddress: localhost:54779}, javascriptEnabled: true, networkConnectionEnabled: false, pageLoadStrategy: normal, platform: WINDOWS, platformName: WINDOWS, proxy: Proxy(), setWindowRect: true, strictFileInteractability: false, timeouts: {implicit: 0, pageLoad: 300000, script: 30000}, unhandledPromptBehavior: dismiss and notify, webauthn:extension:largeBlob: true, webauthn:virtualAuthenticators: true}
Session ID: 09e963723a293d9bdca76d70b485a705
*** Element info: {Using=name, value=surveyTitle}
	at org.openqa.selenium.remote.http.W3CHttpResponseCodec.createException(W3CHttpResponseCodec.java:187)
	at org.openqa.selenium.remote.http.W3CHttpResponseCodec.decode(W3CHttpResponseCodec.java:122)
	at org.openqa.selenium.remote.http.W3CHttpResponseCodec.decode(W3CHttpResponseCodec.java:49)
	at org.openqa.selenium.remote.HttpCommandExecutor.execute(HttpCommandExecutor.java:158)
	at org.openqa.selenium.remote.service.DriverCommandExecutor.execute(DriverCommandExecutor.java:83)
	at org.openqa.selenium.remote.RemoteWebDriver.execute(RemoteWebDriver.java:552)
	at org.openqa.selenium.remote.RemoteWebDriver.findElement(RemoteWebDriver.java:323)
	at org.openqa.selenium.remote.RemoteWebDriver.findElementByName(RemoteWebDriver.java:404)
	at org.openqa.selenium.By$ByName.findElement(By.java:284)
	at org.openqa.selenium.remote.RemoteWebDriver.findElement(RemoteWebDriver.java:315)
	at org.openqa.selenium.support.ui.ExpectedConditions$7.apply(ExpectedConditions.java:205)
	at org.openqa.selenium.support.ui.ExpectedConditions$7.apply(ExpectedConditions.java:201)
	at org.openqa.selenium.support.ui.FluentWait.until(FluentWait.java:249)
	... 29 more
... Removed 32 stack frames
</div> <!-- stack-trace -->
                </div> <!-- method-content -->
              </div> <!-- method -->
              <div class="method">
                <div class="method-content">
                  <a name="feasibility">
                  </a> <!-- feasibility -->
                  <span class="method-name">feasibility</span>
                  <div class="stack-trace">org.openqa.selenium.UnhandledAlertException: unexpected alert open: {Alert text : Modifying the qualifications will delete the current quotas}
  (Session info: chrome=90.0.4430.93): Modifying the qualifications will delete the current quotas
Build info: version: &apos;3.141.59&apos;, revision: &apos;e82be7d358&apos;, time: &apos;2018-11-14T08:17:03&apos;
System info: host: &apos;VAMSIREDDY-PC&apos;, ip: &apos;192.168.225.71&apos;, os.name: &apos;Windows 7&apos;, os.arch: &apos;amd64&apos;, os.version: &apos;6.1&apos;, java.version: &apos;16.0.1&apos;
Driver info: org.openqa.selenium.chrome.ChromeDriver
Capabilities {acceptInsecureCerts: false, browserName: chrome, browserVersion: 90.0.4430.93, chrome: {chromedriverVersion: 90.0.4430.24 (4c6d850f087da..., userDataDir: C:\Users\VAMSIR~1\AppData\L...}, goog:chromeOptions: {debuggerAddress: localhost:54779}, javascriptEnabled: true, networkConnectionEnabled: false, pageLoadStrategy: normal, platform: WINDOWS, platformName: WINDOWS, proxy: Proxy(), setWindowRect: true, strictFileInteractability: false, timeouts: {implicit: 0, pageLoad: 300000, script: 30000}, unhandledPromptBehavior: dismiss and notify, webauthn:extension:largeBlob: true, webauthn:virtualAuthenticators: true}
Session ID: 09e963723a293d9bdca76d70b485a705
*** Element info: {Using=id, value=#genderModal}
	at org.openqa.selenium.remote.http.W3CHttpResponseCodec.decode(W3CHttpResponseCodec.java:120)
	at org.openqa.selenium.remote.http.W3CHttpResponseCodec.decode(W3CHttpResponseCodec.java:49)
	at org.openqa.selenium.remote.HttpCommandExecutor.execute(HttpCommandExecutor.java:158)
	at org.openqa.selenium.remote.service.DriverCommandExecutor.execute(DriverCommandExecutor.java:83)
	at org.openqa.selenium.remote.RemoteWebDriver.execute(RemoteWebDriver.java:552)
	at org.openqa.selenium.remote.RemoteWebDriver.findElement(RemoteWebDriver.java:323)
	at org.openqa.selenium.remote.RemoteWebDriver.findElementById(RemoteWebDriver.java:372)
	at org.openqa.selenium.By$ById.findElement(By.java:188)
	at org.openqa.selenium.remote.RemoteWebDriver.findElement(RemoteWebDriver.java:315)
	at com.ps.testcases.Feasibility.feasibility(Feasibility.java:147)
... Removed 28 stack frames
</div> <!-- stack-trace -->
                </div> <!-- method-content -->
              </div> <!-- method -->
              <div class="method">
                <div class="method-content">
                  <a name="feasibility">
                  </a> <!-- feasibility -->
                  <span class="method-name">feasibility</span>
                  <div class="stack-trace">org.openqa.selenium.NoSuchElementException: no such element: Unable to locate element: {&quot;method&quot;:&quot;xpath&quot;,&quot;selector&quot;:&quot;//dynamicheader//div//button[@id=&apos;user-options&apos;]&quot;}
  (Session info: chrome=90.0.4430.93)
For documentation on this error, please visit: https://www.seleniumhq.org/exceptions/no_such_element.html
Build info: version: &apos;3.141.59&apos;, revision: &apos;e82be7d358&apos;, time: &apos;2018-11-14T08:17:03&apos;
System info: host: &apos;VAMSIREDDY-PC&apos;, ip: &apos;192.168.225.71&apos;, os.name: &apos;Windows 7&apos;, os.arch: &apos;amd64&apos;, os.version: &apos;6.1&apos;, java.version: &apos;16.0.1&apos;
Driver info: org.openqa.selenium.chrome.ChromeDriver
Capabilities {acceptInsecureCerts: false, browserName: chrome, browserVersion: 90.0.4430.93, chrome: {chromedriverVersion: 90.0.4430.24 (4c6d850f087da..., userDataDir: C:\Users\VAMSIR~1\AppData\L...}, goog:chromeOptions: {debuggerAddress: localhost:54779}, javascriptEnabled: true, networkConnectionEnabled: false, pageLoadStrategy: normal, platform: WINDOWS, platformName: WINDOWS, proxy: Proxy(), setWindowRect: true, strictFileInteractability: false, timeouts: {implicit: 0, pageLoad: 300000, script: 30000}, unhandledPromptBehavior: dismiss and notify, webauthn:extension:largeBlob: true, webauthn:virtualAuthenticators: true}
Session ID: 09e963723a293d9bdca76d70b485a705
*** Element info: {Using=xpath, value=//dynamicheader//div//button[@id=&apos;user-options&apos;]}
	at org.openqa.selenium.remote.http.W3CHttpResponseCodec.createException(W3CHttpResponseCodec.java:187)
	at org.openqa.selenium.remote.http.W3CHttpResponseCodec.decode(W3CHttpResponseCodec.java:122)
	at org.openqa.selenium.remote.http.W3CHttpResponseCodec.decode(W3CHttpResponseCodec.java:49)
	at org.openqa.selenium.remote.HttpCommandExecutor.execute(HttpCommandExecutor.java:158)
	at org.openqa.selenium.remote.service.DriverCommandExecutor.execute(DriverCommandExecutor.java:83)
	at org.openqa.selenium.remote.RemoteWebDriver.execute(RemoteWebDriver.java:552)
	at org.openqa.selenium.remote.RemoteWebDriver.findElement(RemoteWebDriver.java:323)
	at org.openqa.selenium.remote.RemoteWebDriver.findElementByXPath(RemoteWebDriver.java:428)
	at org.openqa.selenium.By$ByXPath.findElement(By.java:353)
	at org.openqa.selenium.remote.RemoteWebDriver.findElement(RemoteWebDriver.java:315)
	at com.ps.Test.Login.Buyerlogin1(Login.java:182)
	at com.ps.testcases.Feasibility.feasibility(Feasibility.java:45)
... Removed 32 stack frames
</div> <!-- stack-trace -->
                </div> <!-- method-content -->
              </div> <!-- method -->
            </div> <!-- main-panel-content rounded-window-bottom -->
          </div> <!-- suite-PureSpectrum-class-skipped -->
          <div class="suite-PureSpectrum-class-skipped">
            <div class="main-panel-header rounded-window-top">
              <img src="skipped.png"/>
              <span class="class-name">com.ps.Test.Surveys</span>
            </div> <!-- main-panel-header rounded-window-top -->
            <div class="main-panel-content rounded-window-bottom">
              <div class="method">
                <div class="method-content">
                  <a name="Respondentflow">
                  </a> <!-- Respondentflow -->
                  <span class="method-name">Respondentflow</span>
                  <div class="stack-trace">java.lang.Throwable: Method Surveys.Respondentflow()[pri:6, instance:com.ps.Test.Surveys@7357a011] depends on not successfully finished methods
... Removed 21 stack frames
</div> <!-- stack-trace -->
                </div> <!-- method-content -->
              </div> <!-- method -->
              <div class="method">
                <div class="method-content">
                  <a name="Suppliers">
                  </a> <!-- Suppliers -->
                  <span class="method-name">Suppliers</span>
                  <div class="stack-trace">org.openqa.selenium.ElementClickInterceptedException: element click intercepted: Element &lt;a href=&quot;&quot; aria-controls=&quot;suppliers&quot; role=&quot;tab&quot; data-toggle=&quot;tab&quot; ng-click=&quot;setTab(&apos;suppliers&apos;); setCardGoalDetails(); resetUIValues(); get...(surveyDetails.id);&quot;&gt;Suppliers&lt;/a&gt; is not clickable at point (408, 18). Other element would receive the click: &lt;div class=&quot;col-xs-12 col-sm-6 col-md-6 dash-logo-section&quot;&gt;...&lt;/div&gt;
  (Session info: chrome=90.0.4430.93)
Build info: version: &apos;3.141.59&apos;, revision: &apos;e82be7d358&apos;, time: &apos;2018-11-14T08:17:03&apos;
System info: host: &apos;VAMSIREDDY-PC&apos;, ip: &apos;192.168.225.71&apos;, os.name: &apos;Windows 7&apos;, os.arch: &apos;amd64&apos;, os.version: &apos;6.1&apos;, java.version: &apos;16.0.1&apos;
Driver info: org.openqa.selenium.chrome.ChromeDriver
Capabilities {acceptInsecureCerts: false, browserName: chrome, browserVersion: 90.0.4430.93, chrome: {chromedriverVersion: 90.0.4430.24 (4c6d850f087da..., userDataDir: C:\Users\VAMSIR~1\AppData\L...}, goog:chromeOptions: {debuggerAddress: localhost:54779}, javascriptEnabled: true, networkConnectionEnabled: false, pageLoadStrategy: normal, platform: WINDOWS, platformName: WINDOWS, proxy: Proxy(), setWindowRect: true, strictFileInteractability: false, timeouts: {implicit: 0, pageLoad: 300000, script: 30000}, unhandledPromptBehavior: dismiss and notify, webauthn:extension:largeBlob: true, webauthn:virtualAuthenticators: true}
Session ID: 09e963723a293d9bdca76d70b485a705
	at org.openqa.selenium.remote.http.W3CHttpResponseCodec.createException(W3CHttpResponseCodec.java:187)
	at org.openqa.selenium.remote.http.W3CHttpResponseCodec.decode(W3CHttpResponseCodec.java:122)
	at org.openqa.selenium.remote.http.W3CHttpResponseCodec.decode(W3CHttpResponseCodec.java:49)
	at org.openqa.selenium.remote.HttpCommandExecutor.execute(HttpCommandExecutor.java:158)
	at org.openqa.selenium.remote.service.DriverCommandExecutor.execute(DriverCommandExecutor.java:83)
	at org.openqa.selenium.remote.RemoteWebDriver.execute(RemoteWebDriver.java:552)
	at org.openqa.selenium.remote.RemoteWebElement.execute(RemoteWebElement.java:285)
	at org.openqa.selenium.remote.RemoteWebElement.click(RemoteWebElement.java:84)
	at com.ps.Test.Surveys.Suppliers(Surveys.java:281)
... Removed 33 stack frames
</div> <!-- stack-trace -->
                </div> <!-- method-content -->
              </div> <!-- method -->
              <div class="method">
                <div class="method-content">
                  <a name="Suppliers">
                  </a> <!-- Suppliers -->
                  <span class="method-name">Suppliers</span>
                  <div class="stack-trace">org.openqa.selenium.ElementClickInterceptedException: element click intercepted: Element &lt;a href=&quot;&quot; aria-controls=&quot;suppliers&quot; role=&quot;tab&quot; data-toggle=&quot;tab&quot; ng-click=&quot;setTab(&apos;suppliers&apos;); setCardGoalDetails(); resetUIValues(); get...(surveyDetails.id);&quot;&gt;Suppliers&lt;/a&gt; is not clickable at point (408, 18). Other element would receive the click: &lt;div class=&quot;col-xs-12 col-sm-6 col-md-6 dash-logo-section&quot;&gt;...&lt;/div&gt;
  (Session info: chrome=90.0.4430.93)
Build info: version: &apos;3.141.59&apos;, revision: &apos;e82be7d358&apos;, time: &apos;2018-11-14T08:17:03&apos;
System info: host: &apos;VAMSIREDDY-PC&apos;, ip: &apos;192.168.225.71&apos;, os.name: &apos;Windows 7&apos;, os.arch: &apos;amd64&apos;, os.version: &apos;6.1&apos;, java.version: &apos;16.0.1&apos;
Driver info: org.openqa.selenium.chrome.ChromeDriver
Capabilities {acceptInsecureCerts: false, browserName: chrome, browserVersion: 90.0.4430.93, chrome: {chromedriverVersion: 90.0.4430.24 (4c6d850f087da..., userDataDir: C:\Users\VAMSIR~1\AppData\L...}, goog:chromeOptions: {debuggerAddress: localhost:54779}, javascriptEnabled: true, networkConnectionEnabled: false, pageLoadStrategy: normal, platform: WINDOWS, platformName: WINDOWS, proxy: Proxy(), setWindowRect: true, strictFileInteractability: false, timeouts: {implicit: 0, pageLoad: 300000, script: 30000}, unhandledPromptBehavior: dismiss and notify, webauthn:extension:largeBlob: true, webauthn:virtualAuthenticators: true}
Session ID: 09e963723a293d9bdca76d70b485a705
	at org.openqa.selenium.remote.http.W3CHttpResponseCodec.createException(W3CHttpResponseCodec.java:187)
	at org.openqa.selenium.remote.http.W3CHttpResponseCodec.decode(W3CHttpResponseCodec.java:122)
	at org.openqa.selenium.remote.http.W3CHttpResponseCodec.decode(W3CHttpResponseCodec.java:49)
	at org.openqa.selenium.remote.HttpCommandExecutor.execute(HttpCommandExecutor.java:158)
	at org.openqa.selenium.remote.service.DriverCommandExecutor.execute(DriverCommandExecutor.java:83)
	at org.openqa.selenium.remote.RemoteWebDriver.execute(RemoteWebDriver.java:552)
	at org.openqa.selenium.remote.RemoteWebElement.execute(RemoteWebElement.java:285)
	at org.openqa.selenium.remote.RemoteWebElement.click(RemoteWebElement.java:84)
	at com.ps.Test.Surveys.Suppliers(Surveys.java:281)
... Removed 33 stack frames
</div> <!-- stack-trace -->
                </div> <!-- method-content -->
              </div> <!-- method -->
              <div class="method">
                <div class="method-content">
                  <a name="Suppliers">
                  </a> <!-- Suppliers -->
                  <span class="method-name">Suppliers</span>
                  <div class="stack-trace">org.openqa.selenium.ElementClickInterceptedException: element click intercepted: Element &lt;a href=&quot;&quot; aria-controls=&quot;suppliers&quot; role=&quot;tab&quot; data-toggle=&quot;tab&quot; ng-click=&quot;setTab(&apos;suppliers&apos;); setCardGoalDetails(); resetUIValues(); get...(surveyDetails.id);&quot;&gt;Suppliers&lt;/a&gt; is not clickable at point (408, 18). Other element would receive the click: &lt;div class=&quot;col-xs-12 col-sm-6 col-md-6 dash-logo-section&quot;&gt;...&lt;/div&gt;
  (Session info: chrome=90.0.4430.93)
Build info: version: &apos;3.141.59&apos;, revision: &apos;e82be7d358&apos;, time: &apos;2018-11-14T08:17:03&apos;
System info: host: &apos;VAMSIREDDY-PC&apos;, ip: &apos;192.168.225.71&apos;, os.name: &apos;Windows 7&apos;, os.arch: &apos;amd64&apos;, os.version: &apos;6.1&apos;, java.version: &apos;16.0.1&apos;
Driver info: org.openqa.selenium.chrome.ChromeDriver
Capabilities {acceptInsecureCerts: false, browserName: chrome, browserVersion: 90.0.4430.93, chrome: {chromedriverVersion: 90.0.4430.24 (4c6d850f087da..., userDataDir: C:\Users\VAMSIR~1\AppData\L...}, goog:chromeOptions: {debuggerAddress: localhost:54779}, javascriptEnabled: true, networkConnectionEnabled: false, pageLoadStrategy: normal, platform: WINDOWS, platformName: WINDOWS, proxy: Proxy(), setWindowRect: true, strictFileInteractability: false, timeouts: {implicit: 0, pageLoad: 300000, script: 30000}, unhandledPromptBehavior: dismiss and notify, webauthn:extension:largeBlob: true, webauthn:virtualAuthenticators: true}
Session ID: 09e963723a293d9bdca76d70b485a705
	at org.openqa.selenium.remote.http.W3CHttpResponseCodec.createException(W3CHttpResponseCodec.java:187)
	at org.openqa.selenium.remote.http.W3CHttpResponseCodec.decode(W3CHttpResponseCodec.java:122)
	at org.openqa.selenium.remote.http.W3CHttpResponseCodec.decode(W3CHttpResponseCodec.java:49)
	at org.openqa.selenium.remote.HttpCommandExecutor.execute(HttpCommandExecutor.java:158)
	at org.openqa.selenium.remote.service.DriverCommandExecutor.execute(DriverCommandExecutor.java:83)
	at org.openqa.selenium.remote.RemoteWebDriver.execute(RemoteWebDriver.java:552)
	at org.openqa.selenium.remote.RemoteWebElement.execute(RemoteWebElement.java:285)
	at org.openqa.selenium.remote.RemoteWebElement.click(RemoteWebElement.java:84)
	at com.ps.Test.Surveys.Suppliers(Surveys.java:281)
... Removed 33 stack frames
</div> <!-- stack-trace -->
                </div> <!-- method-content -->
              </div> <!-- method -->
              <div class="method">
                <div class="method-content">
                  <a name="VerifyDashboardAAQ">
                  </a> <!-- VerifyDashboardAAQ -->
                  <span class="method-name">VerifyDashboardAAQ</span>
                  <div class="stack-trace">java.lang.AssertionError: expected [0 | 30] but found [0 | 60]
	at com.ps.Test.Surveys.VerifyDashboardAAQ(Surveys.java:262)
... Removed 34 stack frames
</div> <!-- stack-trace -->
                </div> <!-- method-content -->
              </div> <!-- method -->
              <div class="method">
                <div class="method-content">
                  <a name="VerifyDashboardAAQ">
                  </a> <!-- VerifyDashboardAAQ -->
                  <span class="method-name">VerifyDashboardAAQ</span>
                  <div class="stack-trace">java.lang.AssertionError: expected [0 | 30] but found [0 | 60]
	at com.ps.Test.Surveys.VerifyDashboardAAQ(Surveys.java:262)
... Removed 34 stack frames
</div> <!-- stack-trace -->
                </div> <!-- method-content -->
              </div> <!-- method -->
              <div class="method">
                <div class="method-content">
                  <a name="VerifyDashboardAAQ">
                  </a> <!-- VerifyDashboardAAQ -->
                  <span class="method-name">VerifyDashboardAAQ</span>
                  <div class="stack-trace">java.lang.AssertionError: expected [0 | 30] but found [0 | 60]
	at com.ps.Test.Surveys.VerifyDashboardAAQ(Surveys.java:262)
... Removed 34 stack frames
</div> <!-- stack-trace -->
                </div> <!-- method-content -->
              </div> <!-- method -->
              <div class="method">
                <div class="method-content">
                  <a name="afterComplete">
                  </a> <!-- afterComplete -->
                  <span class="method-name">afterComplete</span>
                  <div class="stack-trace">java.lang.AssertionError: expected [0 | 30] but found [0 | 60]
	at com.ps.Test.Surveys.afterComplete(Surveys.java:404)
... Removed 34 stack frames
</div> <!-- stack-trace -->
                </div> <!-- method-content -->
              </div> <!-- method -->
              <div class="method">
                <div class="method-content">
                  <a name="afterComplete">
                  </a> <!-- afterComplete -->
                  <span class="method-name">afterComplete</span>
                  <div class="stack-trace">java.lang.AssertionError: expected [0 | 30] but found [0 | 60]
	at com.ps.Test.Surveys.afterComplete(Surveys.java:404)
... Removed 34 stack frames
</div> <!-- stack-trace -->
                </div> <!-- method-content -->
              </div> <!-- method -->
              <div class="method">
                <div class="method-content">
                  <a name="afterComplete">
                  </a> <!-- afterComplete -->
                  <span class="method-name">afterComplete</span>
                  <div class="stack-trace">java.lang.AssertionError: expected [0 | 30] but found [0 | 60]
	at com.ps.Test.Surveys.afterComplete(Surveys.java:404)
... Removed 34 stack frames
</div> <!-- stack-trace -->
                </div> <!-- method-content -->
              </div> <!-- method -->
              <div class="method">
                <div class="method-content">
                  <a name="priceoverride">
                  </a> <!-- priceoverride -->
                  <span class="method-name">priceoverride</span>
                  <div class="stack-trace">org.openqa.selenium.NoSuchElementException: no such element: Unable to locate element: {&quot;method&quot;:&quot;xpath&quot;,&quot;selector&quot;:&quot;/html/body/div[1]/div/section/div[1]/div/form/div/div[5]/div/table&quot;}
  (Session info: chrome=90.0.4430.93)
For documentation on this error, please visit: https://www.seleniumhq.org/exceptions/no_such_element.html
Build info: version: &apos;3.141.59&apos;, revision: &apos;e82be7d358&apos;, time: &apos;2018-11-14T08:17:03&apos;
System info: host: &apos;VAMSIREDDY-PC&apos;, ip: &apos;192.168.225.71&apos;, os.name: &apos;Windows 7&apos;, os.arch: &apos;amd64&apos;, os.version: &apos;6.1&apos;, java.version: &apos;16.0.1&apos;
Driver info: org.openqa.selenium.chrome.ChromeDriver
Capabilities {acceptInsecureCerts: false, browserName: chrome, browserVersion: 90.0.4430.93, chrome: {chromedriverVersion: 90.0.4430.24 (4c6d850f087da..., userDataDir: C:\Users\VAMSIR~1\AppData\L...}, goog:chromeOptions: {debuggerAddress: localhost:54779}, javascriptEnabled: true, networkConnectionEnabled: false, pageLoadStrategy: normal, platform: WINDOWS, platformName: WINDOWS, proxy: Proxy(), setWindowRect: true, strictFileInteractability: false, timeouts: {implicit: 0, pageLoad: 300000, script: 30000}, unhandledPromptBehavior: dismiss and notify, webauthn:extension:largeBlob: true, webauthn:virtualAuthenticators: true}
Session ID: 09e963723a293d9bdca76d70b485a705
*** Element info: {Using=xpath, value=/html/body/div[1]/div/section/div[1]/div/form/div/div[5]/div/table}
	at org.openqa.selenium.remote.http.W3CHttpResponseCodec.createException(W3CHttpResponseCodec.java:187)
	at org.openqa.selenium.remote.http.W3CHttpResponseCodec.decode(W3CHttpResponseCodec.java:122)
	at org.openqa.selenium.remote.http.W3CHttpResponseCodec.decode(W3CHttpResponseCodec.java:49)
	at org.openqa.selenium.remote.HttpCommandExecutor.execute(HttpCommandExecutor.java:158)
	at org.openqa.selenium.remote.service.DriverCommandExecutor.execute(DriverCommandExecutor.java:83)
	at org.openqa.selenium.remote.RemoteWebDriver.execute(RemoteWebDriver.java:552)
	at org.openqa.selenium.remote.RemoteWebDriver.findElement(RemoteWebDriver.java:323)
	at org.openqa.selenium.remote.RemoteWebDriver.findElementByXPath(RemoteWebDriver.java:428)
	at org.openqa.selenium.By$ByXPath.findElement(By.java:353)
	at org.openqa.selenium.remote.RemoteWebDriver.findElement(RemoteWebDriver.java:315)
	at com.ps.Test.Surveys.priceoverride(Surveys.java:429)
... Removed 32 stack frames
</div> <!-- stack-trace -->
                </div> <!-- method-content -->
              </div> <!-- method -->
              <div class="method">
                <div class="method-content">
                  <a name="priceoverride">
                  </a> <!-- priceoverride -->
                  <span class="method-name">priceoverride</span>
                  <div class="stack-trace">org.openqa.selenium.NoSuchElementException: no such element: Unable to locate element: {&quot;method&quot;:&quot;xpath&quot;,&quot;selector&quot;:&quot;(//footer//div//ul//li)[3]&quot;}
  (Session info: chrome=90.0.4430.93)
For documentation on this error, please visit: https://www.seleniumhq.org/exceptions/no_such_element.html
Build info: version: &apos;3.141.59&apos;, revision: &apos;e82be7d358&apos;, time: &apos;2018-11-14T08:17:03&apos;
System info: host: &apos;VAMSIREDDY-PC&apos;, ip: &apos;192.168.225.71&apos;, os.name: &apos;Windows 7&apos;, os.arch: &apos;amd64&apos;, os.version: &apos;6.1&apos;, java.version: &apos;16.0.1&apos;
Driver info: org.openqa.selenium.chrome.ChromeDriver
Capabilities {acceptInsecureCerts: false, browserName: chrome, browserVersion: 90.0.4430.93, chrome: {chromedriverVersion: 90.0.4430.24 (4c6d850f087da..., userDataDir: C:\Users\VAMSIR~1\AppData\L...}, goog:chromeOptions: {debuggerAddress: localhost:54779}, javascriptEnabled: true, networkConnectionEnabled: false, pageLoadStrategy: normal, platform: WINDOWS, platformName: WINDOWS, proxy: Proxy(), setWindowRect: true, strictFileInteractability: false, timeouts: {implicit: 0, pageLoad: 300000, script: 30000}, unhandledPromptBehavior: dismiss and notify, webauthn:extension:largeBlob: true, webauthn:virtualAuthenticators: true}
Session ID: 09e963723a293d9bdca76d70b485a705
*** Element info: {Using=xpath, value=(//footer//div//ul//li)[3]}
	at org.openqa.selenium.remote.http.W3CHttpResponseCodec.createException(W3CHttpResponseCodec.java:187)
	at org.openqa.selenium.remote.http.W3CHttpResponseCodec.decode(W3CHttpResponseCodec.java:122)
	at org.openqa.selenium.remote.http.W3CHttpResponseCodec.decode(W3CHttpResponseCodec.java:49)
	at org.openqa.selenium.remote.HttpCommandExecutor.execute(HttpCommandExecutor.java:158)
	at org.openqa.selenium.remote.service.DriverCommandExecutor.execute(DriverCommandExecutor.java:83)
	at org.openqa.selenium.remote.RemoteWebDriver.execute(RemoteWebDriver.java:552)
	at org.openqa.selenium.remote.RemoteWebDriver.findElement(RemoteWebDriver.java:323)
	at org.openqa.selenium.remote.RemoteWebDriver.findElementByXPath(RemoteWebDriver.java:428)
	at org.openqa.selenium.By$ByXPath.findElement(By.java:353)
	at org.openqa.selenium.remote.RemoteWebDriver.findElement(RemoteWebDriver.java:315)
	at com.ps.Test.Surveys.priceoverride(Surveys.java:427)
... Removed 32 stack frames
</div> <!-- stack-trace -->
                </div> <!-- method-content -->
              </div> <!-- method -->
              <div class="method">
                <div class="method-content">
                  <a name="priceoverride">
                  </a> <!-- priceoverride -->
                  <span class="method-name">priceoverride</span>
                  <div class="stack-trace">org.openqa.selenium.NoSuchElementException: no such element: Unable to locate element: {&quot;method&quot;:&quot;xpath&quot;,&quot;selector&quot;:&quot;(//footer//div//ul//li)[3]&quot;}
  (Session info: chrome=90.0.4430.93)
For documentation on this error, please visit: https://www.seleniumhq.org/exceptions/no_such_element.html
Build info: version: &apos;3.141.59&apos;, revision: &apos;e82be7d358&apos;, time: &apos;2018-11-14T08:17:03&apos;
System info: host: &apos;VAMSIREDDY-PC&apos;, ip: &apos;192.168.225.71&apos;, os.name: &apos;Windows 7&apos;, os.arch: &apos;amd64&apos;, os.version: &apos;6.1&apos;, java.version: &apos;16.0.1&apos;
Driver info: org.openqa.selenium.chrome.ChromeDriver
Capabilities {acceptInsecureCerts: false, browserName: chrome, browserVersion: 90.0.4430.93, chrome: {chromedriverVersion: 90.0.4430.24 (4c6d850f087da..., userDataDir: C:\Users\VAMSIR~1\AppData\L...}, goog:chromeOptions: {debuggerAddress: localhost:54779}, javascriptEnabled: true, networkConnectionEnabled: false, pageLoadStrategy: normal, platform: WINDOWS, platformName: WINDOWS, proxy: Proxy(), setWindowRect: true, strictFileInteractability: false, timeouts: {implicit: 0, pageLoad: 300000, script: 30000}, unhandledPromptBehavior: dismiss and notify, webauthn:extension:largeBlob: true, webauthn:virtualAuthenticators: true}
Session ID: 09e963723a293d9bdca76d70b485a705
*** Element info: {Using=xpath, value=(//footer//div//ul//li)[3]}
	at org.openqa.selenium.remote.http.W3CHttpResponseCodec.createException(W3CHttpResponseCodec.java:187)
	at org.openqa.selenium.remote.http.W3CHttpResponseCodec.decode(W3CHttpResponseCodec.java:122)
	at org.openqa.selenium.remote.http.W3CHttpResponseCodec.decode(W3CHttpResponseCodec.java:49)
	at org.openqa.selenium.remote.HttpCommandExecutor.execute(HttpCommandExecutor.java:158)
	at org.openqa.selenium.remote.service.DriverCommandExecutor.execute(DriverCommandExecutor.java:83)
	at org.openqa.selenium.remote.RemoteWebDriver.execute(RemoteWebDriver.java:552)
	at org.openqa.selenium.remote.RemoteWebDriver.findElement(RemoteWebDriver.java:323)
	at org.openqa.selenium.remote.RemoteWebDriver.findElementByXPath(RemoteWebDriver.java:428)
	at org.openqa.selenium.By$ByXPath.findElement(By.java:353)
	at org.openqa.selenium.remote.RemoteWebDriver.findElement(RemoteWebDriver.java:315)
	at com.ps.Test.Surveys.priceoverride(Surveys.java:427)
... Removed 32 stack frames
</div> <!-- stack-trace -->
                </div> <!-- method-content -->
              </div> <!-- method -->
            </div> <!-- main-panel-content rounded-window-bottom -->
          </div> <!-- suite-PureSpectrum-class-skipped -->
          <div class="suite-PureSpectrum-class-passed">
            <div class="main-panel-header rounded-window-top">
              <img src="passed.png"/>
              <span class="class-name">com.ps.Test.QBPTest</span>
            </div> <!-- main-panel-header rounded-window-top -->
            <div class="main-panel-content rounded-window-bottom">
              <div class="method">
                <div class="method-content">
                  <a name="QBPSurvey">
                  </a> <!-- QBPSurvey -->
                  <span class="method-name">QBPSurvey</span>
                </div> <!-- method-content -->
              </div> <!-- method -->
              <div class="method">
                <div class="method-content">
                  <a name="Search">
                  </a> <!-- Search -->
                  <span class="method-name">Search</span>
                </div> <!-- method-content -->
              </div> <!-- method -->
              <div class="method">
                <div class="method-content">
                  <a name="VerifyCPIoverride">
                  </a> <!-- VerifyCPIoverride -->
                  <span class="method-name">VerifyCPIoverride</span>
                </div> <!-- method-content -->
              </div> <!-- method -->
            </div> <!-- main-panel-content rounded-window-bottom -->
          </div> <!-- suite-PureSpectrum-class-passed -->
          <div class="suite-PureSpectrum-class-passed">
            <div class="main-panel-header rounded-window-top">
              <img src="passed.png"/>
              <span class="class-name">com.ps.Test.TrafficChannels</span>
            </div> <!-- main-panel-header rounded-window-top -->
            <div class="main-panel-content rounded-window-bottom">
              <div class="method">
                <div class="method-content">
                  <a name="TCCreation">
                  </a> <!-- TCCreation -->
                  <span class="method-name">TCCreation</span>
                </div> <!-- method-content -->
              </div> <!-- method -->
              <div class="method">
                <div class="method-content">
                  <a name="TCSearch">
                  </a> <!-- TCSearch -->
                  <span class="method-name">TCSearch</span>
                </div> <!-- method-content -->
              </div> <!-- method -->
              <div class="method">
                <div class="method-content">
                  <a name="TCStatus">
                  </a> <!-- TCStatus -->
                  <span class="method-name">TCStatus</span>
                </div> <!-- method-content -->
              </div> <!-- method -->
              <div class="method">
                <div class="method-content">
                  <a name="tcchild">
                  </a> <!-- tcchild -->
                  <span class="method-name">tcchild</span>
                </div> <!-- method-content -->
              </div> <!-- method -->
              <div class="method">
                <div class="method-content">
                  <a name="verifyTC">
                  </a> <!-- verifyTC -->
                  <span class="method-name">verifyTC</span>
                </div> <!-- method-content -->
              </div> <!-- method -->
            </div> <!-- main-panel-content rounded-window-bottom -->
          </div> <!-- suite-PureSpectrum-class-passed -->
          <div class="suite-PureSpectrum-class-passed">
            <div class="main-panel-header rounded-window-top">
              <img src="passed.png"/>
              <span class="class-name">com.ps.Test.Surveys</span>
            </div> <!-- main-panel-header rounded-window-top -->
            <div class="main-panel-content rounded-window-bottom">
              <div class="method">
                <div class="method-content">
                  <a name="Defaultsurvey">
                  </a> <!-- Defaultsurvey -->
                  <span class="method-name">Defaultsurvey</span>
                </div> <!-- method-content -->
              </div> <!-- method -->
              <div class="method">
                <div class="method-content">
                  <a name="Search">
                  </a> <!-- Search -->
                  <span class="method-name">Search</span>
                </div> <!-- method-content -->
              </div> <!-- method -->
              <div class="method">
                <div class="method-content">
                  <a name="Suppliers">
                  </a> <!-- Suppliers -->
                  <span class="method-name">Suppliers</span>
                </div> <!-- method-content -->
              </div> <!-- method -->
              <div class="method">
                <div class="method-content">
                  <a name="VerifyDashboard">
                  </a> <!-- VerifyDashboard -->
                  <span class="method-name">VerifyDashboard</span>
                </div> <!-- method-content -->
              </div> <!-- method -->
              <div class="method">
                <div class="method-content">
                  <a name="addingQuotas">
                  </a> <!-- addingQuotas -->
                  <span class="method-name">addingQuotas</span>
                </div> <!-- method-content -->
              </div> <!-- method -->
            </div> <!-- main-panel-content rounded-window-bottom -->
          </div> <!-- suite-PureSpectrum-class-passed -->
        </div> <!-- panel PureSpectrum -->
        <div panel-name="test-xml-PureSpectrum" class="panel">
          <div class="main-panel-header rounded-window-top">
            <span class="header-content">C:\Selenium WorkSpace\Data Driven Frame Work\DataDrivenFramework\src\test\resources\runner\testng.xml</span>
          </div> <!-- main-panel-header rounded-window-top -->
          <div class="main-panel-content rounded-window-bottom">
            <pre>
&lt;?xml version=&quot;1.0&quot; encoding=&quot;UTF-8&quot;?&gt;
&lt;!DOCTYPE suite SYSTEM &quot;http://testng.org/testng-1.0.dtd&quot;&gt;
&lt;suite name=&quot;PureSpectrum&quot; guice-stage=&quot;DEVELOPMENT&quot; verbose=&quot;0&quot;&gt;
  &lt;listeners&gt;
    &lt;listener class-name=&quot;org.uncommons.reportng.HTMLReporter&quot;/&gt;
    &lt;listener class-name=&quot;org.uncommons.reportng.JUnitXMLReporter&quot;/&gt;
    &lt;listener class-name=&quot;com.ps.listeners.CustomListeners&quot;/&gt;
    &lt;listener class-name=&quot;com.ps.utilities.ListnerInTestNG&quot;/&gt;
    &lt;listener class-name=&quot;com.ps.utilities.RetryListner&quot;/&gt;
    &lt;listener class-name=&quot;com.ps.utilities.Listeners&quot;/&gt;
  &lt;/listeners&gt;
  &lt;test name=&quot;Normal Test&quot;&gt;
    &lt;classes&gt;
      &lt;class name=&quot;com.ps.Test.Surveys&quot;/&gt;
    &lt;/classes&gt;
  &lt;/test&gt; &lt;!-- Normal Test --&gt;
  &lt;test name=&quot;QBP Survey&quot;&gt;
    &lt;classes&gt;
      &lt;class name=&quot;com.ps.Test.QBPTest&quot;/&gt;
    &lt;/classes&gt;
  &lt;/test&gt; &lt;!-- QBP Survey --&gt;
  &lt;test name=&quot;TC Survey&quot;&gt;
    &lt;classes&gt;
      &lt;class name=&quot;com.ps.Test.TrafficChannels&quot;/&gt;
    &lt;/classes&gt;
  &lt;/test&gt; &lt;!-- TC Survey --&gt;
  &lt;test name=&quot;Feasibility&quot;&gt;
    &lt;classes&gt;
      &lt;class name=&quot;com.ps.testcases.Feasibility&quot;/&gt;
    &lt;/classes&gt;
  &lt;/test&gt; &lt;!-- Feasibility --&gt;
&lt;/suite&gt; &lt;!-- PureSpectrum --&gt;
            </pre>
          </div> <!-- main-panel-content rounded-window-bottom -->
        </div> <!-- panel -->
        <div panel-name="testlist-PureSpectrum" class="panel">
          <div class="main-panel-header rounded-window-top">
            <span class="header-content">Tests for PureSpectrum</span>
          </div> <!-- main-panel-header rounded-window-top -->
          <div class="main-panel-content rounded-window-bottom">
            <ul>
              <li>
                <span class="test-name">Normal Test (1 class)</span>
              </li>
              <li>
                <span class="test-name">QBP Survey (1 class)</span>
              </li>
              <li>
                <span class="test-name">TC Survey (1 class)</span>
              </li>
              <li>
                <span class="test-name">Feasibility (1 class)</span>
              </li>
            </ul>
          </div> <!-- main-panel-content rounded-window-bottom -->
        </div> <!-- panel -->
        <div panel-name="group-PureSpectrum" class="panel">
          <div class="main-panel-header rounded-window-top">
            <span class="header-content">Groups for PureSpectrum</span>
          </div> <!-- main-panel-header rounded-window-top -->
          <div class="main-panel-content rounded-window-bottom">
          </div> <!-- main-panel-content rounded-window-bottom -->
        </div> <!-- panel -->
        <div panel-name="times-PureSpectrum" class="panel">
          <div class="main-panel-header rounded-window-top">
            <span class="header-content">Times for PureSpectrum</span>
          </div> <!-- main-panel-header rounded-window-top -->
          <div class="main-panel-content rounded-window-bottom">
            <div class="times-div">
              <script type="text/javascript">
suiteTableInitFunctions.push('tableData_PureSpectrum');
function tableData_PureSpectrum() {
var data = new google.visualization.DataTable();
data.addColumn('number', 'Number');
data.addColumn('string', 'Method');
data.addColumn('string', 'Class');
data.addColumn('number', 'Time (ms)');
data.addRows(37);
data.setCell(0, 0, 0)
data.setCell(0, 1, 'afterComplete')
data.setCell(0, 2, 'com.ps.Test.Surveys')
data.setCell(0, 3, 213549);
data.setCell(1, 0, 1)
data.setCell(1, 1, 'afterComplete')
data.setCell(1, 2, 'com.ps.Test.Surveys')
data.setCell(1, 3, 87700);
data.setCell(2, 0, 2)
data.setCell(2, 1, 'TCStatus')
data.setCell(2, 2, 'com.ps.Test.TrafficChannels')
data.setCell(2, 3, 50395);
data.setCell(3, 0, 3)
data.setCell(3, 1, 'feasibility')
data.setCell(3, 2, 'com.ps.testcases.Feasibility')
data.setCell(3, 3, 42611);
data.setCell(4, 0, 4)
data.setCell(4, 1, 'tcchild')
data.setCell(4, 2, 'com.ps.Test.TrafficChannels')
data.setCell(4, 3, 39716);
data.setCell(5, 0, 5)
data.setCell(5, 1, 'QBPSurvey')
data.setCell(5, 2, 'com.ps.Test.QBPTest')
data.setCell(5, 3, 35444);
data.setCell(6, 0, 6)
data.setCell(6, 1, 'feasibility')
data.setCell(6, 2, 'com.ps.testcases.Feasibility')
data.setCell(6, 3, 33664);
data.setCell(7, 0, 7)
data.setCell(7, 1, 'TCCreation')
data.setCell(7, 2, 'com.ps.Test.TrafficChannels')
data.setCell(7, 3, 31761);
data.setCell(8, 0, 8)
data.setCell(8, 1, 'Defaultsurvey')
data.setCell(8, 2, 'com.ps.Test.Surveys')
data.setCell(8, 3, 30219);
data.setCell(9, 0, 9)
data.setCell(9, 1, 'feasibility')
data.setCell(9, 2, 'com.ps.testcases.Feasibility')
data.setCell(9, 3, 30148);
data.setCell(10, 0, 10)
data.setCell(10, 1, 'feasibility')
data.setCell(10, 2, 'com.ps.testcases.Feasibility')
data.setCell(10, 3, 30141);
data.setCell(11, 0, 11)
data.setCell(11, 1, 'VerifyCPIoverride')
data.setCell(11, 2, 'com.ps.Test.QBPTest')
data.setCell(11, 3, 21715);
data.setCell(12, 0, 12)
data.setCell(12, 1, 'afterComplete')
data.setCell(12, 2, 'com.ps.Test.Surveys')
data.setCell(12, 3, 18180);
data.setCell(13, 0, 13)
data.setCell(13, 1, 'afterComplete')
data.setCell(13, 2, 'com.ps.Test.Surveys')
data.setCell(13, 3, 14958);
data.setCell(14, 0, 14)
data.setCell(14, 1, 'verifyTC')
data.setCell(14, 2, 'com.ps.Test.TrafficChannels')
data.setCell(14, 3, 13237);
data.setCell(15, 0, 15)
data.setCell(15, 1, 'addingQuotas')
data.setCell(15, 2, 'com.ps.Test.Surveys')
data.setCell(15, 3, 11191);
data.setCell(16, 0, 16)
data.setCell(16, 1, 'priceoverride')
data.setCell(16, 2, 'com.ps.Test.Surveys')
data.setCell(16, 3, 10084);
data.setCell(17, 0, 17)
data.setCell(17, 1, 'priceoverride')
data.setCell(17, 2, 'com.ps.Test.Surveys')
data.setCell(17, 3, 10067);
data.setCell(18, 0, 18)
data.setCell(18, 1, 'priceoverride')
data.setCell(18, 2, 'com.ps.Test.Surveys')
data.setCell(18, 3, 10051);
data.setCell(19, 0, 19)
data.setCell(19, 1, 'priceoverride')
data.setCell(19, 2, 'com.ps.Test.Surveys')
data.setCell(19, 3, 10049);
data.setCell(20, 0, 20)
data.setCell(20, 1, 'TCSearch')
data.setCell(20, 2, 'com.ps.Test.TrafficChannels')
data.setCell(20, 3, 9676);
data.setCell(21, 0, 21)
data.setCell(21, 1, 'Suppliers')
data.setCell(21, 2, 'com.ps.Test.Surveys')
data.setCell(21, 3, 4364);
data.setCell(22, 0, 22)
data.setCell(22, 1, 'Suppliers')
data.setCell(22, 2, 'com.ps.Test.Surveys')
data.setCell(22, 3, 3136);
data.setCell(23, 0, 23)
data.setCell(23, 1, 'VerifyDashboard')
data.setCell(23, 2, 'com.ps.Test.Surveys')
data.setCell(23, 3, 3123);
data.setCell(24, 0, 24)
data.setCell(24, 1, 'Search')
data.setCell(24, 2, 'com.ps.Test.QBPTest')
data.setCell(24, 3, 3121);
data.setCell(25, 0, 25)
data.setCell(25, 1, 'Suppliers')
data.setCell(25, 2, 'com.ps.Test.Surveys')
data.setCell(25, 3, 3108);
data.setCell(26, 0, 26)
data.setCell(26, 1, 'Suppliers')
data.setCell(26, 2, 'com.ps.Test.Surveys')
data.setCell(26, 3, 3088);
data.setCell(27, 0, 27)
data.setCell(27, 1, 'Search')
data.setCell(27, 2, 'com.ps.Test.Surveys')
data.setCell(27, 3, 3076);
data.setCell(28, 0, 28)
data.setCell(28, 1, 'VerifyDashboard')
data.setCell(28, 2, 'com.ps.Test.QBPTest')
data.setCell(28, 3, 1227);
data.setCell(29, 0, 29)
data.setCell(29, 1, 'VerifyDashboardAAQ')
data.setCell(29, 2, 'com.ps.Test.Surveys')
data.setCell(29, 3, 934);
data.setCell(30, 0, 30)
data.setCell(30, 1, 'VerifyDashboard')
data.setCell(30, 2, 'com.ps.Test.QBPTest')
data.setCell(30, 3, 157);
data.setCell(31, 0, 31)
data.setCell(31, 1, 'VerifyDashboardAAQ')
data.setCell(31, 2, 'com.ps.Test.Surveys')
data.setCell(31, 3, 145);
data.setCell(32, 0, 32)
data.setCell(32, 1, 'VerifyDashboardAAQ')
data.setCell(32, 2, 'com.ps.Test.Surveys')
data.setCell(32, 3, 134);
data.setCell(33, 0, 33)
data.setCell(33, 1, 'VerifyDashboardAAQ')
data.setCell(33, 2, 'com.ps.Test.Surveys')
data.setCell(33, 3, 128);
data.setCell(34, 0, 34)
data.setCell(34, 1, 'VerifyDashboard')
data.setCell(34, 2, 'com.ps.Test.QBPTest')
data.setCell(34, 3, 93);
data.setCell(35, 0, 35)
data.setCell(35, 1, 'VerifyDashboard')
data.setCell(35, 2, 'com.ps.Test.QBPTest')
data.setCell(35, 3, 84);
data.setCell(36, 0, 36)
data.setCell(36, 1, 'Respondentflow')
data.setCell(36, 2, 'com.ps.Test.Surveys')
data.setCell(36, 3, 0);
window.suiteTableData['PureSpectrum']= { tableData: data, tableDiv: 'times-div-PureSpectrum'}
return data;
}
              </script>
              <span class="suite-total-time">Total running time: 13 minutes</span>
              <div id="times-div-PureSpectrum">
              </div> <!-- times-div-PureSpectrum -->
            </div> <!-- times-div -->
          </div> <!-- main-panel-content rounded-window-bottom -->
        </div> <!-- panel -->
        <div panel-name="reporter-PureSpectrum" class="panel">
          <div class="main-panel-header rounded-window-top">
            <span class="header-content">Reporter output for PureSpectrum</span>
          </div> <!-- main-panel-header rounded-window-top -->
          <div class="main-panel-content rounded-window-bottom">
            <div class="reporter-method-div">
              <span class="reporter-method-name">Defaultsurvey</span>
              <div class="reporter-method-output-div">
                <span class="reporter-method-output">Starting test is Defaultsurvey</span>
                <span class="reporter-method-output">Entered Into Login Page</span>
                <span class="reporter-method-output">Buyer Login Successfully</span>
                <span class="reporter-method-output">Buyer Login Successful</span>
                <span class="reporter-method-output">Create Survey Page opened</span>
                <span class="reporter-method-output">Meta Data Entered Successfully</span>
                <span class="reporter-method-output">Survey Created Successfully</span>
                <span class="reporter-method-output">Test Passed Defaultsurvey</span>
              </div> <!-- reporter-method-output-div -->
            </div> <!-- reporter-method-div -->
            <div class="reporter-method-div">
              <span class="reporter-method-name">VerifyDashboard</span>
              <div class="reporter-method-output-div">
                <span class="reporter-method-output">Starting test is VerifyDashboard</span>
                <span class="reporter-method-output">Test Passed VerifyDashboard</span>
              </div> <!-- reporter-method-output-div -->
            </div> <!-- reporter-method-div -->
            <div class="reporter-method-div">
              <span class="reporter-method-name">Search</span>
              <div class="reporter-method-output-div">
                <span class="reporter-method-output">Starting test is Search</span>
                <span class="reporter-method-output">Buyer Login Successful</span>
                <span class="reporter-method-output">Search Working Fine</span>
                <span class="reporter-method-output">Test Passed Search</span>
              </div> <!-- reporter-method-output-div -->
            </div> <!-- reporter-method-div -->
            <div class="reporter-method-div">
              <span class="reporter-method-name">addingQuotas</span>
              <div class="reporter-method-output-div">
                <span class="reporter-method-output">Starting test is addingQuotas</span>
                <span class="reporter-method-output">Test Passed addingQuotas</span>
              </div> <!-- reporter-method-output-div -->
            </div> <!-- reporter-method-div -->
            <div class="reporter-method-div">
              <span class="reporter-method-name">Suppliers</span>
              <div class="reporter-method-output-div">
                <span class="reporter-method-output">Starting test is Suppliers</span>
                <span class="reporter-method-output">Supplier Found</span>
                <span class="reporter-method-output">Test Passed Suppliers</span>
              </div> <!-- reporter-method-output-div -->
            </div> <!-- reporter-method-div -->
            <div class="reporter-method-div">
              <span class="reporter-method-name">afterComplete</span>
              <div class="reporter-method-output-div">
                <span class="reporter-method-output">Starting test is afterComplete</span>
                <span class="reporter-method-output">Entered Into Login Page</span>
                <span class="reporter-method-output">Buyer Login Successfully</span>
                <span class="reporter-method-output">Buyer Login Successful</span>
                <span class="reporter-method-output">Buyer login Successful</span>
                <span class="reporter-method-output">Buyer Login Successful</span>
                <span class="reporter-method-output">Search Working Fine</span>
                <span class="reporter-method-output">Search Successful</span>
                <span class="reporter-method-output">Click to see Screenshot</span>
                <span class="reporter-method-output"><a target="_blank" href=Wed_May_05_11_08_28_IST_2021.jpg>Screenshot</a></span>
                <span class="reporter-method-output"><br></span>
                <span class="reporter-method-output"><br></span>
                <span class="reporter-method-output"><a target="_blank" href=Wed_May_05_11_08_28_IST_2021.jpg><img src=Wed_May_05_11_08_28_IST_2021.jpg height=200 width=200></img></a></span>
                <span class="reporter-method-output">Test failed afterComplete</span>
              </div> <!-- reporter-method-output-div -->
            </div> <!-- reporter-method-div -->
            <div class="reporter-method-div">
              <span class="reporter-method-name">VerifyDashboardAAQ</span>
              <div class="reporter-method-output-div">
                <span class="reporter-method-output">Starting test is VerifyDashboardAAQ</span>
                <span class="reporter-method-output">Click to see Screenshot</span>
                <span class="reporter-method-output"><a target="_blank" href=Wed_May_05_11_02_39_IST_2021.jpg>Screenshot</a></span>
                <span class="reporter-method-output"><br></span>
                <span class="reporter-method-output"><br></span>
                <span class="reporter-method-output"><a target="_blank" href=Wed_May_05_11_02_39_IST_2021.jpg><img src=Wed_May_05_11_02_39_IST_2021.jpg height=200 width=200></img></a></span>
                <span class="reporter-method-output">Test failed VerifyDashboardAAQ</span>
              </div> <!-- reporter-method-output-div -->
            </div> <!-- reporter-method-div -->
            <div class="reporter-method-div">
              <span class="reporter-method-name">priceoverride</span>
              <div class="reporter-method-output-div">
                <span class="reporter-method-output">Starting test is priceoverride</span>
                <span class="reporter-method-output">Click to see Screenshot</span>
                <span class="reporter-method-output"><a target="_blank" href=Wed_May_05_11_09_09_IST_2021.jpg>Screenshot</a></span>
                <span class="reporter-method-output"><br></span>
                <span class="reporter-method-output"><br></span>
                <span class="reporter-method-output"><a target="_blank" href=Wed_May_05_11_09_09_IST_2021.jpg><img src=Wed_May_05_11_09_09_IST_2021.jpg height=200 width=200></img></a></span>
                <span class="reporter-method-output">Test failed priceoverride</span>
              </div> <!-- reporter-method-output-div -->
            </div> <!-- reporter-method-div -->
            <div class="reporter-method-div">
              <span class="reporter-method-name">priceoverride</span>
              <div class="reporter-method-output-div">
                <span class="reporter-method-output">Starting test is priceoverride</span>
                <span class="reporter-method-output">Test Skipped priceoverride</span>
              </div> <!-- reporter-method-output-div -->
            </div> <!-- reporter-method-div -->
            <div class="reporter-method-div">
              <span class="reporter-method-name">afterComplete</span>
              <div class="reporter-method-output-div">
                <span class="reporter-method-output">Starting test is afterComplete</span>
                <span class="reporter-method-output">Entered Into Login Page</span>
                <span class="reporter-method-output">Buyer Login Successfully</span>
                <span class="reporter-method-output">Buyer Login Successful</span>
                <span class="reporter-method-output">Buyer login Successful</span>
                <span class="reporter-method-output">Buyer Login Successful</span>
                <span class="reporter-method-output">Search Working Fine</span>
                <span class="reporter-method-output">Search Successful</span>
                <span class="reporter-method-output">Test Skipped afterComplete</span>
              </div> <!-- reporter-method-output-div -->
            </div> <!-- reporter-method-div -->
            <div class="reporter-method-div">
              <span class="reporter-method-name">Suppliers</span>
              <div class="reporter-method-output-div">
                <span class="reporter-method-output">Starting test is Suppliers</span>
                <span class="reporter-method-output">Test Skipped Suppliers</span>
              </div> <!-- reporter-method-output-div -->
            </div> <!-- reporter-method-div -->
            <div class="reporter-method-div">
              <span class="reporter-method-name">VerifyDashboardAAQ</span>
              <div class="reporter-method-output-div">
                <span class="reporter-method-output">Starting test is VerifyDashboardAAQ</span>
                <span class="reporter-method-output">Test Skipped VerifyDashboardAAQ</span>
              </div> <!-- reporter-method-output-div -->
            </div> <!-- reporter-method-div -->
            <div class="reporter-method-div">
              <span class="reporter-method-name">afterComplete</span>
              <div class="reporter-method-output-div">
                <span class="reporter-method-output">Starting test is afterComplete</span>
                <span class="reporter-method-output">Entered Into Login Page</span>
                <span class="reporter-method-output">Entered Into Login Page</span>
                <span class="reporter-method-output">Entered Into Login Page</span>
                <span class="reporter-method-output">Entered Into Login Page</span>
                <span class="reporter-method-output">Entered Into Login Page</span>
                <span class="reporter-method-output">Entered Into Login Page</span>
                <span class="reporter-method-output">Entered Into Login Page</span>
                <span class="reporter-method-output">Entered Into Login Page</span>
                <span class="reporter-method-output">Entered Into Login Page</span>
                <span class="reporter-method-output">Buyer Login Successfully</span>
                <span class="reporter-method-output">Buyer Login Successful</span>
                <span class="reporter-method-output">Buyer login Successful</span>
                <span class="reporter-method-output">Buyer Login Successful</span>
                <span class="reporter-method-output">Search Working Fine</span>
                <span class="reporter-method-output">Search Successful</span>
                <span class="reporter-method-output">Test Skipped afterComplete</span>
              </div> <!-- reporter-method-output-div -->
            </div> <!-- reporter-method-div -->
            <div class="reporter-method-div">
              <span class="reporter-method-name">Respondentflow</span>
              <div class="reporter-method-output-div">
                <span class="reporter-method-output">Test Skipped Respondentflow</span>
              </div> <!-- reporter-method-output-div -->
            </div> <!-- reporter-method-div -->
            <div class="reporter-method-div">
              <span class="reporter-method-name">priceoverride</span>
              <div class="reporter-method-output-div">
                <span class="reporter-method-output">Starting test is priceoverride</span>
                <span class="reporter-method-output">Test Skipped priceoverride</span>
              </div> <!-- reporter-method-output-div -->
            </div> <!-- reporter-method-div -->
            <div class="reporter-method-div">
              <span class="reporter-method-name">priceoverride</span>
              <div class="reporter-method-output-div">
                <span class="reporter-method-output">Starting test is priceoverride</span>
                <span class="reporter-method-output">Test Skipped priceoverride</span>
              </div> <!-- reporter-method-output-div -->
            </div> <!-- reporter-method-div -->
            <div class="reporter-method-div">
              <span class="reporter-method-name">VerifyDashboardAAQ</span>
              <div class="reporter-method-output-div">
                <span class="reporter-method-output">Starting test is VerifyDashboardAAQ</span>
                <span class="reporter-method-output">Test Skipped VerifyDashboardAAQ</span>
              </div> <!-- reporter-method-output-div -->
            </div> <!-- reporter-method-div -->
            <div class="reporter-method-div">
              <span class="reporter-method-name">afterComplete</span>
              <div class="reporter-method-output-div">
                <span class="reporter-method-output">Starting test is afterComplete</span>
                <span class="reporter-method-output">Entered Into Login Page</span>
                <span class="reporter-method-output">Entered Into Login Page</span>
                <span class="reporter-method-output">Entered Into Login Page</span>
                <span class="reporter-method-output">Entered Into Login Page</span>
                <span class="reporter-method-output">Buyer Login Successfully</span>
                <span class="reporter-method-output">Buyer Login Successful</span>
                <span class="reporter-method-output">Buyer login Successful</span>
                <span class="reporter-method-output">Buyer Login Successful</span>
                <span class="reporter-method-output">Search Working Fine</span>
                <span class="reporter-method-output">Search Successful</span>
                <span class="reporter-method-output">Test Skipped afterComplete</span>
              </div> <!-- reporter-method-output-div -->
            </div> <!-- reporter-method-div -->
            <div class="reporter-method-div">
              <span class="reporter-method-name">Suppliers</span>
              <div class="reporter-method-output-div">
                <span class="reporter-method-output">Starting test is Suppliers</span>
                <span class="reporter-method-output">Test Skipped Suppliers</span>
              </div> <!-- reporter-method-output-div -->
            </div> <!-- reporter-method-div -->
            <div class="reporter-method-div">
              <span class="reporter-method-name">Suppliers</span>
              <div class="reporter-method-output-div">
                <span class="reporter-method-output">Starting test is Suppliers</span>
                <span class="reporter-method-output">Test Skipped Suppliers</span>
              </div> <!-- reporter-method-output-div -->
            </div> <!-- reporter-method-div -->
            <div class="reporter-method-div">
              <span class="reporter-method-name">VerifyDashboardAAQ</span>
              <div class="reporter-method-output-div">
                <span class="reporter-method-output">Starting test is VerifyDashboardAAQ</span>
                <span class="reporter-method-output">Test Skipped VerifyDashboardAAQ</span>
              </div> <!-- reporter-method-output-div -->
            </div> <!-- reporter-method-div -->
            <div class="reporter-method-div">
              <span class="reporter-method-name">QBPSurvey</span>
              <div class="reporter-method-output-div">
                <span class="reporter-method-output">Starting test is QBPSurvey</span>
                <span class="reporter-method-output">Create Survey Page opened</span>
                <span class="reporter-method-output">Meta Data Entered Successfully</span>
                <span class="reporter-method-output">Gender Census Added Successfully</span>
                <span class="reporter-method-output">Supplier Selected</span>
                <span class="reporter-method-output">Entered to Finalize and launch Page</span>
                <span class="reporter-method-output">Survey Created Successfully</span>
                <span class="reporter-method-output">Test Passed QBPSurvey</span>
              </div> <!-- reporter-method-output-div -->
            </div> <!-- reporter-method-div -->
            <div class="reporter-method-div">
              <span class="reporter-method-name">VerifyCPIoverride</span>
              <div class="reporter-method-output-div">
                <span class="reporter-method-output">Starting test is VerifyCPIoverride</span>
                <span class="reporter-method-output">Started VerifyCPIoverride </span>
                <span class="reporter-method-output">Entered QBP 1 CPI Value Successfully </span>
                <span class="reporter-method-output">Entered QBP 2 CPI Value Successfully </span>
                <span class="reporter-method-output">Selected Supplier Tab </span>
                <span class="reporter-method-output">Supplier CPI Verified Successfully </span>
                <span class="reporter-method-output">Test Passed VerifyCPIoverride</span>
              </div> <!-- reporter-method-output-div -->
            </div> <!-- reporter-method-div -->
            <div class="reporter-method-div">
              <span class="reporter-method-name">Search</span>
              <div class="reporter-method-output-div">
                <span class="reporter-method-output">Starting test is Search</span>
                <span class="reporter-method-output">Buyer Login Successful</span>
                <span class="reporter-method-output">Search Working Fine</span>
                <span class="reporter-method-output">Test Passed Search</span>
              </div> <!-- reporter-method-output-div -->
            </div> <!-- reporter-method-div -->
            <div class="reporter-method-div">
              <span class="reporter-method-name">VerifyDashboard</span>
              <div class="reporter-method-output-div">
                <span class="reporter-method-output">Starting test is VerifyDashboard</span>
                <span class="reporter-method-output">Survey Dashboard Verification Started</span>
                <span class="reporter-method-output">Click to see Screenshot</span>
                <span class="reporter-method-output"><a target="_blank" href=Wed_May_05_11_09_49_IST_2021.jpg>Screenshot</a></span>
                <span class="reporter-method-output"><br></span>
                <span class="reporter-method-output"><br></span>
                <span class="reporter-method-output"><a target="_blank" href=Wed_May_05_11_09_49_IST_2021.jpg><img src=Wed_May_05_11_09_49_IST_2021.jpg height=200 width=200></img></a></span>
                <span class="reporter-method-output">Test failed VerifyDashboard</span>
              </div> <!-- reporter-method-output-div -->
            </div> <!-- reporter-method-div -->
            <div class="reporter-method-div">
              <span class="reporter-method-name">VerifyDashboard</span>
              <div class="reporter-method-output-div">
                <span class="reporter-method-output">Starting test is VerifyDashboard</span>
                <span class="reporter-method-output">Survey Dashboard Verification Started</span>
                <span class="reporter-method-output">Test Skipped VerifyDashboard</span>
              </div> <!-- reporter-method-output-div -->
            </div> <!-- reporter-method-div -->
            <div class="reporter-method-div">
              <span class="reporter-method-name">VerifyDashboard</span>
              <div class="reporter-method-output-div">
                <span class="reporter-method-output">Starting test is VerifyDashboard</span>
                <span class="reporter-method-output">Survey Dashboard Verification Started</span>
                <span class="reporter-method-output">Test Skipped VerifyDashboard</span>
              </div> <!-- reporter-method-output-div -->
            </div> <!-- reporter-method-div -->
            <div class="reporter-method-div">
              <span class="reporter-method-name">VerifyDashboard</span>
              <div class="reporter-method-output-div">
                <span class="reporter-method-output">Starting test is VerifyDashboard</span>
                <span class="reporter-method-output">Survey Dashboard Verification Started</span>
                <span class="reporter-method-output">Test Skipped VerifyDashboard</span>
              </div> <!-- reporter-method-output-div -->
            </div> <!-- reporter-method-div -->
            <div class="reporter-method-div">
              <span class="reporter-method-name">TCCreation</span>
              <div class="reporter-method-output-div">
                <span class="reporter-method-output">Starting test is TCCreation</span>
                <span class="reporter-method-output">Create Survey Page opened</span>
                <span class="reporter-method-output">Meta Data Entered Successfully</span>
                <span class="reporter-method-output">TC Survey Created Successfully</span>
                <span class="reporter-method-output">Buyer Login Successful</span>
                <span class="reporter-method-output">Search Working Fine</span>
                <span class="reporter-method-output">Test Passed TCCreation</span>
              </div> <!-- reporter-method-output-div -->
            </div> <!-- reporter-method-div -->
            <div class="reporter-method-div">
              <span class="reporter-method-name">tcchild</span>
              <div class="reporter-method-output-div">
                <span class="reporter-method-output">Starting test is tcchild</span>
                <span class="reporter-method-output">Test Passed tcchild</span>
              </div> <!-- reporter-method-output-div -->
            </div> <!-- reporter-method-div -->
            <div class="reporter-method-div">
              <span class="reporter-method-name">verifyTC</span>
              <div class="reporter-method-output-div">
                <span class="reporter-method-output">Starting test is verifyTC</span>
                <span class="reporter-method-output">Test Passed verifyTC</span>
              </div> <!-- reporter-method-output-div -->
            </div> <!-- reporter-method-div -->
            <div class="reporter-method-div">
              <span class="reporter-method-name">TCStatus</span>
              <div class="reporter-method-output-div">
                <span class="reporter-method-output">Starting test is TCStatus</span>
                <span class="reporter-method-output">Entered Into Login Page</span>
                <span class="reporter-method-output">Buyer Login Successfully</span>
                <span class="reporter-method-output">Buyer Login Successful</span>
                <span class="reporter-method-output">Buyer Login Successful</span>
                <span class="reporter-method-output">Search Working Fine</span>
                <span class="reporter-method-output">Test Passed TCStatus</span>
              </div> <!-- reporter-method-output-div -->
            </div> <!-- reporter-method-div -->
            <div class="reporter-method-div">
              <span class="reporter-method-name">TCSearch</span>
              <div class="reporter-method-output-div">
                <span class="reporter-method-output">Starting test is TCSearch</span>
                <span class="reporter-method-output">Buyer Login Successful</span>
                <span class="reporter-method-output">Search Working Fine</span>
                <span class="reporter-method-output">Test Passed TCSearch</span>
              </div> <!-- reporter-method-output-div -->
            </div> <!-- reporter-method-div -->
            <div class="reporter-method-div">
              <span class="reporter-method-name">feasibility</span>
              <div class="reporter-method-output-div">
                <span class="reporter-method-output">Starting test is feasibility</span>
                <span class="reporter-method-output">Click to see Screenshot</span>
                <span class="reporter-method-output"><a target="_blank" href=Wed_May_05_11_14_53_IST_2021.jpg>Screenshot</a></span>
                <span class="reporter-method-output"><br></span>
                <span class="reporter-method-output"><br></span>
                <span class="reporter-method-output"><a target="_blank" href=Wed_May_05_11_14_53_IST_2021.jpg><img src=Wed_May_05_11_14_53_IST_2021.jpg height=200 width=200></img></a></span>
                <span class="reporter-method-output">Test failed feasibility</span>
              </div> <!-- reporter-method-output-div -->
            </div> <!-- reporter-method-div -->
            <div class="reporter-method-div">
              <span class="reporter-method-name">feasibility</span>
              <div class="reporter-method-output-div">
                <span class="reporter-method-output">Starting test is feasibility</span>
                <span class="reporter-method-output">Test Skipped feasibility</span>
              </div> <!-- reporter-method-output-div -->
            </div> <!-- reporter-method-div -->
            <div class="reporter-method-div">
              <span class="reporter-method-name">feasibility</span>
              <div class="reporter-method-output-div">
                <span class="reporter-method-output">Starting test is feasibility</span>
                <span class="reporter-method-output">Create Survey Page opened</span>
                <span class="reporter-method-output">Meta Data Entered Successfully</span>
                <span class="reporter-method-output">Gender Census Added Successfully</span>
                <span class="reporter-method-output">Test Skipped feasibility</span>
              </div> <!-- reporter-method-output-div -->
            </div> <!-- reporter-method-div -->
            <div class="reporter-method-div">
              <span class="reporter-method-name">feasibility</span>
              <div class="reporter-method-output-div">
                <span class="reporter-method-output">Starting test is feasibility</span>
                <span class="reporter-method-output">Test Skipped feasibility</span>
              </div> <!-- reporter-method-output-div -->
            </div> <!-- reporter-method-div -->
          </div> <!-- main-panel-content rounded-window-bottom -->
        </div> <!-- panel -->
        <div panel-name="ignored-methods-PureSpectrum" class="panel">
          <div class="main-panel-header rounded-window-top">
            <span class="header-content">0 ignored methods</span>
          </div> <!-- main-panel-header rounded-window-top -->
          <div class="main-panel-content rounded-window-bottom">
          </div> <!-- main-panel-content rounded-window-bottom -->
        </div> <!-- panel -->
        <div panel-name="chronological-PureSpectrum" class="panel">
          <div class="main-panel-header rounded-window-top">
            <span class="header-content">Methods in chronological order</span>
          </div> <!-- main-panel-header rounded-window-top -->
          <div class="main-panel-content rounded-window-bottom">
            <div class="chronological-class">
              <div class="chronological-class-name">com.ps.testcases.Feasibility</div> <!-- chronological-class-name -->
              <div class="configuration-suite before">
                <span class="method-name">setUp</span>
                <span class="method-start">0 ms</span>
              </div> <!-- configuration-suite before -->
            </div> <!-- chronological-class -->
            <div class="chronological-class">
              <div class="chronological-class-name">com.ps.Test.Surveys</div> <!-- chronological-class-name -->
              <div class="test-method">
                <span class="method-name">Defaultsurvey</span>
                <span class="method-start">13346 ms</span>
              </div> <!-- test-method -->
              <div class="test-method">
                <span class="method-name">Search</span>
                <span class="method-start">43802 ms</span>
              </div> <!-- test-method -->
              <div class="test-method">
                <span class="method-name">VerifyDashboard</span>
                <span class="method-start">46925 ms</span>
              </div> <!-- test-method -->
              <div class="test-method">
                <span class="method-name">addingQuotas</span>
                <span class="method-start">50079 ms</span>
              </div> <!-- test-method -->
              <div class="test-method">
                <span class="method-name">VerifyDashboardAAQ</span>
                <span class="method-start">61358 ms</span>
              </div> <!-- test-method -->
              <div class="test-method">
                <span class="method-name">VerifyDashboardAAQ</span>
                <span class="method-start">62320 ms</span>
              </div> <!-- test-method -->
              <div class="test-method">
                <span class="method-name">VerifyDashboardAAQ</span>
                <span class="method-start">62515 ms</span>
              </div> <!-- test-method -->
              <div class="test-method">
                <img src="failed.png">
                </img>
                <span class="method-name">VerifyDashboardAAQ</span>
                <span class="method-start">62682 ms</span>
              </div> <!-- test-method -->
              <div class="test-method">
                <span class="method-name">Suppliers</span>
                <span class="method-start">63021 ms</span>
              </div> <!-- test-method -->
              <div class="test-method">
                <span class="method-name">Suppliers</span>
                <span class="method-start">66196 ms</span>
              </div> <!-- test-method -->
              <div class="test-method">
                <span class="method-name">Suppliers</span>
                <span class="method-start">69357 ms</span>
              </div> <!-- test-method -->
              <div class="test-method">
                <span class="method-name">Suppliers</span>
                <span class="method-start">72484 ms</span>
              </div> <!-- test-method -->
              <div class="test-method">
                <span class="method-name">afterComplete</span>
                <span class="method-start">76902 ms</span>
              </div> <!-- test-method -->
              <div class="test-method">
                <span class="method-name">afterComplete</span>
                <span class="method-start">290474 ms</span>
              </div> <!-- test-method -->
              <div class="test-method">
                <span class="method-name">afterComplete</span>
                <span class="method-start">308681 ms</span>
              </div> <!-- test-method -->
              <div class="test-method">
                <img src="failed.png">
                </img>
                <span class="method-name">afterComplete</span>
                <span class="method-start">396411 ms</span>
              </div> <!-- test-method -->
              <div class="test-method">
                <span class="method-name">priceoverride</span>
                <span class="method-start">411861 ms</span>
              </div> <!-- test-method -->
              <div class="test-method">
                <span class="method-name">priceoverride</span>
                <span class="method-start">421981 ms</span>
              </div> <!-- test-method -->
              <div class="test-method">
                <span class="method-name">priceoverride</span>
                <span class="method-start">432063 ms</span>
              </div> <!-- test-method -->
              <div class="test-method">
                <img src="failed.png">
                </img>
                <span class="method-name">priceoverride</span>
                <span class="method-start">442162 ms</span>
              </div> <!-- test-method -->
            </div> <!-- chronological-class -->
            <div class="chronological-class">
              <div class="chronological-class-name">com.ps.Test.QBPTest</div> <!-- chronological-class-name -->
              <div class="test-method">
                <span class="method-name">QBPSurvey</span>
                <span class="method-start">452425 ms</span>
              </div> <!-- test-method -->
              <div class="test-method">
                <span class="method-name">Search</span>
                <span class="method-start">487886 ms</span>
              </div> <!-- test-method -->
              <div class="test-method">
                <span class="method-name">VerifyDashboard</span>
                <span class="method-start">491025 ms</span>
              </div> <!-- test-method -->
              <div class="test-method">
                <span class="method-name">VerifyDashboard</span>
                <span class="method-start">492268 ms</span>
              </div> <!-- test-method -->
              <div class="test-method">
                <span class="method-name">VerifyDashboard</span>
                <span class="method-start">492379 ms</span>
              </div> <!-- test-method -->
              <div class="test-method">
                <img src="failed.png">
                </img>
                <span class="method-name">VerifyDashboard</span>
                <span class="method-start">492480 ms</span>
              </div> <!-- test-method -->
              <div class="test-method">
                <span class="method-name">VerifyCPIoverride</span>
                <span class="method-start">492790 ms</span>
              </div> <!-- test-method -->
            </div> <!-- chronological-class -->
            <div class="chronological-class">
              <div class="chronological-class-name">com.ps.Test.TrafficChannels</div> <!-- chronological-class-name -->
              <div class="test-method">
                <span class="method-name">TCCreation</span>
                <span class="method-start">514529 ms</span>
              </div> <!-- test-method -->
              <div class="test-method">
                <span class="method-name">tcchild</span>
                <span class="method-start">546309 ms</span>
              </div> <!-- test-method -->
              <div class="test-method">
                <span class="method-name">verifyTC</span>
                <span class="method-start">586045 ms</span>
              </div> <!-- test-method -->
              <div class="test-method">
                <span class="method-name">TCSearch</span>
                <span class="method-start">599301 ms</span>
              </div> <!-- test-method -->
              <div class="test-method">
                <span class="method-name">TCStatus</span>
                <span class="method-start">608994 ms</span>
              </div> <!-- test-method -->
            </div> <!-- chronological-class -->
            <div class="chronological-class">
              <div class="chronological-class-name">com.ps.testcases.Feasibility</div> <!-- chronological-class-name -->
              <div class="test-method">
                <span class="method-name">feasibility</span>
                <span class="method-start">659412 ms</span>
              </div> <!-- test-method -->
              <div class="test-method">
                <span class="method-name">feasibility</span>
                <span class="method-start">702042 ms</span>
              </div> <!-- test-method -->
              <div class="test-method">
                <span class="method-name">feasibility</span>
                <span class="method-start">735738 ms</span>
              </div> <!-- test-method -->
              <div class="test-method">
                <img src="failed.png">
                </img>
                <span class="method-name">feasibility</span>
                <span class="method-start">765930 ms</span>
              </div> <!-- test-method -->
              <div class="configuration-suite after">
                <span class="method-name">tearDown</span>
                <span class="method-start">796510 ms</span>
              </div> <!-- configuration-suite after -->
          </div> <!-- main-panel-content rounded-window-bottom -->
        </div> <!-- panel -->
      </div> <!-- main-panel-root -->
    </div> <!-- wrapper -->
  </body>
</html>
