<html>
<head>
<title>TestNG:  Normal Test</title>
<link href="../testng.css" rel="stylesheet" type="text/css" />
<link href="../my-testng.css" rel="stylesheet" type="text/css" />

<style type="text/css">
.log { display: none;} 
.stack-trace { display: none;} 
</style>
<script type="text/javascript">
<!--
function flip(e) {
  current = e.style.display;
  if (current == 'block') {
    e.style.display = 'none';
    return 0;
  }
  else {
    e.style.display = 'block';
    return 1;
  }
}

function toggleBox(szDivId, elem, msg1, msg2)
{
  var res = -1;  if (document.getElementById) {
    res = flip(document.getElementById(szDivId));
  }
  else if (document.all) {
    // this is the way old msie versions work
    res = flip(document.all[szDivId]);
  }
  if(elem) {
    if(res == 0) elem.innerHTML = msg1; else elem.innerHTML = msg2;
  }

}

function toggleAllBoxes() {
  if (document.getElementsByTagName) {
    d = document.getElementsByTagName('div');
    for (i = 0; i < d.length; i++) {
      if (d[i].className == 'log') {
        flip(d[i]);
      }
    }
  }
}

// -->
</script>

</head>
<body>
<h2 align='center'>Normal Test</h2><table border='1' align="center">
<tr>
<td>Tests passed/Failed/Skipped:</td><td>8/1/3</td>
</tr><tr>
<td>Started on:</td><td>Tue May 11 13:21:34 IST 2021</td>
</tr>
<tr><td>Total time:</td><td>135 seconds (135288 ms)</td>
</tr><tr>
<td>Included groups:</td><td></td>
</tr><tr>
<td>Excluded groups:</td><td></td>
</tr>
</table><p/>
<small><i>(Hover the method name to see the test class name)</i></small><p/>
<table width='100%' border='1' class='invocation-failed'>
<tr><td colspan='4' align='center'><b>FAILED TESTS</b></td></tr>
<tr><td><b>Test method</b></td>
<td width="30%"><b>Exception</b></td>
<td width="10%"><b>Time (seconds)</b></td>
<td><b>Instance</b></td>
</tr>
<tr>
<td title='com.ps.Test.Surveys.priceoverride()'><b>priceoverride</b><br>Test class: com.ps.Test.Surveys<br/>
<a href="#Output-1322559460" onClick='toggleBox("Output-1322559460", this, "Show output", "Hide output");'>Show output</a>

<a href="#Output-1322559460" onClick="toggleAllBoxes();">Show all outputs</a>
<div class='log' id="Output-1322559460">
Starting test is priceoverride<br/>
Click to see Screenshot<br/>
<a target="_blank" href=Tue_May_11_13_23_50_IST_2021.jpg>Screenshot</a><br/>
<br><br/>
<br><br/>
<a target="_blank" href=Tue_May_11_13_23_50_IST_2021.jpg><img src=Tue_May_11_13_23_50_IST_2021.jpg height=200 width=200></img></a><br/>
Test failed priceoverride<br/>
</div>
</td>
<td><div><pre>org.openqa.selenium.NoSuchElementException: no such element: Unable to locate element: {&quot;method&quot;:&quot;css selector&quot;,&quot;selector&quot;:&quot;html&gt;body&gt;div&gt;div&gt;section&gt;div&gt;div&gt;form&gt;div&gt;div:nth-of-type(5)&gt;div&gt;table&gt;tbody&gt;tr:nth-of-type(1)&gt;td:nth-of-type(2)&quot;}
  (Session info: chrome=90.0.4430.93)
For documentation on this error, please visit: https://www.seleniumhq.org/exceptions/no_such_element.html
Build info: version: &apos;3.141.59&apos;, revision: &apos;e82be7d358&apos;, time: &apos;2018-11-14T08:17:03&apos;
System info: host: &apos;VAMSIREDDY-PC&apos;, ip: &apos;192.168.225.71&apos;, os.name: &apos;Windows 7&apos;, os.arch: &apos;amd64&apos;, os.version: &apos;6.1&apos;, java.version: &apos;1.8.0_291&apos;
Driver info: org.openqa.selenium.chrome.ChromeDriver
Capabilities {acceptInsecureCerts: false, browserName: chrome, browserVersion: 90.0.4430.93, chrome: {chromedriverVersion: 90.0.4430.24 (4c6d850f087da..., userDataDir: C:\Users\VAMSIR~1\AppData\L...}, goog:chromeOptions: {debuggerAddress: localhost:57716}, javascriptEnabled: true, networkConnectionEnabled: false, pageLoadStrategy: normal, platform: WINDOWS, platformName: WINDOWS, proxy: Proxy(), setWindowRect: true, strictFileInteractability: false, timeouts: {implicit: 0, pageLoad: 300000, script: 30000}, unhandledPromptBehavior: dismiss and notify, webauthn:extension:largeBlob: true, webauthn:virtualAuthenticators: true}
Session ID: f0ede851e7e482d95f5e3f5222aa1edb
*** Element info: {Using=css selector, value=html&gt;body&gt;div&gt;div&gt;section&gt;div&gt;div&gt;form&gt;div&gt;div:nth-of-type(5)&gt;div&gt;table&gt;tbody&gt;tr:nth-of-type(1)&gt;td:nth-of-type(2)}
	at org.openqa.selenium.remote.http.W3CHttpResponseCodec.createException(W3CHttpResponseCodec.java:187)
	at org.openqa.selenium.remote.http.W3CHttpResponseCodec.decode(W3CHttpResponseCodec.java:122)
	at org.openqa.selenium.remote.http.W3CHttpResponseCodec.decode(W3CHttpResponseCodec.java:49)
	at org.openqa.selenium.remote.HttpCommandExecutor.execute(HttpCommandExecutor.java:158)
	at org.openqa.selenium.remote.service.DriverCommandExecutor.execute(DriverCommandExecutor.java:83)
	at org.openqa.selenium.remote.RemoteWebDriver.execute(RemoteWebDriver.java:552)
	at org.openqa.selenium.remote.RemoteWebDriver.findElement(RemoteWebDriver.java:323)
	at org.openqa.selenium.remote.RemoteWebDriver.findElementByCssSelector(RemoteWebDriver.java:420)
	at org.openqa.selenium.By$ByCssSelector.findElement(By.java:431)
	at org.openqa.selenium.remote.RemoteWebDriver.findElement(RemoteWebDriver.java:315)
	at com.ps.Test.Surveys.priceoverride(Surveys.java:422)
... Removed 29 stack frames</pre></div><a href='#' onClick='toggleBox("stack-trace1322559460", this, "Click to show all stack frames", "Click to hide stack frames")'>Click to show all stack frames</a>
<div class='stack-trace' id='stack-trace1322559460'><pre>org.openqa.selenium.NoSuchElementException: no such element: Unable to locate element: {&quot;method&quot;:&quot;css selector&quot;,&quot;selector&quot;:&quot;html&gt;body&gt;div&gt;div&gt;section&gt;div&gt;div&gt;form&gt;div&gt;div:nth-of-type(5)&gt;div&gt;table&gt;tbody&gt;tr:nth-of-type(1)&gt;td:nth-of-type(2)&quot;}
  (Session info: chrome=90.0.4430.93)
For documentation on this error, please visit: https://www.seleniumhq.org/exceptions/no_such_element.html
Build info: version: &apos;3.141.59&apos;, revision: &apos;e82be7d358&apos;, time: &apos;2018-11-14T08:17:03&apos;
System info: host: &apos;VAMSIREDDY-PC&apos;, ip: &apos;192.168.225.71&apos;, os.name: &apos;Windows 7&apos;, os.arch: &apos;amd64&apos;, os.version: &apos;6.1&apos;, java.version: &apos;1.8.0_291&apos;
Driver info: org.openqa.selenium.chrome.ChromeDriver
Capabilities {acceptInsecureCerts: false, browserName: chrome, browserVersion: 90.0.4430.93, chrome: {chromedriverVersion: 90.0.4430.24 (4c6d850f087da..., userDataDir: C:\Users\VAMSIR~1\AppData\L...}, goog:chromeOptions: {debuggerAddress: localhost:57716}, javascriptEnabled: true, networkConnectionEnabled: false, pageLoadStrategy: normal, platform: WINDOWS, platformName: WINDOWS, proxy: Proxy(), setWindowRect: true, strictFileInteractability: false, timeouts: {implicit: 0, pageLoad: 300000, script: 30000}, unhandledPromptBehavior: dismiss and notify, webauthn:extension:largeBlob: true, webauthn:virtualAuthenticators: true}
Session ID: f0ede851e7e482d95f5e3f5222aa1edb
*** Element info: {Using=css selector, value=html&gt;body&gt;div&gt;div&gt;section&gt;div&gt;div&gt;form&gt;div&gt;div:nth-of-type(5)&gt;div&gt;table&gt;tbody&gt;tr:nth-of-type(1)&gt;td:nth-of-type(2)}
	at sun.reflect.NativeConstructorAccessorImpl.newInstance0(Native Method)
	at sun.reflect.NativeConstructorAccessorImpl.newInstance(Unknown Source)
	at sun.reflect.DelegatingConstructorAccessorImpl.newInstance(Unknown Source)
	at java.lang.reflect.Constructor.newInstance(Unknown Source)
	at org.openqa.selenium.remote.http.W3CHttpResponseCodec.createException(W3CHttpResponseCodec.java:187)
	at org.openqa.selenium.remote.http.W3CHttpResponseCodec.decode(W3CHttpResponseCodec.java:122)
	at org.openqa.selenium.remote.http.W3CHttpResponseCodec.decode(W3CHttpResponseCodec.java:49)
	at org.openqa.selenium.remote.HttpCommandExecutor.execute(HttpCommandExecutor.java:158)
	at org.openqa.selenium.remote.service.DriverCommandExecutor.execute(DriverCommandExecutor.java:83)
	at org.openqa.selenium.remote.RemoteWebDriver.execute(RemoteWebDriver.java:552)
	at org.openqa.selenium.remote.RemoteWebDriver.findElement(RemoteWebDriver.java:323)
	at org.openqa.selenium.remote.RemoteWebDriver.findElementByCssSelector(RemoteWebDriver.java:420)
	at org.openqa.selenium.By$ByCssSelector.findElement(By.java:431)
	at org.openqa.selenium.remote.RemoteWebDriver.findElement(RemoteWebDriver.java:315)
	at com.ps.Test.Surveys.priceoverride(Surveys.java:422)
	at sun.reflect.NativeMethodAccessorImpl.invoke0(Native Method)
	at sun.reflect.NativeMethodAccessorImpl.invoke(Unknown Source)
	at sun.reflect.DelegatingMethodAccessorImpl.invoke(Unknown Source)
	at java.lang.reflect.Method.invoke(Unknown Source)
	at org.testng.internal.MethodInvocationHelper.invokeMethod(MethodInvocationHelper.java:108)
	at org.testng.internal.Invoker.invokeMethod(Invoker.java:661)
	at org.testng.internal.Invoker.retryFailed(Invoker.java:1014)
	at org.testng.internal.Invoker.invokeTestMethods(Invoker.java:1215)
	at org.testng.internal.TestMethodWorker.invokeTestMethods(TestMethodWorker.java:126)
	at org.testng.internal.TestMethodWorker.run(TestMethodWorker.java:109)
	at org.testng.TestRunner.privateRun(TestRunner.java:744)
	at org.testng.TestRunner.run(TestRunner.java:602)
	at org.testng.SuiteRunner.runTest(SuiteRunner.java:380)
	at org.testng.SuiteRunner.runSequentially(SuiteRunner.java:375)
	at org.testng.SuiteRunner.privateRun(SuiteRunner.java:340)
	at org.testng.SuiteRunner.run(SuiteRunner.java:289)
	at org.testng.SuiteRunnerWorker.runSuite(SuiteRunnerWorker.java:52)
	at org.testng.SuiteRunnerWorker.run(SuiteRunnerWorker.java:86)
	at org.testng.TestNG.runSuitesSequentially(TestNG.java:1301)
	at org.testng.TestNG.runSuitesLocally(TestNG.java:1226)
	at org.testng.TestNG.runSuites(TestNG.java:1144)
	at org.testng.TestNG.run(TestNG.java:1115)
	at org.testng.remote.AbstractRemoteTestNG.run(AbstractRemoteTestNG.java:115)
	at org.testng.remote.RemoteTestNG.initAndRun(RemoteTestNG.java:251)
	at org.testng.remote.RemoteTestNG.main(RemoteTestNG.java:77)
</pre></div></td>
<td>14</td>
<td>com.ps.Test.Surveys@5552768b</td></tr>
</table><p>
<table width='100%' border='1' class='invocation-passed'>
<tr><td colspan='4' align='center'><b>PASSED TESTS</b></td></tr>
<tr><td><b>Test method</b></td>
<td width="30%"><b>Exception</b></td>
<td width="10%"><b>Time (seconds)</b></td>
<td><b>Instance</b></td>
</tr>
<tr>
<td title='com.ps.Test.Surveys.Defaultsurvey()'><b>Defaultsurvey</b><br>Test class: com.ps.Test.Surveys<br/>
<a href="#Output-1816397102" onClick='toggleBox("Output-1816397102", this, "Show output", "Hide output");'>Show output</a>

<a href="#Output-1816397102" onClick="toggleAllBoxes();">Show all outputs</a>
<div class='log' id="Output-1816397102">
Starting test is Defaultsurvey<br/>
Entered Into Login Page<br/>
Buyer Login Successfully<br/>
Buyer Login Successful<br/>
Create Survey Page opened<br/>
Meta Data Entered Successfully<br/>
Survey Created Successfully<br/>
Test Passed Defaultsurvey<br/>
</div>
</td>
<td></td>
<td>29</td>
<td>com.ps.Test.Surveys@5552768b</td></tr>
<tr>
<td title='com.ps.Test.Surveys.Respondentflow()'><b>Respondentflow</b><br>Test class: com.ps.Test.Surveys<br/>
<a href="#Output-521270862" onClick='toggleBox("Output-521270862", this, "Show output", "Hide output");'>Show output</a>

<a href="#Output-521270862" onClick="toggleAllBoxes();">Show all outputs</a>
<div class='log' id="Output-521270862">
Starting test is Respondentflow<br/>
Test Passed Respondentflow<br/>
</div>
</td>
<td></td>
<td>21</td>
<td>com.ps.Test.Surveys@5552768b</td></tr>
<tr>
<td title='com.ps.Test.Surveys.Search()'><b>Search</b><br>Test class: com.ps.Test.Surveys<br/>
<a href="#Output-1955948959" onClick='toggleBox("Output-1955948959", this, "Show output", "Hide output");'>Show output</a>

<a href="#Output-1955948959" onClick="toggleAllBoxes();">Show all outputs</a>
<div class='log' id="Output-1955948959">
Starting test is Search<br/>
Buyer Login Successful<br/>
Search Working Fine<br/>
Test Passed Search<br/>
</div>
</td>
<td></td>
<td>3</td>
<td>com.ps.Test.Surveys@5552768b</td></tr>
<tr>
<td title='com.ps.Test.Surveys.Suppliers()'><b>Suppliers</b><br>Test class: com.ps.Test.Surveys<br/>
<a href="#Output-235154585" onClick='toggleBox("Output-235154585", this, "Show output", "Hide output");'>Show output</a>

<a href="#Output-235154585" onClick="toggleAllBoxes();">Show all outputs</a>
<div class='log' id="Output-235154585">
Starting test is Suppliers<br/>
Supplier Found<br/>
Test Passed Suppliers<br/>
</div>
</td>
<td></td>
<td>4</td>
<td>com.ps.Test.Surveys@5552768b</td></tr>
<tr>
<td title='com.ps.Test.Surveys.VerifyDashboard()'><b>VerifyDashboard</b><br>Test class: com.ps.Test.Surveys<br/>
<a href="#Output-1562090557" onClick='toggleBox("Output-1562090557", this, "Show output", "Hide output");'>Show output</a>

<a href="#Output-1562090557" onClick="toggleAllBoxes();">Show all outputs</a>
<div class='log' id="Output-1562090557">
Starting test is VerifyDashboard<br/>
Test Passed VerifyDashboard<br/>
</div>
</td>
<td></td>
<td>3</td>
<td>com.ps.Test.Surveys@5552768b</td></tr>
<tr>
<td title='com.ps.Test.Surveys.VerifyDashboardAAQ()'><b>VerifyDashboardAAQ</b><br>Test class: com.ps.Test.Surveys<br/>
<a href="#Output-1988664928" onClick='toggleBox("Output-1988664928", this, "Show output", "Hide output");'>Show output</a>

<a href="#Output-1988664928" onClick="toggleAllBoxes();">Show all outputs</a>
<div class='log' id="Output-1988664928">
Starting test is VerifyDashboardAAQ<br/>
Test Passed VerifyDashboardAAQ<br/>
</div>
</td>
<td></td>
<td>1</td>
<td>com.ps.Test.Surveys@5552768b</td></tr>
<tr>
<td title='com.ps.Test.Surveys.addingQuotas()'><b>addingQuotas</b><br>Test class: com.ps.Test.Surveys<br/>
<a href="#Output-1610155589" onClick='toggleBox("Output-1610155589", this, "Show output", "Hide output");'>Show output</a>

<a href="#Output-1610155589" onClick="toggleAllBoxes();">Show all outputs</a>
<div class='log' id="Output-1610155589">
Starting test is addingQuotas<br/>
Test Passed addingQuotas<br/>
</div>
</td>
<td></td>
<td>10</td>
<td>com.ps.Test.Surveys@5552768b</td></tr>
<tr>
<td title='com.ps.Test.Surveys.afterComplete()'><b>afterComplete</b><br>Test class: com.ps.Test.Surveys<br/>
<a href="#Output-159190022" onClick='toggleBox("Output-159190022", this, "Show output", "Hide output");'>Show output</a>

<a href="#Output-159190022" onClick="toggleAllBoxes();">Show all outputs</a>
<div class='log' id="Output-159190022">
Starting test is afterComplete<br/>
Entered Into Login Page<br/>
Buyer Login Successfully<br/>
Buyer Login Successful<br/>
Buyer login Successful<br/>
Buyer Login Successful<br/>
Search Working Fine<br/>
Search Successful<br/>
Complete Validated<br/>
supplier selected Successful<br/>
Test Passed afterComplete<br/>
</div>
</td>
<td></td>
<td>11</td>
<td>com.ps.Test.Surveys@5552768b</td></tr>
</table><p>
<table width='100%' border='1' class='invocation-skipped'>
<tr><td colspan='4' align='center'><b>SKIPPED TESTS</b></td></tr>
<tr><td><b>Test method</b></td>
<td width="30%"><b>Exception</b></td>
<td width="10%"><b>Time (seconds)</b></td>
<td><b>Instance</b></td>
</tr>
<tr>
<td title='com.ps.Test.Surveys.priceoverride()'><b>priceoverride</b><br>Test class: com.ps.Test.Surveys<br/>
<a href="#Output-1237416868" onClick='toggleBox("Output-1237416868", this, "Show output", "Hide output");'>Show output</a>

<a href="#Output-1237416868" onClick="toggleAllBoxes();">Show all outputs</a>
<div class='log' id="Output-1237416868">
Starting test is priceoverride<br/>
Test Skipped priceoverride<br/>
</div>
</td>
<td><div><pre>org.openqa.selenium.NoSuchElementException: no such element: Unable to locate element: {&quot;method&quot;:&quot;css selector&quot;,&quot;selector&quot;:&quot;html&gt;body&gt;div&gt;div&gt;section&gt;div&gt;div&gt;form&gt;div&gt;div:nth-of-type(5)&gt;div&gt;table&gt;tbody&gt;tr:nth-of-type(1)&gt;td:nth-of-type(2)&quot;}
  (Session info: chrome=90.0.4430.93)
For documentation on this error, please visit: https://www.seleniumhq.org/exceptions/no_such_element.html
Build info: version: &apos;3.141.59&apos;, revision: &apos;e82be7d358&apos;, time: &apos;2018-11-14T08:17:03&apos;
System info: host: &apos;VAMSIREDDY-PC&apos;, ip: &apos;192.168.225.71&apos;, os.name: &apos;Windows 7&apos;, os.arch: &apos;amd64&apos;, os.version: &apos;6.1&apos;, java.version: &apos;1.8.0_291&apos;
Driver info: org.openqa.selenium.chrome.ChromeDriver
Capabilities {acceptInsecureCerts: false, browserName: chrome, browserVersion: 90.0.4430.93, chrome: {chromedriverVersion: 90.0.4430.24 (4c6d850f087da..., userDataDir: C:\Users\VAMSIR~1\AppData\L...}, goog:chromeOptions: {debuggerAddress: localhost:57716}, javascriptEnabled: true, networkConnectionEnabled: false, pageLoadStrategy: normal, platform: WINDOWS, platformName: WINDOWS, proxy: Proxy(), setWindowRect: true, strictFileInteractability: false, timeouts: {implicit: 0, pageLoad: 300000, script: 30000}, unhandledPromptBehavior: dismiss and notify, webauthn:extension:largeBlob: true, webauthn:virtualAuthenticators: true}
Session ID: f0ede851e7e482d95f5e3f5222aa1edb
*** Element info: {Using=css selector, value=html&gt;body&gt;div&gt;div&gt;section&gt;div&gt;div&gt;form&gt;div&gt;div:nth-of-type(5)&gt;div&gt;table&gt;tbody&gt;tr:nth-of-type(1)&gt;td:nth-of-type(2)}
	at org.openqa.selenium.remote.http.W3CHttpResponseCodec.createException(W3CHttpResponseCodec.java:187)
	at org.openqa.selenium.remote.http.W3CHttpResponseCodec.decode(W3CHttpResponseCodec.java:122)
	at org.openqa.selenium.remote.http.W3CHttpResponseCodec.decode(W3CHttpResponseCodec.java:49)
	at org.openqa.selenium.remote.HttpCommandExecutor.execute(HttpCommandExecutor.java:158)
	at org.openqa.selenium.remote.service.DriverCommandExecutor.execute(DriverCommandExecutor.java:83)
	at org.openqa.selenium.remote.RemoteWebDriver.execute(RemoteWebDriver.java:552)
	at org.openqa.selenium.remote.RemoteWebDriver.findElement(RemoteWebDriver.java:323)
	at org.openqa.selenium.remote.RemoteWebDriver.findElementByCssSelector(RemoteWebDriver.java:420)
	at org.openqa.selenium.By$ByCssSelector.findElement(By.java:431)
	at org.openqa.selenium.remote.RemoteWebDriver.findElement(RemoteWebDriver.java:315)
	at com.ps.Test.Surveys.priceoverride(Surveys.java:422)
... Removed 29 stack frames</pre></div><a href='#' onClick='toggleBox("stack-trace1237416868", this, "Click to show all stack frames", "Click to hide stack frames")'>Click to show all stack frames</a>
<div class='stack-trace' id='stack-trace1237416868'><pre>org.openqa.selenium.NoSuchElementException: no such element: Unable to locate element: {&quot;method&quot;:&quot;css selector&quot;,&quot;selector&quot;:&quot;html&gt;body&gt;div&gt;div&gt;section&gt;div&gt;div&gt;form&gt;div&gt;div:nth-of-type(5)&gt;div&gt;table&gt;tbody&gt;tr:nth-of-type(1)&gt;td:nth-of-type(2)&quot;}
  (Session info: chrome=90.0.4430.93)
For documentation on this error, please visit: https://www.seleniumhq.org/exceptions/no_such_element.html
Build info: version: &apos;3.141.59&apos;, revision: &apos;e82be7d358&apos;, time: &apos;2018-11-14T08:17:03&apos;
System info: host: &apos;VAMSIREDDY-PC&apos;, ip: &apos;192.168.225.71&apos;, os.name: &apos;Windows 7&apos;, os.arch: &apos;amd64&apos;, os.version: &apos;6.1&apos;, java.version: &apos;1.8.0_291&apos;
Driver info: org.openqa.selenium.chrome.ChromeDriver
Capabilities {acceptInsecureCerts: false, browserName: chrome, browserVersion: 90.0.4430.93, chrome: {chromedriverVersion: 90.0.4430.24 (4c6d850f087da..., userDataDir: C:\Users\VAMSIR~1\AppData\L...}, goog:chromeOptions: {debuggerAddress: localhost:57716}, javascriptEnabled: true, networkConnectionEnabled: false, pageLoadStrategy: normal, platform: WINDOWS, platformName: WINDOWS, proxy: Proxy(), setWindowRect: true, strictFileInteractability: false, timeouts: {implicit: 0, pageLoad: 300000, script: 30000}, unhandledPromptBehavior: dismiss and notify, webauthn:extension:largeBlob: true, webauthn:virtualAuthenticators: true}
Session ID: f0ede851e7e482d95f5e3f5222aa1edb
*** Element info: {Using=css selector, value=html&gt;body&gt;div&gt;div&gt;section&gt;div&gt;div&gt;form&gt;div&gt;div:nth-of-type(5)&gt;div&gt;table&gt;tbody&gt;tr:nth-of-type(1)&gt;td:nth-of-type(2)}
	at sun.reflect.NativeConstructorAccessorImpl.newInstance0(Native Method)
	at sun.reflect.NativeConstructorAccessorImpl.newInstance(Unknown Source)
	at sun.reflect.DelegatingConstructorAccessorImpl.newInstance(Unknown Source)
	at java.lang.reflect.Constructor.newInstance(Unknown Source)
	at org.openqa.selenium.remote.http.W3CHttpResponseCodec.createException(W3CHttpResponseCodec.java:187)
	at org.openqa.selenium.remote.http.W3CHttpResponseCodec.decode(W3CHttpResponseCodec.java:122)
	at org.openqa.selenium.remote.http.W3CHttpResponseCodec.decode(W3CHttpResponseCodec.java:49)
	at org.openqa.selenium.remote.HttpCommandExecutor.execute(HttpCommandExecutor.java:158)
	at org.openqa.selenium.remote.service.DriverCommandExecutor.execute(DriverCommandExecutor.java:83)
	at org.openqa.selenium.remote.RemoteWebDriver.execute(RemoteWebDriver.java:552)
	at org.openqa.selenium.remote.RemoteWebDriver.findElement(RemoteWebDriver.java:323)
	at org.openqa.selenium.remote.RemoteWebDriver.findElementByCssSelector(RemoteWebDriver.java:420)
	at org.openqa.selenium.By$ByCssSelector.findElement(By.java:431)
	at org.openqa.selenium.remote.RemoteWebDriver.findElement(RemoteWebDriver.java:315)
	at com.ps.Test.Surveys.priceoverride(Surveys.java:422)
	at sun.reflect.NativeMethodAccessorImpl.invoke0(Native Method)
	at sun.reflect.NativeMethodAccessorImpl.invoke(Unknown Source)
	at sun.reflect.DelegatingMethodAccessorImpl.invoke(Unknown Source)
	at java.lang.reflect.Method.invoke(Unknown Source)
	at org.testng.internal.MethodInvocationHelper.invokeMethod(MethodInvocationHelper.java:108)
	at org.testng.internal.Invoker.invokeMethod(Invoker.java:661)
	at org.testng.internal.Invoker.invokeTestMethod(Invoker.java:869)
	at org.testng.internal.Invoker.invokeTestMethods(Invoker.java:1193)
	at org.testng.internal.TestMethodWorker.invokeTestMethods(TestMethodWorker.java:126)
	at org.testng.internal.TestMethodWorker.run(TestMethodWorker.java:109)
	at org.testng.TestRunner.privateRun(TestRunner.java:744)
	at org.testng.TestRunner.run(TestRunner.java:602)
	at org.testng.SuiteRunner.runTest(SuiteRunner.java:380)
	at org.testng.SuiteRunner.runSequentially(SuiteRunner.java:375)
	at org.testng.SuiteRunner.privateRun(SuiteRunner.java:340)
	at org.testng.SuiteRunner.run(SuiteRunner.java:289)
	at org.testng.SuiteRunnerWorker.runSuite(SuiteRunnerWorker.java:52)
	at org.testng.SuiteRunnerWorker.run(SuiteRunnerWorker.java:86)
	at org.testng.TestNG.runSuitesSequentially(TestNG.java:1301)
	at org.testng.TestNG.runSuitesLocally(TestNG.java:1226)
	at org.testng.TestNG.runSuites(TestNG.java:1144)
	at org.testng.TestNG.run(TestNG.java:1115)
	at org.testng.remote.AbstractRemoteTestNG.run(AbstractRemoteTestNG.java:115)
	at org.testng.remote.RemoteTestNG.initAndRun(RemoteTestNG.java:251)
	at org.testng.remote.RemoteTestNG.main(RemoteTestNG.java:77)
</pre></div></td>
<td>14</td>
<td>com.ps.Test.Surveys@5552768b</td></tr>
<tr>
<td title='com.ps.Test.Surveys.priceoverride()'><b>priceoverride</b><br>Test class: com.ps.Test.Surveys<br/>
<a href="#Output-1779615656" onClick='toggleBox("Output-1779615656", this, "Show output", "Hide output");'>Show output</a>

<a href="#Output-1779615656" onClick="toggleAllBoxes();">Show all outputs</a>
<div class='log' id="Output-1779615656">
Starting test is priceoverride<br/>
Test Skipped priceoverride<br/>
</div>
</td>
<td><div><pre>org.openqa.selenium.NoSuchElementException: no such element: Unable to locate element: {&quot;method&quot;:&quot;xpath&quot;,&quot;selector&quot;:&quot;(//footer//div//ul//li)[3]&quot;}
  (Session info: chrome=90.0.4430.93)
For documentation on this error, please visit: https://www.seleniumhq.org/exceptions/no_such_element.html
Build info: version: &apos;3.141.59&apos;, revision: &apos;e82be7d358&apos;, time: &apos;2018-11-14T08:17:03&apos;
System info: host: &apos;VAMSIREDDY-PC&apos;, ip: &apos;192.168.225.71&apos;, os.name: &apos;Windows 7&apos;, os.arch: &apos;amd64&apos;, os.version: &apos;6.1&apos;, java.version: &apos;1.8.0_291&apos;
Driver info: org.openqa.selenium.chrome.ChromeDriver
Capabilities {acceptInsecureCerts: false, browserName: chrome, browserVersion: 90.0.4430.93, chrome: {chromedriverVersion: 90.0.4430.24 (4c6d850f087da..., userDataDir: C:\Users\VAMSIR~1\AppData\L...}, goog:chromeOptions: {debuggerAddress: localhost:57716}, javascriptEnabled: true, networkConnectionEnabled: false, pageLoadStrategy: normal, platform: WINDOWS, platformName: WINDOWS, proxy: Proxy(), setWindowRect: true, strictFileInteractability: false, timeouts: {implicit: 0, pageLoad: 300000, script: 30000}, unhandledPromptBehavior: dismiss and notify, webauthn:extension:largeBlob: true, webauthn:virtualAuthenticators: true}
Session ID: f0ede851e7e482d95f5e3f5222aa1edb
*** Element info: {Using=xpath, value=(//footer//div//ul//li)[3]}
	at org.openqa.selenium.remote.http.W3CHttpResponseCodec.createException(W3CHttpResponseCodec.java:187)
	at org.openqa.selenium.remote.http.W3CHttpResponseCodec.decode(W3CHttpResponseCodec.java:122)
	at org.openqa.selenium.remote.http.W3CHttpResponseCodec.decode(W3CHttpResponseCodec.java:49)
	at org.openqa.selenium.remote.HttpCommandExecutor.execute(HttpCommandExecutor.java:158)
	at org.openqa.selenium.remote.service.DriverCommandExecutor.execute(DriverCommandExecutor.java:83)
	at org.openqa.selenium.remote.RemoteWebDriver.execute(RemoteWebDriver.java:552)
	at org.openqa.selenium.remote.RemoteWebDriver.findElement(RemoteWebDriver.java:323)
	at org.openqa.selenium.remote.RemoteWebDriver.findElementByXPath(RemoteWebDriver.java:428)
	at org.openqa.selenium.By$ByXPath.findElement(By.java:353)
	at org.openqa.selenium.remote.RemoteWebDriver.findElement(RemoteWebDriver.java:315)
	at com.ps.Test.Surveys.priceoverride(Surveys.java:406)
... Removed 29 stack frames</pre></div><a href='#' onClick='toggleBox("stack-trace1779615656", this, "Click to show all stack frames", "Click to hide stack frames")'>Click to show all stack frames</a>
<div class='stack-trace' id='stack-trace1779615656'><pre>org.openqa.selenium.NoSuchElementException: no such element: Unable to locate element: {&quot;method&quot;:&quot;xpath&quot;,&quot;selector&quot;:&quot;(//footer//div//ul//li)[3]&quot;}
  (Session info: chrome=90.0.4430.93)
For documentation on this error, please visit: https://www.seleniumhq.org/exceptions/no_such_element.html
Build info: version: &apos;3.141.59&apos;, revision: &apos;e82be7d358&apos;, time: &apos;2018-11-14T08:17:03&apos;
System info: host: &apos;VAMSIREDDY-PC&apos;, ip: &apos;192.168.225.71&apos;, os.name: &apos;Windows 7&apos;, os.arch: &apos;amd64&apos;, os.version: &apos;6.1&apos;, java.version: &apos;1.8.0_291&apos;
Driver info: org.openqa.selenium.chrome.ChromeDriver
Capabilities {acceptInsecureCerts: false, browserName: chrome, browserVersion: 90.0.4430.93, chrome: {chromedriverVersion: 90.0.4430.24 (4c6d850f087da..., userDataDir: C:\Users\VAMSIR~1\AppData\L...}, goog:chromeOptions: {debuggerAddress: localhost:57716}, javascriptEnabled: true, networkConnectionEnabled: false, pageLoadStrategy: normal, platform: WINDOWS, platformName: WINDOWS, proxy: Proxy(), setWindowRect: true, strictFileInteractability: false, timeouts: {implicit: 0, pageLoad: 300000, script: 30000}, unhandledPromptBehavior: dismiss and notify, webauthn:extension:largeBlob: true, webauthn:virtualAuthenticators: true}
Session ID: f0ede851e7e482d95f5e3f5222aa1edb
*** Element info: {Using=xpath, value=(//footer//div//ul//li)[3]}
	at sun.reflect.NativeConstructorAccessorImpl.newInstance0(Native Method)
	at sun.reflect.NativeConstructorAccessorImpl.newInstance(Unknown Source)
	at sun.reflect.DelegatingConstructorAccessorImpl.newInstance(Unknown Source)
	at java.lang.reflect.Constructor.newInstance(Unknown Source)
	at org.openqa.selenium.remote.http.W3CHttpResponseCodec.createException(W3CHttpResponseCodec.java:187)
	at org.openqa.selenium.remote.http.W3CHttpResponseCodec.decode(W3CHttpResponseCodec.java:122)
	at org.openqa.selenium.remote.http.W3CHttpResponseCodec.decode(W3CHttpResponseCodec.java:49)
	at org.openqa.selenium.remote.HttpCommandExecutor.execute(HttpCommandExecutor.java:158)
	at org.openqa.selenium.remote.service.DriverCommandExecutor.execute(DriverCommandExecutor.java:83)
	at org.openqa.selenium.remote.RemoteWebDriver.execute(RemoteWebDriver.java:552)
	at org.openqa.selenium.remote.RemoteWebDriver.findElement(RemoteWebDriver.java:323)
	at org.openqa.selenium.remote.RemoteWebDriver.findElementByXPath(RemoteWebDriver.java:428)
	at org.openqa.selenium.By$ByXPath.findElement(By.java:353)
	at org.openqa.selenium.remote.RemoteWebDriver.findElement(RemoteWebDriver.java:315)
	at com.ps.Test.Surveys.priceoverride(Surveys.java:406)
	at sun.reflect.NativeMethodAccessorImpl.invoke0(Native Method)
	at sun.reflect.NativeMethodAccessorImpl.invoke(Unknown Source)
	at sun.reflect.DelegatingMethodAccessorImpl.invoke(Unknown Source)
	at java.lang.reflect.Method.invoke(Unknown Source)
	at org.testng.internal.MethodInvocationHelper.invokeMethod(MethodInvocationHelper.java:108)
	at org.testng.internal.Invoker.invokeMethod(Invoker.java:661)
	at org.testng.internal.Invoker.retryFailed(Invoker.java:1014)
	at org.testng.internal.Invoker.invokeTestMethods(Invoker.java:1215)
	at org.testng.internal.TestMethodWorker.invokeTestMethods(TestMethodWorker.java:126)
	at org.testng.internal.TestMethodWorker.run(TestMethodWorker.java:109)
	at org.testng.TestRunner.privateRun(TestRunner.java:744)
	at org.testng.TestRunner.run(TestRunner.java:602)
	at org.testng.SuiteRunner.runTest(SuiteRunner.java:380)
	at org.testng.SuiteRunner.runSequentially(SuiteRunner.java:375)
	at org.testng.SuiteRunner.privateRun(SuiteRunner.java:340)
	at org.testng.SuiteRunner.run(SuiteRunner.java:289)
	at org.testng.SuiteRunnerWorker.runSuite(SuiteRunnerWorker.java:52)
	at org.testng.SuiteRunnerWorker.run(SuiteRunnerWorker.java:86)
	at org.testng.TestNG.runSuitesSequentially(TestNG.java:1301)
	at org.testng.TestNG.runSuitesLocally(TestNG.java:1226)
	at org.testng.TestNG.runSuites(TestNG.java:1144)
	at org.testng.TestNG.run(TestNG.java:1115)
	at org.testng.remote.AbstractRemoteTestNG.run(AbstractRemoteTestNG.java:115)
	at org.testng.remote.RemoteTestNG.initAndRun(RemoteTestNG.java:251)
	at org.testng.remote.RemoteTestNG.main(RemoteTestNG.java:77)
</pre></div></td>
<td>10</td>
<td>com.ps.Test.Surveys@5552768b</td></tr>
<tr>
<td title='com.ps.Test.Surveys.priceoverride()'><b>priceoverride</b><br>Test class: com.ps.Test.Surveys<br/>
<a href="#Output-121113063" onClick='toggleBox("Output-121113063", this, "Show output", "Hide output");'>Show output</a>

<a href="#Output-121113063" onClick="toggleAllBoxes();">Show all outputs</a>
<div class='log' id="Output-121113063">
Starting test is priceoverride<br/>
Test Skipped priceoverride<br/>
</div>
</td>
<td><div><pre>org.openqa.selenium.ElementClickInterceptedException: element click intercepted: Element &lt;li&gt;...&lt;/li&gt; is not clickable at point (691, 585). Other element would receive the click: &lt;div id=&quot;loader-wrapper&quot;&gt;...&lt;/div&gt;
  (Session info: chrome=90.0.4430.93)
Build info: version: &apos;3.141.59&apos;, revision: &apos;e82be7d358&apos;, time: &apos;2018-11-14T08:17:03&apos;
System info: host: &apos;VAMSIREDDY-PC&apos;, ip: &apos;192.168.225.71&apos;, os.name: &apos;Windows 7&apos;, os.arch: &apos;amd64&apos;, os.version: &apos;6.1&apos;, java.version: &apos;1.8.0_291&apos;
Driver info: org.openqa.selenium.chrome.ChromeDriver
Capabilities {acceptInsecureCerts: false, browserName: chrome, browserVersion: 90.0.4430.93, chrome: {chromedriverVersion: 90.0.4430.24 (4c6d850f087da..., userDataDir: C:\Users\VAMSIR~1\AppData\L...}, goog:chromeOptions: {debuggerAddress: localhost:57716}, javascriptEnabled: true, networkConnectionEnabled: false, pageLoadStrategy: normal, platform: WINDOWS, platformName: WINDOWS, proxy: Proxy(), setWindowRect: true, strictFileInteractability: false, timeouts: {implicit: 0, pageLoad: 300000, script: 30000}, unhandledPromptBehavior: dismiss and notify, webauthn:extension:largeBlob: true, webauthn:virtualAuthenticators: true}
Session ID: f0ede851e7e482d95f5e3f5222aa1edb
	at org.openqa.selenium.remote.http.W3CHttpResponseCodec.createException(W3CHttpResponseCodec.java:187)
	at org.openqa.selenium.remote.http.W3CHttpResponseCodec.decode(W3CHttpResponseCodec.java:122)
	at org.openqa.selenium.remote.http.W3CHttpResponseCodec.decode(W3CHttpResponseCodec.java:49)
	at org.openqa.selenium.remote.HttpCommandExecutor.execute(HttpCommandExecutor.java:158)
	at org.openqa.selenium.remote.service.DriverCommandExecutor.execute(DriverCommandExecutor.java:83)
	at org.openqa.selenium.remote.RemoteWebDriver.execute(RemoteWebDriver.java:552)
	at org.openqa.selenium.remote.RemoteWebElement.execute(RemoteWebElement.java:285)
	at org.openqa.selenium.remote.RemoteWebElement.click(RemoteWebElement.java:84)
	at com.ps.Test.Surveys.priceoverride(Surveys.java:406)
... Removed 29 stack frames</pre></div><a href='#' onClick='toggleBox("stack-trace121113063", this, "Click to show all stack frames", "Click to hide stack frames")'>Click to show all stack frames</a>
<div class='stack-trace' id='stack-trace121113063'><pre>org.openqa.selenium.ElementClickInterceptedException: element click intercepted: Element &lt;li&gt;...&lt;/li&gt; is not clickable at point (691, 585). Other element would receive the click: &lt;div id=&quot;loader-wrapper&quot;&gt;...&lt;/div&gt;
  (Session info: chrome=90.0.4430.93)
Build info: version: &apos;3.141.59&apos;, revision: &apos;e82be7d358&apos;, time: &apos;2018-11-14T08:17:03&apos;
System info: host: &apos;VAMSIREDDY-PC&apos;, ip: &apos;192.168.225.71&apos;, os.name: &apos;Windows 7&apos;, os.arch: &apos;amd64&apos;, os.version: &apos;6.1&apos;, java.version: &apos;1.8.0_291&apos;
Driver info: org.openqa.selenium.chrome.ChromeDriver
Capabilities {acceptInsecureCerts: false, browserName: chrome, browserVersion: 90.0.4430.93, chrome: {chromedriverVersion: 90.0.4430.24 (4c6d850f087da..., userDataDir: C:\Users\VAMSIR~1\AppData\L...}, goog:chromeOptions: {debuggerAddress: localhost:57716}, javascriptEnabled: true, networkConnectionEnabled: false, pageLoadStrategy: normal, platform: WINDOWS, platformName: WINDOWS, proxy: Proxy(), setWindowRect: true, strictFileInteractability: false, timeouts: {implicit: 0, pageLoad: 300000, script: 30000}, unhandledPromptBehavior: dismiss and notify, webauthn:extension:largeBlob: true, webauthn:virtualAuthenticators: true}
Session ID: f0ede851e7e482d95f5e3f5222aa1edb
	at sun.reflect.NativeConstructorAccessorImpl.newInstance0(Native Method)
	at sun.reflect.NativeConstructorAccessorImpl.newInstance(Unknown Source)
	at sun.reflect.DelegatingConstructorAccessorImpl.newInstance(Unknown Source)
	at java.lang.reflect.Constructor.newInstance(Unknown Source)
	at org.openqa.selenium.remote.http.W3CHttpResponseCodec.createException(W3CHttpResponseCodec.java:187)
	at org.openqa.selenium.remote.http.W3CHttpResponseCodec.decode(W3CHttpResponseCodec.java:122)
	at org.openqa.selenium.remote.http.W3CHttpResponseCodec.decode(W3CHttpResponseCodec.java:49)
	at org.openqa.selenium.remote.HttpCommandExecutor.execute(HttpCommandExecutor.java:158)
	at org.openqa.selenium.remote.service.DriverCommandExecutor.execute(DriverCommandExecutor.java:83)
	at org.openqa.selenium.remote.RemoteWebDriver.execute(RemoteWebDriver.java:552)
	at org.openqa.selenium.remote.RemoteWebElement.execute(RemoteWebElement.java:285)
	at org.openqa.selenium.remote.RemoteWebElement.click(RemoteWebElement.java:84)
	at com.ps.Test.Surveys.priceoverride(Surveys.java:406)
	at sun.reflect.NativeMethodAccessorImpl.invoke0(Native Method)
	at sun.reflect.NativeMethodAccessorImpl.invoke(Unknown Source)
	at sun.reflect.DelegatingMethodAccessorImpl.invoke(Unknown Source)
	at java.lang.reflect.Method.invoke(Unknown Source)
	at org.testng.internal.MethodInvocationHelper.invokeMethod(MethodInvocationHelper.java:108)
	at org.testng.internal.Invoker.invokeMethod(Invoker.java:661)
	at org.testng.internal.Invoker.retryFailed(Invoker.java:1014)
	at org.testng.internal.Invoker.invokeTestMethods(Invoker.java:1215)
	at org.testng.internal.TestMethodWorker.invokeTestMethods(TestMethodWorker.java:126)
	at org.testng.internal.TestMethodWorker.run(TestMethodWorker.java:109)
	at org.testng.TestRunner.privateRun(TestRunner.java:744)
	at org.testng.TestRunner.run(TestRunner.java:602)
	at org.testng.SuiteRunner.runTest(SuiteRunner.java:380)
	at org.testng.SuiteRunner.runSequentially(SuiteRunner.java:375)
	at org.testng.SuiteRunner.privateRun(SuiteRunner.java:340)
	at org.testng.SuiteRunner.run(SuiteRunner.java:289)
	at org.testng.SuiteRunnerWorker.runSuite(SuiteRunnerWorker.java:52)
	at org.testng.SuiteRunnerWorker.run(SuiteRunnerWorker.java:86)
	at org.testng.TestNG.runSuitesSequentially(TestNG.java:1301)
	at org.testng.TestNG.runSuitesLocally(TestNG.java:1226)
	at org.testng.TestNG.runSuites(TestNG.java:1144)
	at org.testng.TestNG.run(TestNG.java:1115)
	at org.testng.remote.AbstractRemoteTestNG.run(AbstractRemoteTestNG.java:115)
	at org.testng.remote.RemoteTestNG.initAndRun(RemoteTestNG.java:251)
	at org.testng.remote.RemoteTestNG.main(RemoteTestNG.java:77)
</pre></div></td>
<td>10</td>
<td>com.ps.Test.Surveys@5552768b</td></tr>
</table><p>
</body>
</html>