<?xml version="1.0" encoding="UTF-8"?>
<!-- Generated by org.testng.reporters.JUnitXMLReporter -->
<testsuite hostname="VamsiReddy-PC" ignored="0" name="Normal Test" tests="12" failures="1" timestamp="11 May 2021 07:53:50 GMT" time="135.288" errors="0">
  <testcase name="Defaultsurvey" time="29.406" classname="com.ps.Test.Surveys"/>
  <testcase name="Search" time="3.045" classname="com.ps.Test.Surveys"/>
  <testcase name="VerifyDashboard" time="3.108" classname="com.ps.Test.Surveys"/>
  <testcase name="addingQuotas" time="10.724" classname="com.ps.Test.Surveys"/>
  <testcase name="VerifyDashboardAAQ" time="1.2" classname="com.ps.Test.Surveys"/>
  <testcase name="Suppliers" time="4.365" classname="com.ps.Test.Surveys"/>
  <testcase name="Respondentflow" time="21.812" classname="com.ps.Test.Surveys"/>
  <testcase name="afterComplete" time="11.391" classname="com.ps.Test.Surveys"/>
  <testcase name="priceoverride" time="14.896" classname="com.ps.Test.Surveys">
    <skipped/>
  </testcase> <!-- priceoverride -->
  <testcase name="priceoverride" time="10.045" classname="com.ps.Test.Surveys">
    <skipped/>
  </testcase> <!-- priceoverride -->
  <testcase name="priceoverride" time="10.246" classname="com.ps.Test.Surveys">
    <skipped/>
  </testcase> <!-- priceoverride -->
  <testcase name="priceoverride" time="14.309" classname="com.ps.Test.Surveys">
    <failure type="org.openqa.selenium.NoSuchElementException" message="no such element: Unable to locate element: {&amp;quot;method&amp;quot;:&amp;quot;css selector&amp;quot;,&amp;quot;selector&amp;quot;:&amp;quot;html&amp;gt;body&amp;gt;div&amp;gt;div&amp;gt;section&amp;gt;div&amp;gt;div&amp;gt;form&amp;gt;div&amp;gt;div:nth-of-type(5)&amp;gt;div&amp;gt;table&amp;gt;tbody&amp;gt;tr:nth-of-type(1)&amp;gt;td:nth-of-type(2)&amp;quot;}
  (Session info: chrome=90.0.4430.93)
For documentation on this error, please visit: https://www.seleniumhq.org/exceptions/no_such_element.html
Build info: version: &amp;apos;3.141.59&amp;apos;, revision: &amp;apos;e82be7d358&amp;apos;, time: &amp;apos;2018-11-14T08:17:03&amp;apos;
System info: host: &amp;apos;VAMSIREDDY-PC&amp;apos;, ip: &amp;apos;192.168.225.71&amp;apos;, os.name: &amp;apos;Windows 7&amp;apos;, os.arch: &amp;apos;amd64&amp;apos;, os.version: &amp;apos;6.1&amp;apos;, java.version: &amp;apos;1.8.0_291&amp;apos;
Driver info: org.openqa.selenium.chrome.ChromeDriver
Capabilities {acceptInsecureCerts: false, browserName: chrome, browserVersion: 90.0.4430.93, chrome: {chromedriverVersion: 90.0.4430.24 (4c6d850f087da..., userDataDir: C:\Users\VAMSIR~1\AppData\L...}, goog:chromeOptions: {debuggerAddress: localhost:57716}, javascriptEnabled: true, networkConnectionEnabled: false, pageLoadStrategy: normal, platform: WINDOWS, platformName: WINDOWS, proxy: Proxy(), setWindowRect: true, strictFileInteractability: false, timeouts: {implicit: 0, pageLoad: 300000, script: 30000}, unhandledPromptBehavior: dismiss and notify, webauthn:extension:largeBlob: true, webauthn:virtualAuthenticators: true}
Session ID: f0ede851e7e482d95f5e3f5222aa1edb
*** Element info: {Using=css selector, value=html&amp;gt;body&amp;gt;div&amp;gt;div&amp;gt;section&amp;gt;div&amp;gt;div&amp;gt;form&amp;gt;div&amp;gt;div:nth-of-type(5)&amp;gt;div&amp;gt;table&amp;gt;tbody&amp;gt;tr:nth-of-type(1)&amp;gt;td:nth-of-type(2)}">
      <![CDATA[org.openqa.selenium.NoSuchElementException: no such element: Unable to locate element: {"method":"css selector","selector":"html>body>div>div>section>div>div>form>div>div:nth-of-type(5)>div>table>tbody>tr:nth-of-type(1)>td:nth-of-type(2)"}
  (Session info: chrome=90.0.4430.93)
For documentation on this error, please visit: https://www.seleniumhq.org/exceptions/no_such_element.html
Build info: version: '3.141.59', revision: 'e82be7d358', time: '2018-11-14T08:17:03'
System info: host: 'VAMSIREDDY-PC', ip: '192.168.225.71', os.name: 'Windows 7', os.arch: 'amd64', os.version: '6.1', java.version: '1.8.0_291'
Driver info: org.openqa.selenium.chrome.ChromeDriver
Capabilities {acceptInsecureCerts: false, browserName: chrome, browserVersion: 90.0.4430.93, chrome: {chromedriverVersion: 90.0.4430.24 (4c6d850f087da..., userDataDir: C:\Users\VAMSIR~1\AppData\L...}, goog:chromeOptions: {debuggerAddress: localhost:57716}, javascriptEnabled: true, networkConnectionEnabled: false, pageLoadStrategy: normal, platform: WINDOWS, platformName: WINDOWS, proxy: Proxy(), setWindowRect: true, strictFileInteractability: false, timeouts: {implicit: 0, pageLoad: 300000, script: 30000}, unhandledPromptBehavior: dismiss and notify, webauthn:extension:largeBlob: true, webauthn:virtualAuthenticators: true}
Session ID: f0ede851e7e482d95f5e3f5222aa1edb
*** Element info: {Using=css selector, value=html>body>div>div>section>div>div>form>div>div:nth-of-type(5)>div>table>tbody>tr:nth-of-type(1)>td:nth-of-type(2)}
	at org.openqa.selenium.remote.http.W3CHttpResponseCodec.createException(W3CHttpResponseCodec.java:187)
	at org.openqa.selenium.remote.http.W3CHttpResponseCodec.decode(W3CHttpResponseCodec.java:122)
	at org.openqa.selenium.remote.http.W3CHttpResponseCodec.decode(W3CHttpResponseCodec.java:49)
	at org.openqa.selenium.remote.HttpCommandExecutor.execute(HttpCommandExecutor.java:158)
	at org.openqa.selenium.remote.service.DriverCommandExecutor.execute(DriverCommandExecutor.java:83)
	at org.openqa.selenium.remote.RemoteWebDriver.execute(RemoteWebDriver.java:552)
	at org.openqa.selenium.remote.RemoteWebDriver.findElement(RemoteWebDriver.java:323)
	at org.openqa.selenium.remote.RemoteWebDriver.findElementByCssSelector(RemoteWebDriver.java:420)
	at org.openqa.selenium.By$ByCssSelector.findElement(By.java:431)
	at org.openqa.selenium.remote.RemoteWebDriver.findElement(RemoteWebDriver.java:315)
	at com.ps.Test.Surveys.priceoverride(Surveys.java:422)
... Removed 29 stack frames]]>
    </failure>
  </testcase> <!-- priceoverride -->
</testsuite> <!-- Normal Test -->
