<html>
<head>
<title>TestNG:  SoftLaunch</title>
<link href="../testng.css" rel="stylesheet" type="text/css" />
<link href="../my-testng.css" rel="stylesheet" type="text/css" />

<style type="text/css">
.log { display: none;} 
.stack-trace { display: none;} 
</style>
<script type="text/javascript">
<!--
function flip(e) {
  current = e.style.display;
  if (current == 'block') {
    e.style.display = 'none';
    return 0;
  }
  else {
    e.style.display = 'block';
    return 1;
  }
}

function toggleBox(szDivId, elem, msg1, msg2)
{
  var res = -1;  if (document.getElementById) {
    res = flip(document.getElementById(szDivId));
  }
  else if (document.all) {
    // this is the way old msie versions work
    res = flip(document.all[szDivId]);
  }
  if(elem) {
    if(res == 0) elem.innerHTML = msg1; else elem.innerHTML = msg2;
  }

}

function toggleAllBoxes() {
  if (document.getElementsByTagName) {
    d = document.getElementsByTagName('div');
    for (i = 0; i < d.length; i++) {
      if (d[i].className == 'log') {
        flip(d[i]);
      }
    }
  }
}

// -->
</script>

</head>
<body>
<h2 align='center'>SoftLaunch</h2><table border='1' align="center">
<tr>
<td>Tests passed/Failed/Skipped:</td><td>0/1/3</td>
</tr><tr>
<td>Started on:</td><td>Tue May 11 13:42:34 IST 2021</td>
</tr>
<tr><td>Total time:</td><td>3646 seconds (3646731 ms)</td>
</tr><tr>
<td>Included groups:</td><td></td>
</tr><tr>
<td>Excluded groups:</td><td></td>
</tr>
</table><p/>
<small><i>(Hover the method name to see the test class name)</i></small><p/>
<table width='100%' border='1' class='invocation-failed'>
<tr><td colspan='4' align='center'><b>FAILED TESTS</b></td></tr>
<tr><td><b>Test method</b></td>
<td width="30%"><b>Exception</b></td>
<td width="10%"><b>Time (seconds)</b></td>
<td><b>Instance</b></td>
</tr>
<tr>
<td title='com.ps.testcases.TC_Softlaunch.Softlaunch1()'><b>Softlaunch1</b><br>Test class: com.ps.testcases.TC_Softlaunch<br/>
<a href="#Output-618698910" onClick='toggleBox("Output-618698910", this, "Show output", "Hide output");'>Show output</a>

<a href="#Output-618698910" onClick="toggleAllBoxes();">Show all outputs</a>
<div class='log' id="Output-618698910">
Starting test is Softlaunch1<br/>
Test failed Softlaunch1<br/>
</div>
</td>
<td><div><pre>org.openqa.selenium.WebDriverException: chrome not reachable
  (Session info: chrome=90.0.4430.93)
Build info: version: &apos;3.141.59&apos;, revision: &apos;e82be7d358&apos;, time: &apos;2018-11-14T08:17:03&apos;
System info: host: &apos;VAMSIREDDY-PC&apos;, ip: &apos;192.168.225.71&apos;, os.name: &apos;Windows 7&apos;, os.arch: &apos;amd64&apos;, os.version: &apos;6.1&apos;, java.version: &apos;1.8.0_291&apos;
Driver info: org.openqa.selenium.chrome.ChromeDriver
Capabilities {acceptInsecureCerts: false, browserName: chrome, browserVersion: 90.0.4430.93, chrome: {chromedriverVersion: 90.0.4430.24 (4c6d850f087da..., userDataDir: C:\Users\VAMSIR~1\AppData\L...}, goog:chromeOptions: {debuggerAddress: localhost:57716}, javascriptEnabled: true, networkConnectionEnabled: false, pageLoadStrategy: normal, platform: WINDOWS, platformName: WINDOWS, proxy: Proxy(), setWindowRect: true, strictFileInteractability: false, timeouts: {implicit: 0, pageLoad: 300000, script: 30000}, unhandledPromptBehavior: dismiss and notify, webauthn:extension:largeBlob: true, webauthn:virtualAuthenticators: true}
Session ID: f0ede851e7e482d95f5e3f5222aa1edb
	at org.openqa.selenium.remote.http.W3CHttpResponseCodec.createException(W3CHttpResponseCodec.java:187)
	at org.openqa.selenium.remote.http.W3CHttpResponseCodec.decode(W3CHttpResponseCodec.java:122)
	at org.openqa.selenium.remote.http.W3CHttpResponseCodec.decode(W3CHttpResponseCodec.java:49)
	at org.openqa.selenium.remote.HttpCommandExecutor.execute(HttpCommandExecutor.java:158)
	at org.openqa.selenium.remote.service.DriverCommandExecutor.execute(DriverCommandExecutor.java:83)
	at org.openqa.selenium.remote.RemoteWebDriver.execute(RemoteWebDriver.java:552)
	at org.openqa.selenium.remote.RemoteWebDriver.execute(RemoteWebDriver.java:609)
	at org.openqa.selenium.remote.RemoteWebDriver$RemoteNavigation.refresh(RemoteWebDriver.java:865)
	at com.ps.Test.Login.Buyerlogin(Login.java:52)
	at com.ps.Test.Surveys.Defaultsurvey(Surveys.java:21)
	at com.ps.testcases.TC_Softlaunch.softlaunch(TC_Softlaunch.java:19)
	at com.ps.testcases.TC_Softlaunch.Softlaunch1(TC_Softlaunch.java:209)
... Removed 29 stack frames</pre></div><a href='#' onClick='toggleBox("stack-trace618698910", this, "Click to show all stack frames", "Click to hide stack frames")'>Click to show all stack frames</a>
<div class='stack-trace' id='stack-trace618698910'><pre>org.openqa.selenium.WebDriverException: chrome not reachable
  (Session info: chrome=90.0.4430.93)
Build info: version: &apos;3.141.59&apos;, revision: &apos;e82be7d358&apos;, time: &apos;2018-11-14T08:17:03&apos;
System info: host: &apos;VAMSIREDDY-PC&apos;, ip: &apos;192.168.225.71&apos;, os.name: &apos;Windows 7&apos;, os.arch: &apos;amd64&apos;, os.version: &apos;6.1&apos;, java.version: &apos;1.8.0_291&apos;
Driver info: org.openqa.selenium.chrome.ChromeDriver
Capabilities {acceptInsecureCerts: false, browserName: chrome, browserVersion: 90.0.4430.93, chrome: {chromedriverVersion: 90.0.4430.24 (4c6d850f087da..., userDataDir: C:\Users\VAMSIR~1\AppData\L...}, goog:chromeOptions: {debuggerAddress: localhost:57716}, javascriptEnabled: true, networkConnectionEnabled: false, pageLoadStrategy: normal, platform: WINDOWS, platformName: WINDOWS, proxy: Proxy(), setWindowRect: true, strictFileInteractability: false, timeouts: {implicit: 0, pageLoad: 300000, script: 30000}, unhandledPromptBehavior: dismiss and notify, webauthn:extension:largeBlob: true, webauthn:virtualAuthenticators: true}
Session ID: f0ede851e7e482d95f5e3f5222aa1edb
	at sun.reflect.NativeConstructorAccessorImpl.newInstance0(Native Method)
	at sun.reflect.NativeConstructorAccessorImpl.newInstance(Unknown Source)
	at sun.reflect.DelegatingConstructorAccessorImpl.newInstance(Unknown Source)
	at java.lang.reflect.Constructor.newInstance(Unknown Source)
	at org.openqa.selenium.remote.http.W3CHttpResponseCodec.createException(W3CHttpResponseCodec.java:187)
	at org.openqa.selenium.remote.http.W3CHttpResponseCodec.decode(W3CHttpResponseCodec.java:122)
	at org.openqa.selenium.remote.http.W3CHttpResponseCodec.decode(W3CHttpResponseCodec.java:49)
	at org.openqa.selenium.remote.HttpCommandExecutor.execute(HttpCommandExecutor.java:158)
	at org.openqa.selenium.remote.service.DriverCommandExecutor.execute(DriverCommandExecutor.java:83)
	at org.openqa.selenium.remote.RemoteWebDriver.execute(RemoteWebDriver.java:552)
	at org.openqa.selenium.remote.RemoteWebDriver.execute(RemoteWebDriver.java:609)
	at org.openqa.selenium.remote.RemoteWebDriver$RemoteNavigation.refresh(RemoteWebDriver.java:865)
	at com.ps.Test.Login.Buyerlogin(Login.java:52)
	at com.ps.Test.Surveys.Defaultsurvey(Surveys.java:21)
	at com.ps.testcases.TC_Softlaunch.softlaunch(TC_Softlaunch.java:19)
	at com.ps.testcases.TC_Softlaunch.Softlaunch1(TC_Softlaunch.java:209)
	at sun.reflect.NativeMethodAccessorImpl.invoke0(Native Method)
	at sun.reflect.NativeMethodAccessorImpl.invoke(Unknown Source)
	at sun.reflect.DelegatingMethodAccessorImpl.invoke(Unknown Source)
	at java.lang.reflect.Method.invoke(Unknown Source)
	at org.testng.internal.MethodInvocationHelper.invokeMethod(MethodInvocationHelper.java:108)
	at org.testng.internal.Invoker.invokeMethod(Invoker.java:661)
	at org.testng.internal.Invoker.retryFailed(Invoker.java:1014)
	at org.testng.internal.Invoker.invokeTestMethods(Invoker.java:1215)
	at org.testng.internal.TestMethodWorker.invokeTestMethods(TestMethodWorker.java:126)
	at org.testng.internal.TestMethodWorker.run(TestMethodWorker.java:109)
	at org.testng.TestRunner.privateRun(TestRunner.java:744)
	at org.testng.TestRunner.run(TestRunner.java:602)
	at org.testng.SuiteRunner.runTest(SuiteRunner.java:380)
	at org.testng.SuiteRunner.runSequentially(SuiteRunner.java:375)
	at org.testng.SuiteRunner.privateRun(SuiteRunner.java:340)
	at org.testng.SuiteRunner.run(SuiteRunner.java:289)
	at org.testng.SuiteRunnerWorker.runSuite(SuiteRunnerWorker.java:52)
	at org.testng.SuiteRunnerWorker.run(SuiteRunnerWorker.java:86)
	at org.testng.TestNG.runSuitesSequentially(TestNG.java:1301)
	at org.testng.TestNG.runSuitesLocally(TestNG.java:1226)
	at org.testng.TestNG.runSuites(TestNG.java:1144)
	at org.testng.TestNG.run(TestNG.java:1115)
	at org.testng.remote.AbstractRemoteTestNG.run(AbstractRemoteTestNG.java:115)
	at org.testng.remote.RemoteTestNG.initAndRun(RemoteTestNG.java:251)
	at org.testng.remote.RemoteTestNG.main(RemoteTestNG.java:77)
</pre></div></td>
<td>8</td>
<td>com.ps.testcases.TC_Softlaunch@7671cb68</td></tr>
</table><p>
<table width='100%' border='1' class='invocation-skipped'>
<tr><td colspan='4' align='center'><b>SKIPPED TESTS</b></td></tr>
<tr><td><b>Test method</b></td>
<td width="30%"><b>Exception</b></td>
<td width="10%"><b>Time (seconds)</b></td>
<td><b>Instance</b></td>
</tr>
<tr>
<td title='com.ps.testcases.TC_Softlaunch.Softlaunch1()'><b>Softlaunch1</b><br>Test class: com.ps.testcases.TC_Softlaunch<br/>
<a href="#Output-2050964420" onClick='toggleBox("Output-2050964420", this, "Show output", "Hide output");'>Show output</a>

<a href="#Output-2050964420" onClick="toggleAllBoxes();">Show all outputs</a>
<div class='log' id="Output-2050964420">
Starting test is Softlaunch1<br/>
Entered Into Login Page<br/>
Buyer Login Successfully<br/>
Buyer Login Successful<br/>
Create Survey Page opened<br/>
Meta Data Entered Successfully<br/>
Survey Created Successfully<br/>
Buyer Login Successful<br/>
Search Working Fine<br/>
Entered Into Login Page<br/>
Entered Into Login Page<br/>
Entered Into Login Page<br/>
Entered Into Login Page<br/>
Entered Into Login Page<br/>
Entered Into Login Page<br/>
Entered Into Login Page<br/>
Entered Into Login Page<br/>
Entered Into Login Page<br/>
Entered Into Login Page<br/>
Entered Into Login Page<br/>
Entered Into Login Page<br/>
Entered Into Login Page<br/>
Entered Into Login Page<br/>
Entered Into Login Page<br/>
Entered Into Login Page<br/>
Entered Into Login Page<br/>
Entered Into Login Page<br/>
Entered Into Login Page<br/>
Entered Into Login Page<br/>
Entered Into Login Page<br/>
Entered Into Login Page<br/>
Entered Into Login Page<br/>
Entered Into Login Page<br/>
Entered Into Login Page<br/>
Entered Into Login Page<br/>
Entered Into Login Page<br/>
Entered Into Login Page<br/>
Entered Into Login Page<br/>
Entered Into Login Page<br/>
Entered Into Login Page<br/>
Entered Into Login Page<br/>
Entered Into Login Page<br/>
Entered Into Login Page<br/>
Entered Into Login Page<br/>
Entered Into Login Page<br/>
Entered Into Login Page<br/>
Entered Into Login Page<br/>
Entered Into Login Page<br/>
Entered Into Login Page<br/>
Entered Into Login Page<br/>
Entered Into Login Page<br/>
Entered Into Login Page<br/>
Entered Into Login Page<br/>
Entered Into Login Page<br/>
Entered Into Login Page<br/>
Entered Into Login Page<br/>
Entered Into Login Page<br/>
Entered Into Login Page<br/>
Entered Into Login Page<br/>
Entered Into Login Page<br/>
Entered Into Login Page<br/>
Entered Into Login Page<br/>
Entered Into Login Page<br/>
Entered Into Login Page<br/>
Entered Into Login Page<br/>
Entered Into Login Page<br/>
Entered Into Login Page<br/>
Entered Into Login Page<br/>
Entered Into Login Page<br/>
Entered Into Login Page<br/>
Entered Into Login Page<br/>
Entered Into Login Page<br/>
Entered Into Login Page<br/>
Entered Into Login Page<br/>
Entered Into Login Page<br/>
Entered Into Login Page<br/>
Entered Into Login Page<br/>
Entered Into Login Page<br/>
Entered Into Login Page<br/>
Entered Into Login Page<br/>
Entered Into Login Page<br/>
Entered Into Login Page<br/>
Entered Into Login Page<br/>
Entered Into Login Page<br/>
Entered Into Login Page<br/>
Entered Into Login Page<br/>
Entered Into Login Page<br/>
Entered Into Login Page<br/>
Entered Into Login Page<br/>
Entered Into Login Page<br/>
Entered Into Login Page<br/>
Entered Into Login Page<br/>
Entered Into Login Page<br/>
Entered Into Login Page<br/>
Entered Into Login Page<br/>
Entered Into Login Page<br/>
Entered Into Login Page<br/>
Entered Into Login Page<br/>
Entered Into Login Page<br/>
Entered Into Login Page<br/>
Entered Into Login Page<br/>
Entered Into Login Page<br/>
Entered Into Login Page<br/>
Entered Into Login Page<br/>
Entered Into Login Page<br/>
Entered Into Login Page<br/>
Entered Into Login Page<br/>
Entered Into Login Page<br/>
Entered Into Login Page<br/>
Entered Into Login Page<br/>
Entered Into Login Page<br/>
Entered Into Login Page<br/>
Entered Into Login Page<br/>
Buyer Login Successfully<br/>
Buyer Login Successful<br/>
Buyer Login Successful<br/>
Search Working Fine<br/>
Entered Into Login Page<br/>
Entered Into Login Page<br/>
Entered Into Login Page<br/>
Entered Into Login Page<br/>
Entered Into Login Page<br/>
Entered Into Login Page<br/>
Entered Into Login Page<br/>
Entered Into Login Page<br/>
Entered Into Login Page<br/>
Entered Into Login Page<br/>
Entered Into Login Page<br/>
Entered Into Login Page<br/>
Entered Into Login Page<br/>
Entered Into Login Page<br/>
Entered Into Login Page<br/>
Entered Into Login Page<br/>
Entered Into Login Page<br/>
Entered Into Login Page<br/>
Entered Into Login Page<br/>
Entered Into Login Page<br/>
Entered Into Login Page<br/>
Entered Into Login Page<br/>
Entered Into Login Page<br/>
Entered Into Login Page<br/>
Entered Into Login Page<br/>
Entered Into Login Page<br/>
Entered Into Login Page<br/>
Entered Into Login Page<br/>
Entered Into Login Page<br/>
Entered Into Login Page<br/>
Entered Into Login Page<br/>
Entered Into Login Page<br/>
Entered Into Login Page<br/>
Entered Into Login Page<br/>
Entered Into Login Page<br/>
Entered Into Login Page<br/>
Entered Into Login Page<br/>
Entered Into Login Page<br/>
Entered Into Login Page<br/>
Entered Into Login Page<br/>
Entered Into Login Page<br/>
Entered Into Login Page<br/>
Entered Into Login Page<br/>
Entered Into Login Page<br/>
Entered Into Login Page<br/>
Entered Into Login Page<br/>
Entered Into Login Page<br/>
Entered Into Login Page<br/>
Entered Into Login Page<br/>
Entered Into Login Page<br/>
Entered Into Login Page<br/>
Entered Into Login Page<br/>
Entered Into Login Page<br/>
Entered Into Login Page<br/>
Entered Into Login Page<br/>
Entered Into Login Page<br/>
Entered Into Login Page<br/>
Entered Into Login Page<br/>
Entered Into Login Page<br/>
Entered Into Login Page<br/>
Entered Into Login Page<br/>
Entered Into Login Page<br/>
Entered Into Login Page<br/>
Entered Into Login Page<br/>
Test Skipped Softlaunch1<br/>
</div>
</td>
<td><div><pre>org.openqa.selenium.WebDriverException: chrome not reachable
  (Session info: chrome=90.0.4430.93)
Build info: version: &apos;3.141.59&apos;, revision: &apos;e82be7d358&apos;, time: &apos;2018-11-14T08:17:03&apos;
System info: host: &apos;VAMSIREDDY-PC&apos;, ip: &apos;192.168.225.71&apos;, os.name: &apos;Windows 7&apos;, os.arch: &apos;amd64&apos;, os.version: &apos;6.1&apos;, java.version: &apos;1.8.0_291&apos;
Driver info: org.openqa.selenium.chrome.ChromeDriver
Capabilities {acceptInsecureCerts: false, browserName: chrome, browserVersion: 90.0.4430.93, chrome: {chromedriverVersion: 90.0.4430.24 (4c6d850f087da..., userDataDir: C:\Users\VAMSIR~1\AppData\L...}, goog:chromeOptions: {debuggerAddress: localhost:57716}, javascriptEnabled: true, networkConnectionEnabled: false, pageLoadStrategy: normal, platform: WINDOWS, platformName: WINDOWS, proxy: Proxy(), setWindowRect: true, strictFileInteractability: false, timeouts: {implicit: 0, pageLoad: 300000, script: 30000}, unhandledPromptBehavior: dismiss and notify, webauthn:extension:largeBlob: true, webauthn:virtualAuthenticators: true}
Session ID: f0ede851e7e482d95f5e3f5222aa1edb
	at org.openqa.selenium.remote.http.W3CHttpResponseCodec.createException(W3CHttpResponseCodec.java:187)
	at org.openqa.selenium.remote.http.W3CHttpResponseCodec.decode(W3CHttpResponseCodec.java:122)
	at org.openqa.selenium.remote.http.W3CHttpResponseCodec.decode(W3CHttpResponseCodec.java:49)
	at org.openqa.selenium.remote.HttpCommandExecutor.execute(HttpCommandExecutor.java:158)
	at org.openqa.selenium.remote.service.DriverCommandExecutor.execute(DriverCommandExecutor.java:83)
	at org.openqa.selenium.remote.RemoteWebDriver.execute(RemoteWebDriver.java:552)
	at org.openqa.selenium.remote.RemoteWebDriver.execute(RemoteWebDriver.java:609)
	at org.openqa.selenium.remote.RemoteWebDriver$RemoteNavigation.refresh(RemoteWebDriver.java:865)
	at com.ps.Test.Login.Buyerlogin(Login.java:52)
	at com.ps.Test.Login.Buyerlogin(Login.java:54)
	at com.ps.Test.Login.Buyerlogin(Login.java:54)
	at com.ps.Test.Login.Buyerlogin(Login.java:54)
	at com.ps.Test.Login.Buyerlogin(Login.java:54)
	at com.ps.Test.Login.Buyerlogin(Login.java:54)
	at com.ps.Test.Login.Buyerlogin(Login.java:54)
	at com.ps.Test.Login.Buyerlogin(Login.java:54)
	at com.ps.Test.Login.Buyerlogin(Login.java:54)
	at com.ps.Test.Login.Buyerlogin(Login.java:54)
	at com.ps.Test.Login.Buyerlogin(Login.java:54)
	at com.ps.Test.Login.Buyerlogin(Login.java:54)
	at com.ps.Test.Login.Buyerlogin(Login.java:54)
	at com.ps.Test.Login.Buyerlogin(Login.java:54)
	at com.ps.Test.Login.Buyerlogin(Login.java:54)
	at com.ps.Test.Login.Buyerlogin(Login.java:54)
	at com.ps.Test.Login.Buyerlogin(Login.java:54)
	at com.ps.Test.Login.Buyerlogin(Login.java:54)
	at com.ps.Test.Login.Buyerlogin(Login.java:54)
	at com.ps.Test.Login.Buyerlogin(Login.java:54)
	at com.ps.Test.Login.Buyerlogin(Login.java:54)
	at com.ps.Test.Login.Buyerlogin(Login.java:54)
	at com.ps.Test.Login.Buyerlogin(Login.java:54)
	at com.ps.Test.Login.Buyerlogin(Login.java:54)
	at com.ps.Test.Login.Buyerlogin(Login.java:54)
	at com.ps.Test.Login.Buyerlogin(Login.java:54)
	at com.ps.Test.Login.Buyerlogin(Login.java:54)
	at com.ps.Test.Login.Buyerlogin(Login.java:54)
	at com.ps.Test.Login.Buyerlogin(Login.java:54)
	at com.ps.Test.Login.Buyerlogin(Login.java:54)
	at com.ps.Test.Login.Buyerlogin(Login.java:54)
	at com.ps.Test.Login.Buyerlogin(Login.java:54)
	at com.ps.Test.Login.Buyerlogin(Login.java:54)
	at com.ps.Test.Login.Buyerlogin(Login.java:54)
	at com.ps.Test.Login.Buyerlogin(Login.java:54)
	at com.ps.Test.Login.Buyerlogin(Login.java:54)
	at com.ps.Test.Login.Buyerlogin(Login.java:54)
	at com.ps.Test.Login.Buyerlogin(Login.java:54)
	at com.ps.Test.Login.Buyerlogin(Login.java:54)
	at com.ps.Test.Login.Buyerlogin(Login.java:54)
	at com.ps.Test.Login.Buyerlogin(Login.java:54)
	at com.ps.Test.Login.Buyerlogin(Login.java:54)
	at com.ps.Test.Login.Buyerlogin(Login.java:54)
	at com.ps.Test.Login.Buyerlogin(Login.java:54)
	at com.ps.Test.Login.Buyerlogin(Login.java:54)
	at com.ps.Test.Login.Buyerlogin(Login.java:54)
	at com.ps.Test.Login.Buyerlogin(Login.java:54)
	at com.ps.Test.Login.Buyerlogin(Login.java:54)
	at com.ps.Test.Login.Buyerlogin(Login.java:54)
	at com.ps.Test.Login.Buyerlogin(Login.java:54)
	at com.ps.Test.Login.Buyerlogin(Login.java:54)
	at com.ps.Test.Login.Buyerlogin(Login.java:54)
	at com.ps.Test.Login.Buyerlogin(Login.java:54)
	at com.ps.Test.Login.Buyerlogin(Login.java:54)
	at com.ps.Test.Login.Buyerlogin(Login.java:54)
	at com.ps.Test.Login.Buyerlogin(Login.java:54)
	at com.ps.Test.Login.Buyerlogin(Login.java:54)
	at com.ps.Test.Login.Buyerlogin(Login.java:54)
	at com.ps.Test.Login.Buyerlogin(Login.java:54)
	at com.ps.Test.Login.Buyerlogin(Login.java:54)
	at com.ps.Test.Login.Buyerlogin(Login.java:54)
	at com.ps.Test.Login.Buyerlogin(Login.java:54)
	at com.ps.Test.Login.Buyerlogin(Login.java:54)
	at com.ps.Test.Login.Buyerlogin(Login.java:54)
	at com.ps.testcases.TC_Softlaunch.respondent(TC_Softlaunch.java:133)
	at com.ps.testcases.TC_Softlaunch.Softlaunch1(TC_Softlaunch.java:213)
... Removed 29 stack frames</pre></div><a href='#' onClick='toggleBox("stack-trace2050964420", this, "Click to show all stack frames", "Click to hide stack frames")'>Click to show all stack frames</a>
<div class='stack-trace' id='stack-trace2050964420'><pre>org.openqa.selenium.WebDriverException: chrome not reachable
  (Session info: chrome=90.0.4430.93)
Build info: version: &apos;3.141.59&apos;, revision: &apos;e82be7d358&apos;, time: &apos;2018-11-14T08:17:03&apos;
System info: host: &apos;VAMSIREDDY-PC&apos;, ip: &apos;192.168.225.71&apos;, os.name: &apos;Windows 7&apos;, os.arch: &apos;amd64&apos;, os.version: &apos;6.1&apos;, java.version: &apos;1.8.0_291&apos;
Driver info: org.openqa.selenium.chrome.ChromeDriver
Capabilities {acceptInsecureCerts: false, browserName: chrome, browserVersion: 90.0.4430.93, chrome: {chromedriverVersion: 90.0.4430.24 (4c6d850f087da..., userDataDir: C:\Users\VAMSIR~1\AppData\L...}, goog:chromeOptions: {debuggerAddress: localhost:57716}, javascriptEnabled: true, networkConnectionEnabled: false, pageLoadStrategy: normal, platform: WINDOWS, platformName: WINDOWS, proxy: Proxy(), setWindowRect: true, strictFileInteractability: false, timeouts: {implicit: 0, pageLoad: 300000, script: 30000}, unhandledPromptBehavior: dismiss and notify, webauthn:extension:largeBlob: true, webauthn:virtualAuthenticators: true}
Session ID: f0ede851e7e482d95f5e3f5222aa1edb
	at sun.reflect.NativeConstructorAccessorImpl.newInstance0(Native Method)
	at sun.reflect.NativeConstructorAccessorImpl.newInstance(Unknown Source)
	at sun.reflect.DelegatingConstructorAccessorImpl.newInstance(Unknown Source)
	at java.lang.reflect.Constructor.newInstance(Unknown Source)
	at org.openqa.selenium.remote.http.W3CHttpResponseCodec.createException(W3CHttpResponseCodec.java:187)
	at org.openqa.selenium.remote.http.W3CHttpResponseCodec.decode(W3CHttpResponseCodec.java:122)
	at org.openqa.selenium.remote.http.W3CHttpResponseCodec.decode(W3CHttpResponseCodec.java:49)
	at org.openqa.selenium.remote.HttpCommandExecutor.execute(HttpCommandExecutor.java:158)
	at org.openqa.selenium.remote.service.DriverCommandExecutor.execute(DriverCommandExecutor.java:83)
	at org.openqa.selenium.remote.RemoteWebDriver.execute(RemoteWebDriver.java:552)
	at org.openqa.selenium.remote.RemoteWebDriver.execute(RemoteWebDriver.java:609)
	at org.openqa.selenium.remote.RemoteWebDriver$RemoteNavigation.refresh(RemoteWebDriver.java:865)
	at com.ps.Test.Login.Buyerlogin(Login.java:52)
	at com.ps.Test.Login.Buyerlogin(Login.java:54)
	at com.ps.Test.Login.Buyerlogin(Login.java:54)
	at com.ps.Test.Login.Buyerlogin(Login.java:54)
	at com.ps.Test.Login.Buyerlogin(Login.java:54)
	at com.ps.Test.Login.Buyerlogin(Login.java:54)
	at com.ps.Test.Login.Buyerlogin(Login.java:54)
	at com.ps.Test.Login.Buyerlogin(Login.java:54)
	at com.ps.Test.Login.Buyerlogin(Login.java:54)
	at com.ps.Test.Login.Buyerlogin(Login.java:54)
	at com.ps.Test.Login.Buyerlogin(Login.java:54)
	at com.ps.Test.Login.Buyerlogin(Login.java:54)
	at com.ps.Test.Login.Buyerlogin(Login.java:54)
	at com.ps.Test.Login.Buyerlogin(Login.java:54)
	at com.ps.Test.Login.Buyerlogin(Login.java:54)
	at com.ps.Test.Login.Buyerlogin(Login.java:54)
	at com.ps.Test.Login.Buyerlogin(Login.java:54)
	at com.ps.Test.Login.Buyerlogin(Login.java:54)
	at com.ps.Test.Login.Buyerlogin(Login.java:54)
	at com.ps.Test.Login.Buyerlogin(Login.java:54)
	at com.ps.Test.Login.Buyerlogin(Login.java:54)
	at com.ps.Test.Login.Buyerlogin(Login.java:54)
	at com.ps.Test.Login.Buyerlogin(Login.java:54)
	at com.ps.Test.Login.Buyerlogin(Login.java:54)
	at com.ps.Test.Login.Buyerlogin(Login.java:54)
	at com.ps.Test.Login.Buyerlogin(Login.java:54)
	at com.ps.Test.Login.Buyerlogin(Login.java:54)
	at com.ps.Test.Login.Buyerlogin(Login.java:54)
	at com.ps.Test.Login.Buyerlogin(Login.java:54)
	at com.ps.Test.Login.Buyerlogin(Login.java:54)
	at com.ps.Test.Login.Buyerlogin(Login.java:54)
	at com.ps.Test.Login.Buyerlogin(Login.java:54)
	at com.ps.Test.Login.Buyerlogin(Login.java:54)
	at com.ps.Test.Login.Buyerlogin(Login.java:54)
	at com.ps.Test.Login.Buyerlogin(Login.java:54)
	at com.ps.Test.Login.Buyerlogin(Login.java:54)
	at com.ps.Test.Login.Buyerlogin(Login.java:54)
	at com.ps.Test.Login.Buyerlogin(Login.java:54)
	at com.ps.Test.Login.Buyerlogin(Login.java:54)
	at com.ps.Test.Login.Buyerlogin(Login.java:54)
	at com.ps.Test.Login.Buyerlogin(Login.java:54)
	at com.ps.Test.Login.Buyerlogin(Login.java:54)
	at com.ps.Test.Login.Buyerlogin(Login.java:54)
	at com.ps.Test.Login.Buyerlogin(Login.java:54)
	at com.ps.Test.Login.Buyerlogin(Login.java:54)
	at com.ps.Test.Login.Buyerlogin(Login.java:54)
	at com.ps.Test.Login.Buyerlogin(Login.java:54)
	at com.ps.Test.Login.Buyerlogin(Login.java:54)
	at com.ps.Test.Login.Buyerlogin(Login.java:54)
	at com.ps.Test.Login.Buyerlogin(Login.java:54)
	at com.ps.Test.Login.Buyerlogin(Login.java:54)
	at com.ps.Test.Login.Buyerlogin(Login.java:54)
	at com.ps.Test.Login.Buyerlogin(Login.java:54)
	at com.ps.Test.Login.Buyerlogin(Login.java:54)
	at com.ps.Test.Login.Buyerlogin(Login.java:54)
	at com.ps.Test.Login.Buyerlogin(Login.java:54)
	at com.ps.Test.Login.Buyerlogin(Login.java:54)
	at com.ps.Test.Login.Buyerlogin(Login.java:54)
	at com.ps.Test.Login.Buyerlogin(Login.java:54)
	at com.ps.Test.Login.Buyerlogin(Login.java:54)
	at com.ps.Test.Login.Buyerlogin(Login.java:54)
	at com.ps.Test.Login.Buyerlogin(Login.java:54)
	at com.ps.Test.Login.Buyerlogin(Login.java:54)
	at com.ps.Test.Login.Buyerlogin(Login.java:54)
	at com.ps.testcases.TC_Softlaunch.respondent(TC_Softlaunch.java:133)
	at com.ps.testcases.TC_Softlaunch.Softlaunch1(TC_Softlaunch.java:213)
	at sun.reflect.NativeMethodAccessorImpl.invoke0(Native Method)
	at sun.reflect.NativeMethodAccessorImpl.invoke(Unknown Source)
	at sun.reflect.DelegatingMethodAccessorImpl.invoke(Unknown Source)
	at java.lang.reflect.Method.invoke(Unknown Source)
	at org.testng.internal.MethodInvocationHelper.invokeMethod(MethodInvocationHelper.java:108)
	at org.testng.internal.Invoker.invokeMethod(Invoker.java:661)
	at org.testng.internal.Invoker.invokeTestMethod(Invoker.java:869)
	at org.testng.internal.Invoker.invokeTestMethods(Invoker.java:1193)
	at org.testng.internal.TestMethodWorker.invokeTestMethods(TestMethodWorker.java:126)
	at org.testng.internal.TestMethodWorker.run(TestMethodWorker.java:109)
	at org.testng.TestRunner.privateRun(TestRunner.java:744)
	at org.testng.TestRunner.run(TestRunner.java:602)
	at org.testng.SuiteRunner.runTest(SuiteRunner.java:380)
	at org.testng.SuiteRunner.runSequentially(SuiteRunner.java:375)
	at org.testng.SuiteRunner.privateRun(SuiteRunner.java:340)
	at org.testng.SuiteRunner.run(SuiteRunner.java:289)
	at org.testng.SuiteRunnerWorker.runSuite(SuiteRunnerWorker.java:52)
	at org.testng.SuiteRunnerWorker.run(SuiteRunnerWorker.java:86)
	at org.testng.TestNG.runSuitesSequentially(TestNG.java:1301)
	at org.testng.TestNG.runSuitesLocally(TestNG.java:1226)
	at org.testng.TestNG.runSuites(TestNG.java:1144)
	at org.testng.TestNG.run(TestNG.java:1115)
	at org.testng.remote.AbstractRemoteTestNG.run(AbstractRemoteTestNG.java:115)
	at org.testng.remote.RemoteTestNG.initAndRun(RemoteTestNG.java:251)
	at org.testng.remote.RemoteTestNG.main(RemoteTestNG.java:77)
</pre></div></td>
<td>3618</td>
<td>com.ps.testcases.TC_Softlaunch@7671cb68</td></tr>
<tr>
<td title='com.ps.testcases.TC_Softlaunch.Softlaunch1()'><b>Softlaunch1</b><br>Test class: com.ps.testcases.TC_Softlaunch<br/>
<a href="#Output-217674641" onClick='toggleBox("Output-217674641", this, "Show output", "Hide output");'>Show output</a>

<a href="#Output-217674641" onClick="toggleAllBoxes();">Show all outputs</a>
<div class='log' id="Output-217674641">
Starting test is Softlaunch1<br/>
Test Skipped Softlaunch1<br/>
</div>
</td>
<td><div><pre>org.openqa.selenium.WebDriverException: chrome not reachable
  (Session info: chrome=90.0.4430.93)
Build info: version: &apos;3.141.59&apos;, revision: &apos;e82be7d358&apos;, time: &apos;2018-11-14T08:17:03&apos;
System info: host: &apos;VAMSIREDDY-PC&apos;, ip: &apos;192.168.225.71&apos;, os.name: &apos;Windows 7&apos;, os.arch: &apos;amd64&apos;, os.version: &apos;6.1&apos;, java.version: &apos;1.8.0_291&apos;
Driver info: org.openqa.selenium.chrome.ChromeDriver
Capabilities {acceptInsecureCerts: false, browserName: chrome, browserVersion: 90.0.4430.93, chrome: {chromedriverVersion: 90.0.4430.24 (4c6d850f087da..., userDataDir: C:\Users\VAMSIR~1\AppData\L...}, goog:chromeOptions: {debuggerAddress: localhost:57716}, javascriptEnabled: true, networkConnectionEnabled: false, pageLoadStrategy: normal, platform: WINDOWS, platformName: WINDOWS, proxy: Proxy(), setWindowRect: true, strictFileInteractability: false, timeouts: {implicit: 0, pageLoad: 300000, script: 30000}, unhandledPromptBehavior: dismiss and notify, webauthn:extension:largeBlob: true, webauthn:virtualAuthenticators: true}
Session ID: f0ede851e7e482d95f5e3f5222aa1edb
	at org.openqa.selenium.remote.http.W3CHttpResponseCodec.createException(W3CHttpResponseCodec.java:187)
	at org.openqa.selenium.remote.http.W3CHttpResponseCodec.decode(W3CHttpResponseCodec.java:122)
	at org.openqa.selenium.remote.http.W3CHttpResponseCodec.decode(W3CHttpResponseCodec.java:49)
	at org.openqa.selenium.remote.HttpCommandExecutor.execute(HttpCommandExecutor.java:158)
	at org.openqa.selenium.remote.service.DriverCommandExecutor.execute(DriverCommandExecutor.java:83)
	at org.openqa.selenium.remote.RemoteWebDriver.execute(RemoteWebDriver.java:552)
	at org.openqa.selenium.remote.RemoteWebDriver.execute(RemoteWebDriver.java:609)
	at org.openqa.selenium.remote.RemoteWebDriver$RemoteNavigation.refresh(RemoteWebDriver.java:865)
	at com.ps.Test.Login.Buyerlogin(Login.java:52)
	at com.ps.Test.Surveys.Defaultsurvey(Surveys.java:21)
	at com.ps.testcases.TC_Softlaunch.softlaunch(TC_Softlaunch.java:19)
	at com.ps.testcases.TC_Softlaunch.Softlaunch1(TC_Softlaunch.java:209)
... Removed 29 stack frames</pre></div><a href='#' onClick='toggleBox("stack-trace217674641", this, "Click to show all stack frames", "Click to hide stack frames")'>Click to show all stack frames</a>
<div class='stack-trace' id='stack-trace217674641'><pre>org.openqa.selenium.WebDriverException: chrome not reachable
  (Session info: chrome=90.0.4430.93)
Build info: version: &apos;3.141.59&apos;, revision: &apos;e82be7d358&apos;, time: &apos;2018-11-14T08:17:03&apos;
System info: host: &apos;VAMSIREDDY-PC&apos;, ip: &apos;192.168.225.71&apos;, os.name: &apos;Windows 7&apos;, os.arch: &apos;amd64&apos;, os.version: &apos;6.1&apos;, java.version: &apos;1.8.0_291&apos;
Driver info: org.openqa.selenium.chrome.ChromeDriver
Capabilities {acceptInsecureCerts: false, browserName: chrome, browserVersion: 90.0.4430.93, chrome: {chromedriverVersion: 90.0.4430.24 (4c6d850f087da..., userDataDir: C:\Users\VAMSIR~1\AppData\L...}, goog:chromeOptions: {debuggerAddress: localhost:57716}, javascriptEnabled: true, networkConnectionEnabled: false, pageLoadStrategy: normal, platform: WINDOWS, platformName: WINDOWS, proxy: Proxy(), setWindowRect: true, strictFileInteractability: false, timeouts: {implicit: 0, pageLoad: 300000, script: 30000}, unhandledPromptBehavior: dismiss and notify, webauthn:extension:largeBlob: true, webauthn:virtualAuthenticators: true}
Session ID: f0ede851e7e482d95f5e3f5222aa1edb
	at sun.reflect.NativeConstructorAccessorImpl.newInstance0(Native Method)
	at sun.reflect.NativeConstructorAccessorImpl.newInstance(Unknown Source)
	at sun.reflect.DelegatingConstructorAccessorImpl.newInstance(Unknown Source)
	at java.lang.reflect.Constructor.newInstance(Unknown Source)
	at org.openqa.selenium.remote.http.W3CHttpResponseCodec.createException(W3CHttpResponseCodec.java:187)
	at org.openqa.selenium.remote.http.W3CHttpResponseCodec.decode(W3CHttpResponseCodec.java:122)
	at org.openqa.selenium.remote.http.W3CHttpResponseCodec.decode(W3CHttpResponseCodec.java:49)
	at org.openqa.selenium.remote.HttpCommandExecutor.execute(HttpCommandExecutor.java:158)
	at org.openqa.selenium.remote.service.DriverCommandExecutor.execute(DriverCommandExecutor.java:83)
	at org.openqa.selenium.remote.RemoteWebDriver.execute(RemoteWebDriver.java:552)
	at org.openqa.selenium.remote.RemoteWebDriver.execute(RemoteWebDriver.java:609)
	at org.openqa.selenium.remote.RemoteWebDriver$RemoteNavigation.refresh(RemoteWebDriver.java:865)
	at com.ps.Test.Login.Buyerlogin(Login.java:52)
	at com.ps.Test.Surveys.Defaultsurvey(Surveys.java:21)
	at com.ps.testcases.TC_Softlaunch.softlaunch(TC_Softlaunch.java:19)
	at com.ps.testcases.TC_Softlaunch.Softlaunch1(TC_Softlaunch.java:209)
	at sun.reflect.NativeMethodAccessorImpl.invoke0(Native Method)
	at sun.reflect.NativeMethodAccessorImpl.invoke(Unknown Source)
	at sun.reflect.DelegatingMethodAccessorImpl.invoke(Unknown Source)
	at java.lang.reflect.Method.invoke(Unknown Source)
	at org.testng.internal.MethodInvocationHelper.invokeMethod(MethodInvocationHelper.java:108)
	at org.testng.internal.Invoker.invokeMethod(Invoker.java:661)
	at org.testng.internal.Invoker.retryFailed(Invoker.java:1014)
	at org.testng.internal.Invoker.invokeTestMethods(Invoker.java:1215)
	at org.testng.internal.TestMethodWorker.invokeTestMethods(TestMethodWorker.java:126)
	at org.testng.internal.TestMethodWorker.run(TestMethodWorker.java:109)
	at org.testng.TestRunner.privateRun(TestRunner.java:744)
	at org.testng.TestRunner.run(TestRunner.java:602)
	at org.testng.SuiteRunner.runTest(SuiteRunner.java:380)
	at org.testng.SuiteRunner.runSequentially(SuiteRunner.java:375)
	at org.testng.SuiteRunner.privateRun(SuiteRunner.java:340)
	at org.testng.SuiteRunner.run(SuiteRunner.java:289)
	at org.testng.SuiteRunnerWorker.runSuite(SuiteRunnerWorker.java:52)
	at org.testng.SuiteRunnerWorker.run(SuiteRunnerWorker.java:86)
	at org.testng.TestNG.runSuitesSequentially(TestNG.java:1301)
	at org.testng.TestNG.runSuitesLocally(TestNG.java:1226)
	at org.testng.TestNG.runSuites(TestNG.java:1144)
	at org.testng.TestNG.run(TestNG.java:1115)
	at org.testng.remote.AbstractRemoteTestNG.run(AbstractRemoteTestNG.java:115)
	at org.testng.remote.RemoteTestNG.initAndRun(RemoteTestNG.java:251)
	at org.testng.remote.RemoteTestNG.main(RemoteTestNG.java:77)
</pre></div></td>
<td>8</td>
<td>com.ps.testcases.TC_Softlaunch@7671cb68</td></tr>
<tr>
<td title='com.ps.testcases.TC_Softlaunch.Softlaunch1()'><b>Softlaunch1</b><br>Test class: com.ps.testcases.TC_Softlaunch<br/>
<a href="#Output-2031579108" onClick='toggleBox("Output-2031579108", this, "Show output", "Hide output");'>Show output</a>

<a href="#Output-2031579108" onClick="toggleAllBoxes();">Show all outputs</a>
<div class='log' id="Output-2031579108">
Starting test is Softlaunch1<br/>
Test Skipped Softlaunch1<br/>
</div>
</td>
<td><div><pre>org.openqa.selenium.WebDriverException: chrome not reachable
  (Session info: chrome=90.0.4430.93)
Build info: version: &apos;3.141.59&apos;, revision: &apos;e82be7d358&apos;, time: &apos;2018-11-14T08:17:03&apos;
System info: host: &apos;VAMSIREDDY-PC&apos;, ip: &apos;192.168.225.71&apos;, os.name: &apos;Windows 7&apos;, os.arch: &apos;amd64&apos;, os.version: &apos;6.1&apos;, java.version: &apos;1.8.0_291&apos;
Driver info: org.openqa.selenium.chrome.ChromeDriver
Capabilities {acceptInsecureCerts: false, browserName: chrome, browserVersion: 90.0.4430.93, chrome: {chromedriverVersion: 90.0.4430.24 (4c6d850f087da..., userDataDir: C:\Users\VAMSIR~1\AppData\L...}, goog:chromeOptions: {debuggerAddress: localhost:57716}, javascriptEnabled: true, networkConnectionEnabled: false, pageLoadStrategy: normal, platform: WINDOWS, platformName: WINDOWS, proxy: Proxy(), setWindowRect: true, strictFileInteractability: false, timeouts: {implicit: 0, pageLoad: 300000, script: 30000}, unhandledPromptBehavior: dismiss and notify, webauthn:extension:largeBlob: true, webauthn:virtualAuthenticators: true}
Session ID: f0ede851e7e482d95f5e3f5222aa1edb
	at org.openqa.selenium.remote.http.W3CHttpResponseCodec.createException(W3CHttpResponseCodec.java:187)
	at org.openqa.selenium.remote.http.W3CHttpResponseCodec.decode(W3CHttpResponseCodec.java:122)
	at org.openqa.selenium.remote.http.W3CHttpResponseCodec.decode(W3CHttpResponseCodec.java:49)
	at org.openqa.selenium.remote.HttpCommandExecutor.execute(HttpCommandExecutor.java:158)
	at org.openqa.selenium.remote.service.DriverCommandExecutor.execute(DriverCommandExecutor.java:83)
	at org.openqa.selenium.remote.RemoteWebDriver.execute(RemoteWebDriver.java:552)
	at org.openqa.selenium.remote.RemoteWebDriver.execute(RemoteWebDriver.java:609)
	at org.openqa.selenium.remote.RemoteWebDriver$RemoteNavigation.refresh(RemoteWebDriver.java:865)
	at com.ps.Test.Login.Buyerlogin(Login.java:52)
	at com.ps.Test.Surveys.Defaultsurvey(Surveys.java:21)
	at com.ps.testcases.TC_Softlaunch.softlaunch(TC_Softlaunch.java:19)
	at com.ps.testcases.TC_Softlaunch.Softlaunch1(TC_Softlaunch.java:209)
... Removed 29 stack frames</pre></div><a href='#' onClick='toggleBox("stack-trace2031579108", this, "Click to show all stack frames", "Click to hide stack frames")'>Click to show all stack frames</a>
<div class='stack-trace' id='stack-trace2031579108'><pre>org.openqa.selenium.WebDriverException: chrome not reachable
  (Session info: chrome=90.0.4430.93)
Build info: version: &apos;3.141.59&apos;, revision: &apos;e82be7d358&apos;, time: &apos;2018-11-14T08:17:03&apos;
System info: host: &apos;VAMSIREDDY-PC&apos;, ip: &apos;192.168.225.71&apos;, os.name: &apos;Windows 7&apos;, os.arch: &apos;amd64&apos;, os.version: &apos;6.1&apos;, java.version: &apos;1.8.0_291&apos;
Driver info: org.openqa.selenium.chrome.ChromeDriver
Capabilities {acceptInsecureCerts: false, browserName: chrome, browserVersion: 90.0.4430.93, chrome: {chromedriverVersion: 90.0.4430.24 (4c6d850f087da..., userDataDir: C:\Users\VAMSIR~1\AppData\L...}, goog:chromeOptions: {debuggerAddress: localhost:57716}, javascriptEnabled: true, networkConnectionEnabled: false, pageLoadStrategy: normal, platform: WINDOWS, platformName: WINDOWS, proxy: Proxy(), setWindowRect: true, strictFileInteractability: false, timeouts: {implicit: 0, pageLoad: 300000, script: 30000}, unhandledPromptBehavior: dismiss and notify, webauthn:extension:largeBlob: true, webauthn:virtualAuthenticators: true}
Session ID: f0ede851e7e482d95f5e3f5222aa1edb
	at sun.reflect.NativeConstructorAccessorImpl.newInstance0(Native Method)
	at sun.reflect.NativeConstructorAccessorImpl.newInstance(Unknown Source)
	at sun.reflect.DelegatingConstructorAccessorImpl.newInstance(Unknown Source)
	at java.lang.reflect.Constructor.newInstance(Unknown Source)
	at org.openqa.selenium.remote.http.W3CHttpResponseCodec.createException(W3CHttpResponseCodec.java:187)
	at org.openqa.selenium.remote.http.W3CHttpResponseCodec.decode(W3CHttpResponseCodec.java:122)
	at org.openqa.selenium.remote.http.W3CHttpResponseCodec.decode(W3CHttpResponseCodec.java:49)
	at org.openqa.selenium.remote.HttpCommandExecutor.execute(HttpCommandExecutor.java:158)
	at org.openqa.selenium.remote.service.DriverCommandExecutor.execute(DriverCommandExecutor.java:83)
	at org.openqa.selenium.remote.RemoteWebDriver.execute(RemoteWebDriver.java:552)
	at org.openqa.selenium.remote.RemoteWebDriver.execute(RemoteWebDriver.java:609)
	at org.openqa.selenium.remote.RemoteWebDriver$RemoteNavigation.refresh(RemoteWebDriver.java:865)
	at com.ps.Test.Login.Buyerlogin(Login.java:52)
	at com.ps.Test.Surveys.Defaultsurvey(Surveys.java:21)
	at com.ps.testcases.TC_Softlaunch.softlaunch(TC_Softlaunch.java:19)
	at com.ps.testcases.TC_Softlaunch.Softlaunch1(TC_Softlaunch.java:209)
	at sun.reflect.NativeMethodAccessorImpl.invoke0(Native Method)
	at sun.reflect.NativeMethodAccessorImpl.invoke(Unknown Source)
	at sun.reflect.DelegatingMethodAccessorImpl.invoke(Unknown Source)
	at java.lang.reflect.Method.invoke(Unknown Source)
	at org.testng.internal.MethodInvocationHelper.invokeMethod(MethodInvocationHelper.java:108)
	at org.testng.internal.Invoker.invokeMethod(Invoker.java:661)
	at org.testng.internal.Invoker.retryFailed(Invoker.java:1014)
	at org.testng.internal.Invoker.invokeTestMethods(Invoker.java:1215)
	at org.testng.internal.TestMethodWorker.invokeTestMethods(TestMethodWorker.java:126)
	at org.testng.internal.TestMethodWorker.run(TestMethodWorker.java:109)
	at org.testng.TestRunner.privateRun(TestRunner.java:744)
	at org.testng.TestRunner.run(TestRunner.java:602)
	at org.testng.SuiteRunner.runTest(SuiteRunner.java:380)
	at org.testng.SuiteRunner.runSequentially(SuiteRunner.java:375)
	at org.testng.SuiteRunner.privateRun(SuiteRunner.java:340)
	at org.testng.SuiteRunner.run(SuiteRunner.java:289)
	at org.testng.SuiteRunnerWorker.runSuite(SuiteRunnerWorker.java:52)
	at org.testng.SuiteRunnerWorker.run(SuiteRunnerWorker.java:86)
	at org.testng.TestNG.runSuitesSequentially(TestNG.java:1301)
	at org.testng.TestNG.runSuitesLocally(TestNG.java:1226)
	at org.testng.TestNG.runSuites(TestNG.java:1144)
	at org.testng.TestNG.run(TestNG.java:1115)
	at org.testng.remote.AbstractRemoteTestNG.run(AbstractRemoteTestNG.java:115)
	at org.testng.remote.RemoteTestNG.initAndRun(RemoteTestNG.java:251)
	at org.testng.remote.RemoteTestNG.main(RemoteTestNG.java:77)
</pre></div></td>
<td>8</td>
<td>com.ps.testcases.TC_Softlaunch@7671cb68</td></tr>
</table><p>
</body>
</html>