<?xml version="1.0" encoding="UTF-8"?>
<!-- Generated by org.testng.reporters.JUnitXMLReporter -->
<testsuite ignored="0" hostname="VamsiReddy-PC" failures="3" tests="21" name="Normal Test" time="439.025" errors="0" timestamp="05 May 2021 05:39:09 GMT">
  <testcase classname="com.ps.Test.Surveys" name="Defaultsurvey" time="30.219"/>
  <testcase classname="com.ps.Test.Surveys" name="Search" time="3.076"/>
  <testcase classname="com.ps.Test.Surveys" name="VerifyDashboard" time="3.123"/>
  <testcase classname="com.ps.Test.Surveys" name="addingQuotas" time="11.191"/>
  <testcase classname="com.ps.Test.Surveys" name="VerifyDashboardAAQ" time="0.934">
    <skipped/>
  </testcase> <!-- VerifyDashboardAAQ -->
  <testcase classname="com.ps.Test.Surveys" name="VerifyDashboardAAQ" time="0.128">
    <skipped/>
  </testcase> <!-- VerifyDashboardAAQ -->
  <testcase classname="com.ps.Test.Surveys" name="VerifyDashboardAAQ" time="0.145">
    <skipped/>
  </testcase> <!-- VerifyDashboardAAQ -->
  <testcase classname="com.ps.Test.Surveys" name="VerifyDashboardAAQ" time="0.134">
    <failure type="java.lang.AssertionError" message="expected [0 | 30] but found [0 | 60]">
      <![CDATA[java.lang.AssertionError: expected [0 | 30] but found [0 | 60]
	at com.ps.Test.Surveys.VerifyDashboardAAQ(Surveys.java:262)
... Removed 34 stack frames]]>
    </failure>
  </testcase> <!-- VerifyDashboardAAQ -->
  <testcase classname="com.ps.Test.Surveys" name="Suppliers" time="3.136">
    <skipped/>
  </testcase> <!-- Suppliers -->
  <testcase classname="com.ps.Test.Surveys" name="Suppliers" time="3.108">
    <skipped/>
  </testcase> <!-- Suppliers -->
  <testcase classname="com.ps.Test.Surveys" name="Suppliers" time="3.088">
    <skipped/>
  </testcase> <!-- Suppliers -->
  <testcase classname="com.ps.Test.Surveys" name="Suppliers" time="4.364"/>
  <testcase classname="com.ps.Test.Surveys" name="Respondentflow" time="0.0">
    <skipped/>
  </testcase> <!-- Respondentflow -->
  <testcase classname="com.ps.Test.Surveys" name="afterComplete" time="213.549">
    <skipped/>
  </testcase> <!-- afterComplete -->
  <testcase classname="com.ps.Test.Surveys" name="afterComplete" time="18.18">
    <skipped/>
  </testcase> <!-- afterComplete -->
  <testcase classname="com.ps.Test.Surveys" name="afterComplete" time="87.7">
    <skipped/>
  </testcase> <!-- afterComplete -->
  <testcase classname="com.ps.Test.Surveys" name="afterComplete" time="14.958">
    <failure type="java.lang.AssertionError" message="expected [0 | 30] but found [0 | 60]">
      <![CDATA[java.lang.AssertionError: expected [0 | 30] but found [0 | 60]
	at com.ps.Test.Surveys.afterComplete(Surveys.java:404)
... Removed 34 stack frames]]>
    </failure>
  </testcase> <!-- afterComplete -->
  <testcase classname="com.ps.Test.Surveys" name="priceoverride" time="10.084">
    <skipped/>
  </testcase> <!-- priceoverride -->
  <testcase classname="com.ps.Test.Surveys" name="priceoverride" time="10.049">
    <skipped/>
  </testcase> <!-- priceoverride -->
  <testcase classname="com.ps.Test.Surveys" name="priceoverride" time="10.067">
    <skipped/>
  </testcase> <!-- priceoverride -->
  <testcase classname="com.ps.Test.Surveys" name="priceoverride" time="10.051">
    <failure type="org.openqa.selenium.NoSuchElementException" message="no such element: Unable to locate element: {&amp;quot;method&amp;quot;:&amp;quot;xpath&amp;quot;,&amp;quot;selector&amp;quot;:&amp;quot;(//footer//div//ul//li)[3]&amp;quot;}
  (Session info: chrome=90.0.4430.93)
For documentation on this error, please visit: https://www.seleniumhq.org/exceptions/no_such_element.html
Build info: version: &amp;apos;3.141.59&amp;apos;, revision: &amp;apos;e82be7d358&amp;apos;, time: &amp;apos;2018-11-14T08:17:03&amp;apos;
System info: host: &amp;apos;VAMSIREDDY-PC&amp;apos;, ip: &amp;apos;192.168.225.71&amp;apos;, os.name: &amp;apos;Windows 7&amp;apos;, os.arch: &amp;apos;amd64&amp;apos;, os.version: &amp;apos;6.1&amp;apos;, java.version: &amp;apos;16.0.1&amp;apos;
Driver info: org.openqa.selenium.chrome.ChromeDriver
Capabilities {acceptInsecureCerts: false, browserName: chrome, browserVersion: 90.0.4430.93, chrome: {chromedriverVersion: 90.0.4430.24 (4c6d850f087da..., userDataDir: C:\Users\VAMSIR~1\AppData\L...}, goog:chromeOptions: {debuggerAddress: localhost:54779}, javascriptEnabled: true, networkConnectionEnabled: false, pageLoadStrategy: normal, platform: WINDOWS, platformName: WINDOWS, proxy: Proxy(), setWindowRect: true, strictFileInteractability: false, timeouts: {implicit: 0, pageLoad: 300000, script: 30000}, unhandledPromptBehavior: dismiss and notify, webauthn:extension:largeBlob: true, webauthn:virtualAuthenticators: true}
Session ID: 09e963723a293d9bdca76d70b485a705
*** Element info: {Using=xpath, value=(//footer//div//ul//li)[3]}">
      <![CDATA[org.openqa.selenium.NoSuchElementException: no such element: Unable to locate element: {"method":"xpath","selector":"(//footer//div//ul//li)[3]"}
  (Session info: chrome=90.0.4430.93)
For documentation on this error, please visit: https://www.seleniumhq.org/exceptions/no_such_element.html
Build info: version: '3.141.59', revision: 'e82be7d358', time: '2018-11-14T08:17:03'
System info: host: 'VAMSIREDDY-PC', ip: '192.168.225.71', os.name: 'Windows 7', os.arch: 'amd64', os.version: '6.1', java.version: '16.0.1'
Driver info: org.openqa.selenium.chrome.ChromeDriver
Capabilities {acceptInsecureCerts: false, browserName: chrome, browserVersion: 90.0.4430.93, chrome: {chromedriverVersion: 90.0.4430.24 (4c6d850f087da..., userDataDir: C:\Users\VAMSIR~1\AppData\L...}, goog:chromeOptions: {debuggerAddress: localhost:54779}, javascriptEnabled: true, networkConnectionEnabled: false, pageLoadStrategy: normal, platform: WINDOWS, platformName: WINDOWS, proxy: Proxy(), setWindowRect: true, strictFileInteractability: false, timeouts: {implicit: 0, pageLoad: 300000, script: 30000}, unhandledPromptBehavior: dismiss and notify, webauthn:extension:largeBlob: true, webauthn:virtualAuthenticators: true}
Session ID: 09e963723a293d9bdca76d70b485a705
*** Element info: {Using=xpath, value=(//footer//div//ul//li)[3]}
	at org.openqa.selenium.remote.http.W3CHttpResponseCodec.createException(W3CHttpResponseCodec.java:187)
	at org.openqa.selenium.remote.http.W3CHttpResponseCodec.decode(W3CHttpResponseCodec.java:122)
	at org.openqa.selenium.remote.http.W3CHttpResponseCodec.decode(W3CHttpResponseCodec.java:49)
	at org.openqa.selenium.remote.HttpCommandExecutor.execute(HttpCommandExecutor.java:158)
	at org.openqa.selenium.remote.service.DriverCommandExecutor.execute(DriverCommandExecutor.java:83)
	at org.openqa.selenium.remote.RemoteWebDriver.execute(RemoteWebDriver.java:552)
	at org.openqa.selenium.remote.RemoteWebDriver.findElement(RemoteWebDriver.java:323)
	at org.openqa.selenium.remote.RemoteWebDriver.findElementByXPath(RemoteWebDriver.java:428)
	at org.openqa.selenium.By$ByXPath.findElement(By.java:353)
	at org.openqa.selenium.remote.RemoteWebDriver.findElement(RemoteWebDriver.java:315)
	at com.ps.Test.Surveys.priceoverride(Surveys.java:427)
... Removed 32 stack frames]]>
    </failure>
  </testcase> <!-- priceoverride -->
</testsuite> <!-- Normal Test -->
