<html>
<head>
<title>TestNG:  QBP Survey</title>
<link href="../testng.css" rel="stylesheet" type="text/css" />
<link href="../my-testng.css" rel="stylesheet" type="text/css" />

<style type="text/css">
.log { display: none;} 
.stack-trace { display: none;} 
</style>
<script type="text/javascript">
<!--
function flip(e) {
  current = e.style.display;
  if (current == 'block') {
    e.style.display = 'none';
    return 0;
  }
  else {
    e.style.display = 'block';
    return 1;
  }
}

function toggleBox(szDivId, elem, msg1, msg2)
{
  var res = -1;  if (document.getElementById) {
    res = flip(document.getElementById(szDivId));
  }
  else if (document.all) {
    // this is the way old msie versions work
    res = flip(document.all[szDivId]);
  }
  if(elem) {
    if(res == 0) elem.innerHTML = msg1; else elem.innerHTML = msg2;
  }

}

function toggleAllBoxes() {
  if (document.getElementsByTagName) {
    d = document.getElementsByTagName('div');
    for (i = 0; i < d.length; i++) {
      if (d[i].className == 'log') {
        flip(d[i]);
      }
    }
  }
}

// -->
</script>

</head>
<body>
<h2 align='center'>QBP Survey</h2><table border='1' align="center">
<tr>
<td>Tests passed/Failed/Skipped:</td><td>3/1/3</td>
</tr><tr>
<td>Started on:</td><td>Wed May 05 11:09:09 IST 2021</td>
</tr>
<tr><td>Total time:</td><td>62 seconds (62098 ms)</td>
</tr><tr>
<td>Included groups:</td><td></td>
</tr><tr>
<td>Excluded groups:</td><td></td>
</tr>
</table><p/>
<small><i>(Hover the method name to see the test class name)</i></small><p/>
<table width='100%' border='1' class='invocation-failed'>
<tr><td colspan='4' align='center'><b>FAILED TESTS</b></td></tr>
<tr><td><b>Test method</b></td>
<td width="30%"><b>Exception</b></td>
<td width="10%"><b>Time (seconds)</b></td>
<td><b>Instance</b></td>
</tr>
<tr>
<td title='com.ps.Test.QBPTest.VerifyDashboard()'><b>VerifyDashboard</b><br>Test class: com.ps.Test.QBPTest<br/>
<a href="#Output-638404853" onClick='toggleBox("Output-638404853", this, "Show output", "Hide output");'>Show output</a>

<a href="#Output-638404853" onClick="toggleAllBoxes();">Show all outputs</a>
<div class='log' id="Output-638404853">
Starting test is VerifyDashboard<br/>
Survey Dashboard Verification Started<br/>
Click to see Screenshot<br/>
<a target="_blank" href=Wed_May_05_11_09_49_IST_2021.jpg>Screenshot</a><br/>
<br><br/>
<br><br/>
<a target="_blank" href=Wed_May_05_11_09_49_IST_2021.jpg><img src=Wed_May_05_11_09_49_IST_2021.jpg height=200 width=200></img></a><br/>
Test failed VerifyDashboard<br/>
</div>
</td>
<td><div><pre>java.lang.AssertionError: expected [0 | 30] but found [0 | 60]
	at com.ps.Test.QBPTest.VerifyDashboard(QBPTest.java:244)
... Removed 34 stack frames</pre></div><a href='#' onClick='toggleBox("stack-trace638404853", this, "Click to show all stack frames", "Click to hide stack frames")'>Click to show all stack frames</a>
<div class='stack-trace' id='stack-trace638404853'><pre>java.lang.AssertionError: expected [0 | 30] but found [0 | 60]
	at org.testng.Assert.fail(Assert.java:93)
	at org.testng.Assert.failNotEquals(Assert.java:512)
	at org.testng.Assert.assertEqualsImpl(Assert.java:134)
	at org.testng.Assert.assertEquals(Assert.java:115)
	at org.testng.Assert.assertEquals(Assert.java:189)
	at org.testng.Assert.assertEquals(Assert.java:199)
	at com.ps.Test.QBPTest.VerifyDashboard(QBPTest.java:244)
	at java.base/jdk.internal.reflect.NativeMethodAccessorImpl.invoke0(Native Method)
	at java.base/jdk.internal.reflect.NativeMethodAccessorImpl.invoke(NativeMethodAccessorImpl.java:78)
	at java.base/jdk.internal.reflect.DelegatingMethodAccessorImpl.invoke(DelegatingMethodAccessorImpl.java:43)
	at java.base/java.lang.reflect.Method.invoke(Method.java:567)
	at org.testng.internal.MethodInvocationHelper.invokeMethod(MethodInvocationHelper.java:108)
	at org.testng.internal.Invoker.invokeMethod(Invoker.java:661)
	at org.testng.internal.Invoker.retryFailed(Invoker.java:1014)
	at org.testng.internal.Invoker.invokeTestMethods(Invoker.java:1215)
	at org.testng.internal.TestMethodWorker.invokeTestMethods(TestMethodWorker.java:126)
	at org.testng.internal.TestMethodWorker.run(TestMethodWorker.java:109)
	at org.testng.TestRunner.privateRun(TestRunner.java:744)
	at org.testng.TestRunner.run(TestRunner.java:602)
	at org.testng.SuiteRunner.runTest(SuiteRunner.java:380)
	at org.testng.SuiteRunner.runSequentially(SuiteRunner.java:375)
	at org.testng.SuiteRunner.privateRun(SuiteRunner.java:340)
	at org.testng.SuiteRunner.run(SuiteRunner.java:289)
	at org.testng.SuiteRunnerWorker.runSuite(SuiteRunnerWorker.java:52)
	at org.testng.SuiteRunnerWorker.run(SuiteRunnerWorker.java:86)
	at org.testng.TestNG.runSuitesSequentially(TestNG.java:1301)
	at org.testng.TestNG.runSuitesLocally(TestNG.java:1226)
	at org.testng.TestNG.runSuites(TestNG.java:1144)
	at org.testng.TestNG.run(TestNG.java:1115)
	at org.apache.maven.surefire.testng.TestNGExecutor.run(TestNGExecutor.java:295)
	at org.apache.maven.surefire.testng.TestNGXmlTestSuite.execute(TestNGXmlTestSuite.java:84)
	at org.apache.maven.surefire.testng.TestNGProvider.invoke(TestNGProvider.java:90)
	at org.apache.maven.surefire.booter.ForkedBooter.invokeProviderInSameClassLoader(ForkedBooter.java:203)
	at org.apache.maven.surefire.booter.ForkedBooter.runSuitesInProcess(ForkedBooter.java:155)
	at org.apache.maven.surefire.booter.ForkedBooter.main(ForkedBooter.java:103)
</pre></div></td>
<td>0</td>
<td>com.ps.Test.QBPTest@302f7971</td></tr>
</table><p>
<table width='100%' border='1' class='invocation-passed'>
<tr><td colspan='4' align='center'><b>PASSED TESTS</b></td></tr>
<tr><td><b>Test method</b></td>
<td width="30%"><b>Exception</b></td>
<td width="10%"><b>Time (seconds)</b></td>
<td><b>Instance</b></td>
</tr>
<tr>
<td title='com.ps.Test.QBPTest.QBPSurvey()'><b>QBPSurvey</b><br>Test class: com.ps.Test.QBPTest<br/>
<a href="#Output-2055291664" onClick='toggleBox("Output-2055291664", this, "Show output", "Hide output");'>Show output</a>

<a href="#Output-2055291664" onClick="toggleAllBoxes();">Show all outputs</a>
<div class='log' id="Output-2055291664">
Starting test is QBPSurvey<br/>
Create Survey Page opened<br/>
Meta Data Entered Successfully<br/>
Gender Census Added Successfully<br/>
Supplier Selected<br/>
Entered to Finalize and launch Page<br/>
Survey Created Successfully<br/>
Test Passed QBPSurvey<br/>
</div>
</td>
<td></td>
<td>35</td>
<td>com.ps.Test.QBPTest@302f7971</td></tr>
<tr>
<td title='com.ps.Test.QBPTest.Search()'><b>Search</b><br>Test class: com.ps.Test.QBPTest<br/>
<a href="#Output-540537131" onClick='toggleBox("Output-540537131", this, "Show output", "Hide output");'>Show output</a>

<a href="#Output-540537131" onClick="toggleAllBoxes();">Show all outputs</a>
<div class='log' id="Output-540537131">
Starting test is Search<br/>
Buyer Login Successful<br/>
Search Working Fine<br/>
Test Passed Search<br/>
</div>
</td>
<td></td>
<td>3</td>
<td>com.ps.Test.QBPTest@302f7971</td></tr>
<tr>
<td title='com.ps.Test.QBPTest.VerifyCPIoverride()'><b>VerifyCPIoverride</b><br>Test class: com.ps.Test.QBPTest<br/>
<a href="#Output-2013205710" onClick='toggleBox("Output-2013205710", this, "Show output", "Hide output");'>Show output</a>

<a href="#Output-2013205710" onClick="toggleAllBoxes();">Show all outputs</a>
<div class='log' id="Output-2013205710">
Starting test is VerifyCPIoverride<br/>
Started VerifyCPIoverride <br/>
Entered QBP 1 CPI Value Successfully <br/>
Entered QBP 2 CPI Value Successfully <br/>
Selected Supplier Tab <br/>
Supplier CPI Verified Successfully <br/>
Test Passed VerifyCPIoverride<br/>
</div>
</td>
<td></td>
<td>21</td>
<td>com.ps.Test.QBPTest@302f7971</td></tr>
</table><p>
<table width='100%' border='1' class='invocation-skipped'>
<tr><td colspan='4' align='center'><b>SKIPPED TESTS</b></td></tr>
<tr><td><b>Test method</b></td>
<td width="30%"><b>Exception</b></td>
<td width="10%"><b>Time (seconds)</b></td>
<td><b>Instance</b></td>
</tr>
<tr>
<td title='com.ps.Test.QBPTest.VerifyDashboard()'><b>VerifyDashboard</b><br>Test class: com.ps.Test.QBPTest<br/>
<a href="#Output-871097584" onClick='toggleBox("Output-871097584", this, "Show output", "Hide output");'>Show output</a>

<a href="#Output-871097584" onClick="toggleAllBoxes();">Show all outputs</a>
<div class='log' id="Output-871097584">
Starting test is VerifyDashboard<br/>
Survey Dashboard Verification Started<br/>
Test Skipped VerifyDashboard<br/>
</div>
</td>
<td><div><pre>java.lang.AssertionError: expected [0 | 30] but found [0 | 60]
	at com.ps.Test.QBPTest.VerifyDashboard(QBPTest.java:244)
... Removed 34 stack frames</pre></div><a href='#' onClick='toggleBox("stack-trace871097584", this, "Click to show all stack frames", "Click to hide stack frames")'>Click to show all stack frames</a>
<div class='stack-trace' id='stack-trace871097584'><pre>java.lang.AssertionError: expected [0 | 30] but found [0 | 60]
	at org.testng.Assert.fail(Assert.java:93)
	at org.testng.Assert.failNotEquals(Assert.java:512)
	at org.testng.Assert.assertEqualsImpl(Assert.java:134)
	at org.testng.Assert.assertEquals(Assert.java:115)
	at org.testng.Assert.assertEquals(Assert.java:189)
	at org.testng.Assert.assertEquals(Assert.java:199)
	at com.ps.Test.QBPTest.VerifyDashboard(QBPTest.java:244)
	at java.base/jdk.internal.reflect.NativeMethodAccessorImpl.invoke0(Native Method)
	at java.base/jdk.internal.reflect.NativeMethodAccessorImpl.invoke(NativeMethodAccessorImpl.java:78)
	at java.base/jdk.internal.reflect.DelegatingMethodAccessorImpl.invoke(DelegatingMethodAccessorImpl.java:43)
	at java.base/java.lang.reflect.Method.invoke(Method.java:567)
	at org.testng.internal.MethodInvocationHelper.invokeMethod(MethodInvocationHelper.java:108)
	at org.testng.internal.Invoker.invokeMethod(Invoker.java:661)
	at org.testng.internal.Invoker.invokeTestMethod(Invoker.java:869)
	at org.testng.internal.Invoker.invokeTestMethods(Invoker.java:1193)
	at org.testng.internal.TestMethodWorker.invokeTestMethods(TestMethodWorker.java:126)
	at org.testng.internal.TestMethodWorker.run(TestMethodWorker.java:109)
	at org.testng.TestRunner.privateRun(TestRunner.java:744)
	at org.testng.TestRunner.run(TestRunner.java:602)
	at org.testng.SuiteRunner.runTest(SuiteRunner.java:380)
	at org.testng.SuiteRunner.runSequentially(SuiteRunner.java:375)
	at org.testng.SuiteRunner.privateRun(SuiteRunner.java:340)
	at org.testng.SuiteRunner.run(SuiteRunner.java:289)
	at org.testng.SuiteRunnerWorker.runSuite(SuiteRunnerWorker.java:52)
	at org.testng.SuiteRunnerWorker.run(SuiteRunnerWorker.java:86)
	at org.testng.TestNG.runSuitesSequentially(TestNG.java:1301)
	at org.testng.TestNG.runSuitesLocally(TestNG.java:1226)
	at org.testng.TestNG.runSuites(TestNG.java:1144)
	at org.testng.TestNG.run(TestNG.java:1115)
	at org.apache.maven.surefire.testng.TestNGExecutor.run(TestNGExecutor.java:295)
	at org.apache.maven.surefire.testng.TestNGXmlTestSuite.execute(TestNGXmlTestSuite.java:84)
	at org.apache.maven.surefire.testng.TestNGProvider.invoke(TestNGProvider.java:90)
	at org.apache.maven.surefire.booter.ForkedBooter.invokeProviderInSameClassLoader(ForkedBooter.java:203)
	at org.apache.maven.surefire.booter.ForkedBooter.runSuitesInProcess(ForkedBooter.java:155)
	at org.apache.maven.surefire.booter.ForkedBooter.main(ForkedBooter.java:103)
</pre></div></td>
<td>1</td>
<td>com.ps.Test.QBPTest@302f7971</td></tr>
<tr>
<td title='com.ps.Test.QBPTest.VerifyDashboard()'><b>VerifyDashboard</b><br>Test class: com.ps.Test.QBPTest<br/>
<a href="#Output-340715687" onClick='toggleBox("Output-340715687", this, "Show output", "Hide output");'>Show output</a>

<a href="#Output-340715687" onClick="toggleAllBoxes();">Show all outputs</a>
<div class='log' id="Output-340715687">
Starting test is VerifyDashboard<br/>
Survey Dashboard Verification Started<br/>
Test Skipped VerifyDashboard<br/>
</div>
</td>
<td><div><pre>java.lang.AssertionError: expected [0 | 30] but found [0 | 60]
	at com.ps.Test.QBPTest.VerifyDashboard(QBPTest.java:244)
... Removed 34 stack frames</pre></div><a href='#' onClick='toggleBox("stack-trace340715687", this, "Click to show all stack frames", "Click to hide stack frames")'>Click to show all stack frames</a>
<div class='stack-trace' id='stack-trace340715687'><pre>java.lang.AssertionError: expected [0 | 30] but found [0 | 60]
	at org.testng.Assert.fail(Assert.java:93)
	at org.testng.Assert.failNotEquals(Assert.java:512)
	at org.testng.Assert.assertEqualsImpl(Assert.java:134)
	at org.testng.Assert.assertEquals(Assert.java:115)
	at org.testng.Assert.assertEquals(Assert.java:189)
	at org.testng.Assert.assertEquals(Assert.java:199)
	at com.ps.Test.QBPTest.VerifyDashboard(QBPTest.java:244)
	at java.base/jdk.internal.reflect.NativeMethodAccessorImpl.invoke0(Native Method)
	at java.base/jdk.internal.reflect.NativeMethodAccessorImpl.invoke(NativeMethodAccessorImpl.java:78)
	at java.base/jdk.internal.reflect.DelegatingMethodAccessorImpl.invoke(DelegatingMethodAccessorImpl.java:43)
	at java.base/java.lang.reflect.Method.invoke(Method.java:567)
	at org.testng.internal.MethodInvocationHelper.invokeMethod(MethodInvocationHelper.java:108)
	at org.testng.internal.Invoker.invokeMethod(Invoker.java:661)
	at org.testng.internal.Invoker.retryFailed(Invoker.java:1014)
	at org.testng.internal.Invoker.invokeTestMethods(Invoker.java:1215)
	at org.testng.internal.TestMethodWorker.invokeTestMethods(TestMethodWorker.java:126)
	at org.testng.internal.TestMethodWorker.run(TestMethodWorker.java:109)
	at org.testng.TestRunner.privateRun(TestRunner.java:744)
	at org.testng.TestRunner.run(TestRunner.java:602)
	at org.testng.SuiteRunner.runTest(SuiteRunner.java:380)
	at org.testng.SuiteRunner.runSequentially(SuiteRunner.java:375)
	at org.testng.SuiteRunner.privateRun(SuiteRunner.java:340)
	at org.testng.SuiteRunner.run(SuiteRunner.java:289)
	at org.testng.SuiteRunnerWorker.runSuite(SuiteRunnerWorker.java:52)
	at org.testng.SuiteRunnerWorker.run(SuiteRunnerWorker.java:86)
	at org.testng.TestNG.runSuitesSequentially(TestNG.java:1301)
	at org.testng.TestNG.runSuitesLocally(TestNG.java:1226)
	at org.testng.TestNG.runSuites(TestNG.java:1144)
	at org.testng.TestNG.run(TestNG.java:1115)
	at org.apache.maven.surefire.testng.TestNGExecutor.run(TestNGExecutor.java:295)
	at org.apache.maven.surefire.testng.TestNGXmlTestSuite.execute(TestNGXmlTestSuite.java:84)
	at org.apache.maven.surefire.testng.TestNGProvider.invoke(TestNGProvider.java:90)
	at org.apache.maven.surefire.booter.ForkedBooter.invokeProviderInSameClassLoader(ForkedBooter.java:203)
	at org.apache.maven.surefire.booter.ForkedBooter.runSuitesInProcess(ForkedBooter.java:155)
	at org.apache.maven.surefire.booter.ForkedBooter.main(ForkedBooter.java:103)
</pre></div></td>
<td>0</td>
<td>com.ps.Test.QBPTest@302f7971</td></tr>
<tr>
<td title='com.ps.Test.QBPTest.VerifyDashboard()'><b>VerifyDashboard</b><br>Test class: com.ps.Test.QBPTest<br/>
<a href="#Output-328241052" onClick='toggleBox("Output-328241052", this, "Show output", "Hide output");'>Show output</a>

<a href="#Output-328241052" onClick="toggleAllBoxes();">Show all outputs</a>
<div class='log' id="Output-328241052">
Starting test is VerifyDashboard<br/>
Survey Dashboard Verification Started<br/>
Test Skipped VerifyDashboard<br/>
</div>
</td>
<td><div><pre>java.lang.AssertionError: expected [0 | 30] but found [0 | 60]
	at com.ps.Test.QBPTest.VerifyDashboard(QBPTest.java:244)
... Removed 34 stack frames</pre></div><a href='#' onClick='toggleBox("stack-trace328241052", this, "Click to show all stack frames", "Click to hide stack frames")'>Click to show all stack frames</a>
<div class='stack-trace' id='stack-trace328241052'><pre>java.lang.AssertionError: expected [0 | 30] but found [0 | 60]
	at org.testng.Assert.fail(Assert.java:93)
	at org.testng.Assert.failNotEquals(Assert.java:512)
	at org.testng.Assert.assertEqualsImpl(Assert.java:134)
	at org.testng.Assert.assertEquals(Assert.java:115)
	at org.testng.Assert.assertEquals(Assert.java:189)
	at org.testng.Assert.assertEquals(Assert.java:199)
	at com.ps.Test.QBPTest.VerifyDashboard(QBPTest.java:244)
	at java.base/jdk.internal.reflect.NativeMethodAccessorImpl.invoke0(Native Method)
	at java.base/jdk.internal.reflect.NativeMethodAccessorImpl.invoke(NativeMethodAccessorImpl.java:78)
	at java.base/jdk.internal.reflect.DelegatingMethodAccessorImpl.invoke(DelegatingMethodAccessorImpl.java:43)
	at java.base/java.lang.reflect.Method.invoke(Method.java:567)
	at org.testng.internal.MethodInvocationHelper.invokeMethod(MethodInvocationHelper.java:108)
	at org.testng.internal.Invoker.invokeMethod(Invoker.java:661)
	at org.testng.internal.Invoker.retryFailed(Invoker.java:1014)
	at org.testng.internal.Invoker.invokeTestMethods(Invoker.java:1215)
	at org.testng.internal.TestMethodWorker.invokeTestMethods(TestMethodWorker.java:126)
	at org.testng.internal.TestMethodWorker.run(TestMethodWorker.java:109)
	at org.testng.TestRunner.privateRun(TestRunner.java:744)
	at org.testng.TestRunner.run(TestRunner.java:602)
	at org.testng.SuiteRunner.runTest(SuiteRunner.java:380)
	at org.testng.SuiteRunner.runSequentially(SuiteRunner.java:375)
	at org.testng.SuiteRunner.privateRun(SuiteRunner.java:340)
	at org.testng.SuiteRunner.run(SuiteRunner.java:289)
	at org.testng.SuiteRunnerWorker.runSuite(SuiteRunnerWorker.java:52)
	at org.testng.SuiteRunnerWorker.run(SuiteRunnerWorker.java:86)
	at org.testng.TestNG.runSuitesSequentially(TestNG.java:1301)
	at org.testng.TestNG.runSuitesLocally(TestNG.java:1226)
	at org.testng.TestNG.runSuites(TestNG.java:1144)
	at org.testng.TestNG.run(TestNG.java:1115)
	at org.apache.maven.surefire.testng.TestNGExecutor.run(TestNGExecutor.java:295)
	at org.apache.maven.surefire.testng.TestNGXmlTestSuite.execute(TestNGXmlTestSuite.java:84)
	at org.apache.maven.surefire.testng.TestNGProvider.invoke(TestNGProvider.java:90)
	at org.apache.maven.surefire.booter.ForkedBooter.invokeProviderInSameClassLoader(ForkedBooter.java:203)
	at org.apache.maven.surefire.booter.ForkedBooter.runSuitesInProcess(ForkedBooter.java:155)
	at org.apache.maven.surefire.booter.ForkedBooter.main(ForkedBooter.java:103)
</pre></div></td>
<td>0</td>
<td>com.ps.Test.QBPTest@302f7971</td></tr>
</table><p>
</body>
</html>