<?xml version="1.0" encoding="UTF-8"?>
<!-- Generated by org.testng.reporters.JUnitXMLReporter -->
<testsuite ignored="0" hostname="VamsiReddy-PC" failures="1" tests="7" name="QBP Survey" time="62.098" errors="0" timestamp="05 May 2021 05:40:11 GMT">
  <testcase classname="com.ps.Test.QBPTest" name="QBPSurvey" time="35.444"/>
  <testcase classname="com.ps.Test.QBPTest" name="Search" time="3.121"/>
  <testcase classname="com.ps.Test.QBPTest" name="VerifyDashboard" time="1.227">
    <skipped/>
  </testcase> <!-- VerifyDashboard -->
  <testcase classname="com.ps.Test.QBPTest" name="VerifyDashboard" time="0.093">
    <skipped/>
  </testcase> <!-- VerifyDashboard -->
  <testcase classname="com.ps.Test.QBPTest" name="VerifyDashboard" time="0.084">
    <skipped/>
  </testcase> <!-- VerifyDashboard -->
  <testcase classname="com.ps.Test.QBPTest" name="VerifyDashboard" time="0.157">
    <failure type="java.lang.AssertionError" message="expected [0 | 30] but found [0 | 60]">
      <![CDATA[java.lang.AssertionError: expected [0 | 30] but found [0 | 60]
	at com.ps.Test.QBPTest.VerifyDashboard(QBPTest.java:244)
... Removed 34 stack frames]]>
    </failure>
  </testcase> <!-- VerifyDashboard -->
  <testcase classname="com.ps.Test.QBPTest" name="VerifyCPIoverride" time="21.715"/>
</testsuite> <!-- QBP Survey -->
